════════════════════════════════════════
[2025-05-27 18:48:59.395] FIN DE SESIÓN
════════════════════════════════════════
════════════════════════════════════════
[2025-05-27 18:20:00.660] [INFO]
Sensor 23 no requiere calibración: Valores dentro del rango esperado -40-125
════════════════════════════════════════
════════════════════════════════════════
[2025-05-20 23:58:43.127] FIN DE SESIÓN
════════════════════════════════════════
════════════════════════════════════════
[2025-05-20 17:12:40.383] [INFO]
Sensor 23 no requiere calibración: Valores dentro del rango esperado -40-125
════════════════════════════════════════
════════════════════════════════════════
[2025-05-13 22:12:12.838] FIN DE SESIÓN
════════════════════════════════════════
════════════════════════════════════════
[2025-05-13 21:36:37.190] [INFO]
Sensor 3 no requiere calibración: Valores dentro del rango esperado 0-100000
════════════════════════════════════════
════════════════════════════════════════
[2025-05-13 21:28:54.003] FIN DE SESIÓN
════════════════════════════════════════
════════════════════════════════════════
[2025-05-13 21:09:28.121] [INFO]
Sensor 3 no requiere calibración: Valores dentro del rango esperado 0-100000
════════════════════════════════════════
════════════════════════════════════════
[2025-05-13 21:07:22.782] FIN DE SESIÓN
════════════════════════════════════════
════════════════════════════════════════
[2025-05-13 21:00:01.566] [INFO]
Sensor 3 no requiere calibración: Valores dentro del rango esperado 0-100000
════════════════════════════════════════
════════════════════════════════════════
[2025-05-13 20:59:05.862] FIN DE SESIÓN
════════════════════════════════════════
════════════════════════════════════════
[2025-05-13 19:26:19.460] [INFO]
Sensor 3 no requiere calibración: Valores dentro del rango esperado 0-100000
════════════════════════════════════════
════════════════════════════════════════
[2025-05-13 19:25:16.506] FIN DE SESIÓN
════════════════════════════════════════
════════════════════════════════════════
[2025-05-12 23:01:00.720] [INFO]
Sensor 3 no requiere calibración: Valores dentro del rango esperado 0-100000
════════════════════════════════════════
════════════════════════════════════════
[2025-05-12 23:00:17.239] FIN DE SESIÓN
════════════════════════════════════════
════════════════════════════════════════
[2025-05-12 22:42:49.497] [INFO]
Sensor 3 no requiere calibración: Valores dentro del rango esperado 0-100000
════════════════════════════════════════
════════════════════════════════════════
[2025-05-12 22:28:36.554] FIN DE SESIÓN
════════════════════════════════════════
════════════════════════════════════════
[2025-05-12 21:45:16.293] [INFO]
Sensor 3 no requiere calibración: Valores dentro del rango esperado 0-100000
════════════════════════════════════════
════════════════════════════════════════
[2025-05-12 21:44:28.512] FIN DE SESIÓN
════════════════════════════════════════
════════════════════════════════════════
[2025-05-12 20:57:48.797] [INFO]
Sensor 3 no requiere calibración: Valores dentro del rango esperado 0-100000
════════════════════════════════════════
════════════════════════════════════════
[2025-05-12 20:52:28.971] [INFO]
Sensor 31 no requiere calibración: Valores dentro del rango esperado 400-5000
════════════════════════════════════════
════════════════════════════════════════
[2025-05-12 20:45:59.710] FIN DE SESIÓN
════════════════════════════════════════
════════════════════════════════════════
[2025-05-12 20:38:09.554] [INFO]
Sensor 31 no requiere calibración: Valores dentro del rango esperado 400-5000
════════════════════════════════════════
════════════════════════════════════════
[2025-05-12 20:37:22.501] FIN DE SESIÓN
════════════════════════════════════════
════════════════════════════════════════
[2025-05-12 20:20:19.799] [INFO]
Sensor 31 no requiere calibración: Valores dentro del rango esperado 400-5000
════════════════════════════════════════
════════════════════════════════════════
[2025-05-12 20:19:32.823] FIN DE SESIÓN
════════════════════════════════════════
════════════════════════════════════════
[2025-05-12 20:14:58.940] [INFO]
Sensor 31 no requiere calibración: Valores dentro del rango esperado 400-5000
════════════════════════════════════════
════════════════════════════════════════
[2025-05-12 20:13:51.375] FIN DE SESIÓN
════════════════════════════════════════
════════════════════════════════════════
[2025-05-12 20:03:00.236] [INFO]
Sensor 30 calibrado: Valor medio 650,902, Factor 100, Resultado 6,50902, Formato: x100
════════════════════════════════════════
════════════════════════════════════════
[2025-05-12 20:02:50.174] [INFO]
Sensor 30 calibrado: Valor medio 516,863, Factor 100, Resultado 5,16863, Formato: x100
════════════════════════════════════════
════════════════════════════════════════
[2025-05-12 20:02:40.123] [INFO]
Sensor 30 calibrado: Valor medio 542,739, Factor 100, Resultado 5,42739, Formato: x100
════════════════════════════════════════
════════════════════════════════════════
[2025-05-12 20:02:30.078] [INFO]
Sensor 30 calibrado: Valor medio 593,558, Factor 100, Resultado 5,93558, Formato: x100
════════════════════════════════════════
════════════════════════════════════════
[2025-05-12 20:02:20.014] [INFO]
Sensor 30 calibrado: Valor medio 498,891, Factor 100, Resultado 4,98891, Formato: x100
════════════════════════════════════════
════════════════════════════════════════
[2025-05-12 20:02:09.946] [INFO]
Sensor 30 calibrado: Valor medio 489,254, Factor 100, Resultado 4,89254, Formato: x100
════════════════════════════════════════
════════════════════════════════════════
[2025-05-12 20:01:59.876] [INFO]
Sensor 30 calibrado: Valor medio 544,468, Factor 100, Resultado 5,44468, Formato: x100
════════════════════════════════════════
════════════════════════════════════════
[2025-05-12 20:01:49.841] [INFO]
Sensor 30 calibrado: Valor medio 450,856, Factor 100, Resultado 4,50856, Formato: x100
════════════════════════════════════════
════════════════════════════════════════
[2025-05-12 20:01:39.786] [INFO]
Sensor 30 calibrado: Valor medio 291,303333333333, Factor 100, Resultado 2,91303333333333, Formato: x100
════════════════════════════════════════
