════════════════════════════════════════
[2025-02-23 12:42:03.249] [INFO]
Suscrito al sensor: ghj
  Topic: GH_638755955152757579_5eab9415/efghjhfcvbav
════════════════════════════════════════
════════════════════════════════════════
[2025-02-23 12:42:02.925] [INFO]
Suscrito al sensor: tyui
  Topic: GH_638755955152757579_5eab9415/DFGHJK
════════════════════════════════════════
════════════════════════════════════════
[2025-02-23 12:42:02.836] [INFO]
Suscrito al sensor: qwdqw
  Topic: GH_638755955152757579_5eab9415/7777777
════════════════════════════════════════
════════════════════════════════════════
[2025-02-23 12:42:02.089] [INFO]
Conectado al broker MQTT
════════════════════════════════════════
════════════════════════════════════════
[2025-02-23 12:41:56.721] [INFO]
Conectado al broker MQTT
════════════════════════════════════════
════════════════════════════════════════
[2025-02-23 12:41:49.633] [INFO]
Conectado al broker MQTT
════════════════════════════════════════
════════════════════════════════════════
[2025-02-23 12:41:43.854] [INFO]
Conectado al broker MQTT
════════════════════════════════════════
════════════════════════════════════════
[2025-02-23 12:41:38.332] [INFO]
Conectado al broker MQTT
════════════════════════════════════════
════════════════════════════════════════
[2025-02-23 12:41:33.165] [INFO]
Conectado al broker MQTT
════════════════════════════════════════
════════════════════════════════════════
[2025-02-23 12:41:27.888] [INFO]
Conectado al broker MQTT
════════════════════════════════════════
════════════════════════════════════════
[2025-02-23 12:41:06.943] [INFO]
Conectado al broker MQTT
════════════════════════════════════════
════════════════════════════════════════
[2025-02-23 12:41:00.835] [INFO]
Conectado al broker MQTT
════════════════════════════════════════
════════════════════════════════════════
[2025-02-23 12:40:55.569] [INFO]
Conectado al broker MQTT
════════════════════════════════════════
════════════════════════════════════════
[2025-02-23 12:40:50.316] [INFO]
Conectado al broker MQTT
════════════════════════════════════════
════════════════════════════════════════
[2025-02-23 12:40:30.511] [INFO]
Conectado al broker MQTT
════════════════════════════════════════
════════════════════════════════════════
[2025-02-23 12:40:21.958] [INFO]
Conectado al broker MQTT
════════════════════════════════════════
════════════════════════════════════════
[2025-02-23 12:40:01.326] [INFO]
Conectado al broker MQTT
════════════════════════════════════════
════════════════════════════════════════
[2025-02-23 12:39:56.160] [INFO]
Conectado al broker MQTT
════════════════════════════════════════
════════════════════════════════════════
[2025-02-23 12:39:40.624] [INFO]
Servicio iniciando...
════════════════════════════════════════
════════════════════════════════════════
[2025-02-23 02:47:56.762] [INFO]
Suscrito al sensor: ghj
  Topic: GH_638755955152757579_5eab9415/efghjhfcvbav
════════════════════════════════════════
════════════════════════════════════════
[2025-02-23 02:47:56.693] [INFO]
Suscrito al sensor: tyui
  Topic: GH_638755955152757579_5eab9415/DFGHJK
════════════════════════════════════════
════════════════════════════════════════
[2025-02-23 02:47:56.643] [INFO]
Suscrito al sensor: qwdqw
  Topic: GH_638755955152757579_5eab9415/7777777
════════════════════════════════════════
════════════════════════════════════════
[2025-02-23 02:47:52.718] [INFO]
Conectado al broker MQTT
════════════════════════════════════════
════════════════════════════════════════
[2025-02-23 02:47:47.590] [INFO]
Conectado al broker MQTT
════════════════════════════════════════
════════════════════════════════════════
[2025-02-23 02:47:32.697] [INFO]
Conectado al broker MQTT
════════════════════════════════════════
════════════════════════════════════════
[2025-02-23 02:47:27.567] [INFO]
Conectado al broker MQTT
════════════════════════════════════════
════════════════════════════════════════
[2025-02-23 02:47:22.424] [INFO]
Conectado al broker MQTT
════════════════════════════════════════
════════════════════════════════════════
[2025-02-23 02:47:17.290] [INFO]
Conectado al broker MQTT
════════════════════════════════════════
════════════════════════════════════════
[2025-02-23 02:46:57.320] [INFO]
Conectado al broker MQTT
════════════════════════════════════════
════════════════════════════════════════
[2025-02-23 02:46:52.130] [INFO]
Conectado al broker MQTT
════════════════════════════════════════
════════════════════════════════════════
[2025-02-23 02:46:46.963] [INFO]
Conectado al broker MQTT
════════════════════════════════════════
════════════════════════════════════════
[2025-02-23 02:46:41.850] [INFO]
Conectado al broker MQTT
════════════════════════════════════════
════════════════════════════════════════
[2025-02-23 02:46:22.079] [INFO]
Conectado al broker MQTT
════════════════════════════════════════
════════════════════════════════════════
[2025-02-23 02:46:16.912] [INFO]
Conectado al broker MQTT
════════════════════════════════════════
════════════════════════════════════════
[2025-02-23 02:45:57.035] [INFO]
Conectado al broker MQTT
════════════════════════════════════════
════════════════════════════════════════
[2025-02-23 02:45:51.900] [INFO]
Conectado al broker MQTT
════════════════════════════════════════
════════════════════════════════════════
[2025-02-23 02:45:36.594] [INFO]
Servicio iniciando...
════════════════════════════════════════
════════════════════════════════════════
[2025-02-20 19:31:12.717] [INFO]
Suscrito al sensor: qwdqw
  Topic: GH_638755955152757579_5eab9415/7777777
════════════════════════════════════════
════════════════════════════════════════
[2025-02-20 19:31:12.532] [INFO]
Conectado al broker MQTT
════════════════════════════════════════
════════════════════════════════════════
[2025-02-20 19:31:12.249] [INFO]
Servicio iniciando...
════════════════════════════════════════
════════════════════════════════════════
[2025-02-20 19:30:52.143] [INFO]
Servicio detenido correctamente
════════════════════════════════════════
════════════════════════════════════════
[2025-02-20 19:30:52.109] FIN DE SESIÓN
════════════════════════════════════════
════════════════════════════════════════
[2025-02-20 19:23:47.235] [INFO]
Mensaje recibido - Sensor: qwdqw (ID: 1)
  Topic: GH_638755955152757579_5eab9415/7777777
  Valor: 37.23 0
════════════════════════════════════════
════════════════════════════════════════
[2025-02-20 19:23:45.244] [INFO]
Mensaje recibido - Sensor: qwdqw (ID: 1)
  Topic: GH_638755955152757579_5eab9415/7777777
  Valor: 27.18 0
════════════════════════════════════════
════════════════════════════════════════
[2025-02-20 19:23:43.351] [INFO]
Mensaje recibido - Sensor: qwdqw (ID: 1)
  Topic: GH_638755955152757579_5eab9415/7777777
  Valor: 48.53 0
════════════════════════════════════════
════════════════════════════════════════
[2025-02-20 19:23:41.377] [INFO]
Mensaje recibido - Sensor: qwdqw (ID: 1)
  Topic: GH_638755955152757579_5eab9415/7777777
  Valor: 33.83 0
════════════════════════════════════════
════════════════════════════════════════
[2025-02-20 19:23:39.174] [INFO]
Mensaje recibido - Sensor: qwdqw (ID: 1)
  Topic: GH_638755955152757579_5eab9415/7777777
  Valor: 39.26 0
════════════════════════════════════════
════════════════════════════════════════
[2025-02-20 19:23:37.366] [INFO]
Mensaje recibido - Sensor: qwdqw (ID: 1)
  Topic: GH_638755955152757579_5eab9415/7777777
  Valor: 21.25 0
════════════════════════════════════════
════════════════════════════════════════
[2025-02-20 19:23:35.299] [INFO]
Mensaje recibido - Sensor: qwdqw (ID: 1)
  Topic: GH_638755955152757579_5eab9415/7777777
  Valor: 48.90 0
════════════════════════════════════════
════════════════════════════════════════
[2025-02-20 19:23:33.134] [INFO]
Mensaje recibido - Sensor: qwdqw (ID: 1)
  Topic: GH_638755955152757579_5eab9415/7777777
  Valor: 33.14 0
════════════════════════════════════════
════════════════════════════════════════
[2025-02-20 19:23:31.146] [INFO]
Mensaje recibido - Sensor: qwdqw (ID: 1)
  Topic: GH_638755955152757579_5eab9415/7777777
  Valor: 44.09 0
════════════════════════════════════════
════════════════════════════════════════
[2025-02-20 19:23:29.832] [INFO]
Mensaje recibido - Sensor: qwdqw (ID: 1)
  Topic: GH_638755955152757579_5eab9415/7777777
  Valor: 21.11 0
════════════════════════════════════════
════════════════════════════════════════
[2025-02-20 19:23:27.033] [INFO]
Mensaje recibido - Sensor: qwdqw (ID: 1)
  Topic: GH_638755955152757579_5eab9415/7777777
  Valor: 29.93 0
════════════════════════════════════════
════════════════════════════════════════
[2025-02-20 19:23:25.199] [INFO]
Mensaje recibido - Sensor: qwdqw (ID: 1)
  Topic: GH_638755955152757579_5eab9415/7777777
  Valor: 34.33 0
════════════════════════════════════════
════════════════════════════════════════
[2025-02-20 19:23:23.209] [INFO]
Mensaje recibido - Sensor: qwdqw (ID: 1)
  Topic: GH_638755955152757579_5eab9415/7777777
  Valor: 44.02 0
════════════════════════════════════════
════════════════════════════════════════
[2025-02-20 19:23:21.019] [INFO]
Mensaje recibido - Sensor: qwdqw (ID: 1)
  Topic: GH_638755955152757579_5eab9415/7777777
  Valor: 35.11 0
════════════════════════════════════════
════════════════════════════════════════
[2025-02-20 19:23:19.027] [INFO]
Mensaje recibido - Sensor: qwdqw (ID: 1)
  Topic: GH_638755955152757579_5eab9415/7777777
  Valor: 22.58 0
════════════════════════════════════════
════════════════════════════════════════
[2025-02-20 19:23:16.946] [INFO]
Mensaje recibido - Sensor: qwdqw (ID: 1)
  Topic: GH_638755955152757579_5eab9415/7777777
  Valor: 27.66 0
════════════════════════════════════════
════════════════════════════════════════
[2025-02-20 19:23:15.011] [INFO]
Mensaje recibido - Sensor: qwdqw (ID: 1)
  Topic: GH_638755955152757579_5eab9415/7777777
  Valor: 41.51 0
════════════════════════════════════════
════════════════════════════════════════
[2025-02-20 19:23:13.518] [INFO]
Mensaje recibido - Sensor: qwdqw (ID: 1)
  Topic: GH_638755955152757579_5eab9415/7777777
  Valor: 31.94 0
════════════════════════════════════════
════════════════════════════════════════
[2025-02-20 19:23:11.010] [INFO]
Mensaje recibido - Sensor: qwdqw (ID: 1)
  Topic: GH_638755955152757579_5eab9415/7777777
  Valor: 26.61 0
════════════════════════════════════════
════════════════════════════════════════
[2025-02-20 19:23:08.977] [INFO]
Mensaje recibido - Sensor: qwdqw (ID: 1)
  Topic: GH_638755955152757579_5eab9415/7777777
  Valor: 23.46 0
════════════════════════════════════════
════════════════════════════════════════
[2025-02-20 19:23:06.967] [INFO]
Mensaje recibido - Sensor: qwdqw (ID: 1)
  Topic: GH_638755955152757579_5eab9415/7777777
  Valor: 33.28 0
════════════════════════════════════════
════════════════════════════════════════
[2025-02-20 19:23:04.938] [INFO]
Mensaje recibido - Sensor: qwdqw (ID: 1)
  Topic: GH_638755955152757579_5eab9415/7777777
  Valor: 27.87 0
════════════════════════════════════════
════════════════════════════════════════
[2025-02-20 19:23:02.926] [INFO]
Mensaje recibido - Sensor: qwdqw (ID: 1)
  Topic: GH_638755955152757579_5eab9415/7777777
  Valor: 22.76 0
════════════════════════════════════════
════════════════════════════════════════
[2025-02-20 19:23:00.897] [INFO]
Mensaje recibido - Sensor: qwdqw (ID: 1)
  Topic: GH_638755955152757579_5eab9415/7777777
  Valor: 42.41 0
════════════════════════════════════════
════════════════════════════════════════
[2025-02-20 19:22:59.042] [INFO]
Mensaje recibido - Sensor: qwdqw (ID: 1)
  Topic: GH_638755955152757579_5eab9415/7777777
  Valor: 42.10 0
════════════════════════════════════════
════════════════════════════════════════
[2025-02-20 19:22:56.864] [INFO]
Mensaje recibido - Sensor: qwdqw (ID: 1)
  Topic: GH_638755955152757579_5eab9415/7777777
  Valor: 23.27 0
════════════════════════════════════════
════════════════════════════════════════
[2025-02-20 19:22:54.871] [INFO]
Mensaje recibido - Sensor: qwdqw (ID: 1)
  Topic: GH_638755955152757579_5eab9415/7777777
  Valor: 21.77 0
════════════════════════════════════════
════════════════════════════════════════
[2025-02-20 19:22:52.815] [INFO]
Mensaje recibido - Sensor: qwdqw (ID: 1)
  Topic: GH_638755955152757579_5eab9415/7777777
  Valor: 28.74 0
════════════════════════════════════════
════════════════════════════════════════
[2025-02-20 19:22:50.821] [INFO]
Mensaje recibido - Sensor: qwdqw (ID: 1)
  Topic: GH_638755955152757579_5eab9415/7777777
  Valor: 45.88 0
════════════════════════════════════════
════════════════════════════════════════
[2025-02-20 19:22:48.814] [INFO]
Mensaje recibido - Sensor: qwdqw (ID: 1)
  Topic: GH_638755955152757579_5eab9415/7777777
  Valor: 21.09 0
════════════════════════════════════════
════════════════════════════════════════
[2025-02-20 19:22:46.941] [INFO]
Mensaje recibido - Sensor: qwdqw (ID: 1)
  Topic: GH_638755955152757579_5eab9415/7777777
  Valor: 27.88 0
════════════════════════════════════════
════════════════════════════════════════
[2025-02-20 19:22:44.948] [INFO]
Mensaje recibido - Sensor: qwdqw (ID: 1)
  Topic: GH_638755955152757579_5eab9415/7777777
  Valor: 49.07 0
════════════════════════════════════════
════════════════════════════════════════
[2025-02-20 19:22:42.931] [INFO]
Mensaje recibido - Sensor: qwdqw (ID: 1)
  Topic: GH_638755955152757579_5eab9415/7777777
  Valor: 35.13 0
════════════════════════════════════════
════════════════════════════════════════
[2025-02-20 19:22:40.802] [INFO]
Mensaje recibido - Sensor: qwdqw (ID: 1)
  Topic: GH_638755955152757579_5eab9415/7777777
  Valor: 44.46 0
════════════════════════════════════════
════════════════════════════════════════
[2025-02-20 19:22:38.729] [INFO]
Mensaje recibido - Sensor: qwdqw (ID: 1)
  Topic: GH_638755955152757579_5eab9415/7777777
  Valor: 24.08 0
════════════════════════════════════════
════════════════════════════════════════
[2025-02-20 19:22:36.753] [INFO]
Mensaje recibido - Sensor: qwdqw (ID: 1)
  Topic: GH_638755955152757579_5eab9415/7777777
  Valor: 23.80 0
════════════════════════════════════════
════════════════════════════════════════
[2025-02-20 19:22:34.643] [INFO]
Mensaje recibido - Sensor: qwdqw (ID: 1)
  Topic: GH_638755955152757579_5eab9415/7777777
  Valor: 47.40 0
════════════════════════════════════════
════════════════════════════════════════
[2025-02-20 19:22:32.633] [INFO]
Mensaje recibido - Sensor: qwdqw (ID: 1)
  Topic: GH_638755955152757579_5eab9415/7777777
  Valor: 35.21 0
════════════════════════════════════════
════════════════════════════════════════
[2025-02-20 19:22:30.698] [INFO]
Mensaje recibido - Sensor: qwdqw (ID: 1)
  Topic: GH_638755955152757579_5eab9415/7777777
  Valor: 24.15 0
════════════════════════════════════════
════════════════════════════════════════
[2025-02-20 19:22:28.966] [INFO]
Mensaje recibido - Sensor: qwdqw (ID: 1)
  Topic: GH_638755955152757579_5eab9415/7777777
  Valor: 36.28 0
════════════════════════════════════════
════════════════════════════════════════
[2025-02-20 19:22:26.654] [INFO]
Mensaje recibido - Sensor: qwdqw (ID: 1)
  Topic: GH_638755955152757579_5eab9415/7777777
  Valor: 49.60 0
════════════════════════════════════════
════════════════════════════════════════
[2025-02-20 19:22:24.639] [INFO]
Mensaje recibido - Sensor: qwdqw (ID: 1)
  Topic: GH_638755955152757579_5eab9415/7777777
  Valor: 34.66 0
════════════════════════════════════════
════════════════════════════════════════
[2025-02-20 19:22:23.398] [INFO]
Mensaje recibido - Sensor: qwdqw (ID: 1)
  Topic: GH_638755955152757579_5eab9415/7777777
  Valor: 36.34 0
════════════════════════════════════════
════════════════════════════════════════
[2025-02-20 19:22:20.606] [INFO]
Mensaje recibido - Sensor: qwdqw (ID: 1)
  Topic: GH_638755955152757579_5eab9415/7777777
  Valor: 39.02 0
════════════════════════════════════════
════════════════════════════════════════
[2025-02-20 19:22:18.608] [INFO]
Mensaje recibido - Sensor: qwdqw (ID: 1)
  Topic: GH_638755955152757579_5eab9415/7777777
  Valor: 24.16 0
════════════════════════════════════════
════════════════════════════════════════
[2025-02-20 19:22:16.628] [INFO]
Mensaje recibido - Sensor: qwdqw (ID: 1)
  Topic: GH_638755955152757579_5eab9415/7777777
  Valor: 29.84 0
════════════════════════════════════════
════════════════════════════════════════
[2025-02-20 19:22:14.544] [INFO]
Mensaje recibido - Sensor: qwdqw (ID: 1)
  Topic: GH_638755955152757579_5eab9415/7777777
  Valor: 24.08 0
════════════════════════════════════════
════════════════════════════════════════
[2025-02-20 19:22:12.593] [INFO]
Mensaje recibido - Sensor: qwdqw (ID: 1)
  Topic: GH_638755955152757579_5eab9415/7777777
  Valor: 30.59 0
════════════════════════════════════════
════════════════════════════════════════
[2025-02-20 19:22:10.522] [INFO]
Mensaje recibido - Sensor: qwdqw (ID: 1)
  Topic: GH_638755955152757579_5eab9415/7777777
  Valor: 47.16 0
════════════════════════════════════════
════════════════════════════════════════
[2025-02-20 19:22:08.478] [INFO]
Mensaje recibido - Sensor: qwdqw (ID: 1)
  Topic: GH_638755955152757579_5eab9415/7777777
  Valor: 42.78 0
════════════════════════════════════════
════════════════════════════════════════
[2025-02-20 19:22:06.494] [INFO]
Mensaje recibido - Sensor: qwdqw (ID: 1)
  Topic: GH_638755955152757579_5eab9415/7777777
  Valor: 20.42 0
════════════════════════════════════════
════════════════════════════════════════
[2025-02-20 19:22:04.557] [INFO]
Mensaje recibido - Sensor: qwdqw (ID: 1)
  Topic: GH_638755955152757579_5eab9415/7777777
  Valor: 44.24 0
════════════════════════════════════════
════════════════════════════════════════
[2025-02-20 19:22:02.537] [INFO]
Mensaje recibido - Sensor: qwdqw (ID: 1)
  Topic: GH_638755955152757579_5eab9415/7777777
  Valor: 31.45 0
════════════════════════════════════════
════════════════════════════════════════
[2025-02-20 19:22:00.478] [INFO]
Mensaje recibido - Sensor: qwdqw (ID: 1)
  Topic: GH_638755955152757579_5eab9415/7777777
  Valor: 42.43 0
════════════════════════════════════════
════════════════════════════════════════
[2025-02-20 19:21:58.437] [INFO]
Mensaje recibido - Sensor: qwdqw (ID: 1)
  Topic: GH_638755955152757579_5eab9415/7777777
  Valor: 31.30 0
════════════════════════════════════════
════════════════════════════════════════
[2025-02-20 19:21:56.378] [INFO]
Mensaje recibido - Sensor: qwdqw (ID: 1)
  Topic: GH_638755955152757579_5eab9415/7777777
  Valor: 43.17 0
════════════════════════════════════════
════════════════════════════════════════
[2025-02-20 19:21:54.597] [INFO]
Mensaje recibido - Sensor: qwdqw (ID: 1)
  Topic: GH_638755955152757579_5eab9415/7777777
  Valor: 20.47 0
════════════════════════════════════════
════════════════════════════════════════
[2025-02-20 19:21:52.376] [INFO]
Mensaje recibido - Sensor: qwdqw (ID: 1)
  Topic: GH_638755955152757579_5eab9415/7777777
  Valor: 32.83 0
════════════════════════════════════════
════════════════════════════════════════
[2025-02-20 19:21:50.557] [INFO]
Mensaje recibido - Sensor: qwdqw (ID: 1)
  Topic: GH_638755955152757579_5eab9415/7777777
  Valor: 25.34 0
════════════════════════════════════════
════════════════════════════════════════
[2025-02-20 19:21:48.305] [INFO]
Mensaje recibido - Sensor: qwdqw (ID: 1)
  Topic: GH_638755955152757579_5eab9415/7777777
  Valor: 46.19 0
════════════════════════════════════════
════════════════════════════════════════
[2025-02-20 19:21:46.311] [INFO]
Mensaje recibido - Sensor: qwdqw (ID: 1)
  Topic: GH_638755955152757579_5eab9415/7777777
  Valor: 34.17 0
════════════════════════════════════════
════════════════════════════════════════
[2025-02-20 19:21:44.316] [INFO]
Mensaje recibido - Sensor: qwdqw (ID: 1)
  Topic: GH_638755955152757579_5eab9415/7777777
  Valor: 39.52 0
════════════════════════════════════════
════════════════════════════════════════
[2025-02-20 19:21:42.309] [INFO]
Mensaje recibido - Sensor: qwdqw (ID: 1)
  Topic: GH_638755955152757579_5eab9415/7777777
  Valor: 39.04 0
════════════════════════════════════════
════════════════════════════════════════
[2025-02-20 19:21:40.441] [INFO]
Mensaje recibido - Sensor: qwdqw (ID: 1)
  Topic: GH_638755955152757579_5eab9415/7777777
  Valor: 37.56 0
════════════════════════════════════════
════════════════════════════════════════
[2025-02-20 19:21:38.269] [INFO]
Mensaje recibido - Sensor: qwdqw (ID: 1)
  Topic: GH_638755955152757579_5eab9415/7777777
  Valor: 35.86 0
════════════════════════════════════════
════════════════════════════════════════
[2025-02-20 19:21:36.206] [INFO]
Mensaje recibido - Sensor: qwdqw (ID: 1)
  Topic: GH_638755955152757579_5eab9415/7777777
  Valor: 49.06 0
════════════════════════════════════════
════════════════════════════════════════
[2025-02-20 19:21:34.280] [INFO]
Mensaje recibido - Sensor: qwdqw (ID: 1)
  Topic: GH_638755955152757579_5eab9415/7777777
  Valor: 39.84 0
════════════════════════════════════════
════════════════════════════════════════
[2025-02-20 19:21:32.219] [INFO]
Mensaje recibido - Sensor: qwdqw (ID: 1)
  Topic: GH_638755955152757579_5eab9415/7777777
  Valor: 20.19 0
════════════════════════════════════════
════════════════════════════════════════
[2025-02-20 19:21:30.250] [INFO]
Mensaje recibido - Sensor: qwdqw (ID: 1)
  Topic: GH_638755955152757579_5eab9415/7777777
  Valor: 19.98 0
════════════════════════════════════════
════════════════════════════════════════
[2025-02-20 19:21:28.180] [INFO]
Mensaje recibido - Sensor: qwdqw (ID: 1)
  Topic: GH_638755955152757579_5eab9415/7777777
  Valor: 36.69 0
════════════════════════════════════════
════════════════════════════════════════
[2025-02-20 19:21:26.160] [INFO]
Mensaje recibido - Sensor: qwdqw (ID: 1)
  Topic: GH_638755955152757579_5eab9415/7777777
  Valor: 45.30 0
════════════════════════════════════════
════════════════════════════════════════
[2025-02-20 19:21:24.424] [INFO]
Mensaje recibido - Sensor: qwdqw (ID: 1)
  Topic: GH_638755955152757579_5eab9415/7777777
  Valor: 47.79 0
════════════════════════════════════════
════════════════════════════════════════
[2025-02-20 19:21:22.074] [INFO]
Mensaje recibido - Sensor: qwdqw (ID: 1)
  Topic: GH_638755955152757579_5eab9415/7777777
  Valor: 20.63 0
════════════════════════════════════════
════════════════════════════════════════
[2025-02-20 19:21:20.091] [INFO]
Mensaje recibido - Sensor: qwdqw (ID: 1)
  Topic: GH_638755955152757579_5eab9415/7777777
  Valor: 35.21 0
════════════════════════════════════════
════════════════════════════════════════
[2025-02-20 19:21:18.108] [INFO]
Mensaje recibido - Sensor: qwdqw (ID: 1)
  Topic: GH_638755955152757579_5eab9415/7777777
  Valor: 30.53 0
════════════════════════════════════════
════════════════════════════════════════
[2025-02-20 19:21:16.173] [INFO]
Mensaje recibido - Sensor: qwdqw (ID: 1)
  Topic: GH_638755955152757579_5eab9415/7777777
  Valor: 25.17 0
════════════════════════════════════════
════════════════════════════════════════
[2025-02-20 19:21:14.085] [INFO]
Mensaje recibido - Sensor: qwdqw (ID: 1)
  Topic: GH_638755955152757579_5eab9415/7777777
  Valor: 27.52 0
════════════════════════════════════════
════════════════════════════════════════
[2025-02-20 19:21:12.081] [INFO]
Mensaje recibido - Sensor: qwdqw (ID: 1)
  Topic: GH_638755955152757579_5eab9415/7777777
  Valor: 48.59 0
════════════════════════════════════════
════════════════════════════════════════
[2025-02-20 19:21:10.126] [INFO]
Mensaje recibido - Sensor: qwdqw (ID: 1)
  Topic: GH_638755955152757579_5eab9415/7777777
  Valor: 49.39 0
════════════════════════════════════════
════════════════════════════════════════
[2025-02-20 19:21:08.013] [INFO]
Mensaje recibido - Sensor: qwdqw (ID: 1)
  Topic: GH_638755955152757579_5eab9415/7777777
  Valor: 39.72 0
════════════════════════════════════════
════════════════════════════════════════
[2025-02-20 19:21:06.031] [INFO]
Mensaje recibido - Sensor: qwdqw (ID: 1)
  Topic: GH_638755955152757579_5eab9415/7777777
  Valor: 34.24 0
════════════════════════════════════════
════════════════════════════════════════
[2025-02-20 19:21:04.092] [INFO]
Mensaje recibido - Sensor: qwdqw (ID: 1)
  Topic: GH_638755955152757579_5eab9415/7777777
  Valor: 29.19 0
════════════════════════════════════════
════════════════════════════════════════
[2025-02-20 19:21:02.025] [INFO]
Mensaje recibido - Sensor: qwdqw (ID: 1)
  Topic: GH_638755955152757579_5eab9415/7777777
  Valor: 37.78 0
════════════════════════════════════════
════════════════════════════════════════
[2025-02-20 19:21:00.046] [INFO]
Mensaje recibido - Sensor: qwdqw (ID: 1)
  Topic: GH_638755955152757579_5eab9415/7777777
  Valor: 35.14 0
════════════════════════════════════════
════════════════════════════════════════
[2025-02-20 19:20:57.974] [INFO]
Mensaje recibido - Sensor: qwdqw (ID: 1)
  Topic: GH_638755955152757579_5eab9415/7777777
  Valor: 45.78 0
════════════════════════════════════════
════════════════════════════════════════
[2025-02-20 19:20:55.960] [INFO]
Mensaje recibido - Sensor: qwdqw (ID: 1)
  Topic: GH_638755955152757579_5eab9415/7777777
  Valor: 23.44 0
════════════════════════════════════════
════════════════════════════════════════
[2025-02-20 19:20:53.969] [INFO]
Mensaje recibido - Sensor: qwdqw (ID: 1)
  Topic: GH_638755955152757579_5eab9415/7777777
  Valor: 24.54 0
════════════════════════════════════════
════════════════════════════════════════
[2025-02-20 19:20:52.075] [INFO]
Mensaje recibido - Sensor: qwdqw (ID: 1)
  Topic: GH_638755955152757579_5eab9415/7777777
  Valor: 43.60 0
════════════════════════════════════════
════════════════════════════════════════
[2025-02-20 19:20:50.034] [INFO]
Mensaje recibido - Sensor: qwdqw (ID: 1)
  Topic: GH_638755955152757579_5eab9415/7777777
  Valor: 28.96 0
════════════════════════════════════════
════════════════════════════════════════
[2025-02-20 19:20:47.791] [INFO]
Mensaje recibido - Sensor: qwdqw (ID: 1)
  Topic: GH_638755955152757579_5eab9415/7777777
  Valor: 31.79 0
════════════════════════════════════════
════════════════════════════════════════
[2025-02-20 19:20:45.919] [INFO]
Mensaje recibido - Sensor: qwdqw (ID: 1)
  Topic: GH_638755955152757579_5eab9415/7777777
  Valor: 37.86 0
════════════════════════════════════════
════════════════════════════════════════
[2025-02-20 19:20:43.855] [INFO]
Mensaje recibido - Sensor: qwdqw (ID: 1)
  Topic: GH_638755955152757579_5eab9415/7777777
  Valor: 47.90 0
════════════════════════════════════════
════════════════════════════════════════
[2025-02-20 19:20:41.821] [INFO]
Mensaje recibido - Sensor: qwdqw (ID: 1)
  Topic: GH_638755955152757579_5eab9415/7777777
  Valor: 31.15 0
════════════════════════════════════════
════════════════════════════════════════
[2025-02-20 19:20:39.754] [INFO]
Mensaje recibido - Sensor: qwdqw (ID: 1)
  Topic: GH_638755955152757579_5eab9415/7777777
  Valor: 34.45 0
════════════════════════════════════════
════════════════════════════════════════
[2025-02-20 19:20:38.334] [INFO]
Mensaje recibido - Sensor: qwdqw (ID: 1)
  Topic: GH_638755955152757579_5eab9415/7777777
  Valor: 31.79 0
════════════════════════════════════════
════════════════════════════════════════
[2025-02-20 19:20:35.940] [INFO]
Mensaje recibido - Sensor: qwdqw (ID: 1)
  Topic: GH_638755955152757579_5eab9415/7777777
  Valor: 25.75 0
════════════════════════════════════════
════════════════════════════════════════
[2025-02-20 19:20:33.699] [INFO]
Mensaje recibido - Sensor: qwdqw (ID: 1)
  Topic: GH_638755955152757579_5eab9415/7777777
  Valor: 46.01 0
════════════════════════════════════════
════════════════════════════════════════
[2025-02-20 19:20:31.220] [INFO]
Mensaje recibido - Sensor: qwdqw (ID: 1)
  Topic: GH_638755955152757579_5eab9415/7777777
  Valor: 21.74 0
════════════════════════════════════════
════════════════════════════════════════
[2025-02-20 19:20:29.332] [INFO]
Mensaje recibido - Sensor: qwdqw (ID: 1)
  Topic: GH_638755955152757579_5eab9415/7777777
  Valor: 35.62 0
════════════════════════════════════════
════════════════════════════════════════
[2025-02-20 19:20:27.181] [INFO]
Mensaje recibido - Sensor: qwdqw (ID: 1)
  Topic: GH_638755955152757579_5eab9415/7777777
  Valor: 47.48 0
════════════════════════════════════════
════════════════════════════════════════
[2025-02-20 19:20:25.241] [INFO]
Mensaje recibido - Sensor: qwdqw (ID: 1)
  Topic: GH_638755955152757579_5eab9415/7777777
  Valor: 29.99 0
════════════════════════════════════════
════════════════════════════════════════
[2025-02-20 19:20:23.179] [INFO]
Mensaje recibido - Sensor: qwdqw (ID: 1)
  Topic: GH_638755955152757579_5eab9415/7777777
  Valor: 39.22 0
════════════════════════════════════════
════════════════════════════════════════
[2025-02-20 19:20:21.114] [INFO]
Mensaje recibido - Sensor: qwdqw (ID: 1)
  Topic: GH_638755955152757579_5eab9415/7777777
  Valor: 36.41 0
════════════════════════════════════════
════════════════════════════════════════
[2025-02-20 19:20:19.110] [INFO]
Mensaje recibido - Sensor: qwdqw (ID: 1)
  Topic: GH_638755955152757579_5eab9415/7777777
  Valor: 40.17 0
════════════════════════════════════════
════════════════════════════════════════
[2025-02-20 19:20:17.031] [INFO]
Mensaje recibido - Sensor: qwdqw (ID: 1)
  Topic: GH_638755955152757579_5eab9415/7777777
  Valor: 31.38 0
════════════════════════════════════════
════════════════════════════════════════
[2025-02-20 19:20:15.051] [INFO]
Mensaje recibido - Sensor: qwdqw (ID: 1)
  Topic: GH_638755955152757579_5eab9415/7777777
  Valor: 35.49 0
════════════════════════════════════════
════════════════════════════════════════
[2025-02-20 19:20:13.021] [INFO]
Mensaje recibido - Sensor: qwdqw (ID: 1)
  Topic: GH_638755955152757579_5eab9415/7777777
  Valor: 38.25 0
════════════════════════════════════════
════════════════════════════════════════
[2025-02-20 19:20:11.225] [INFO]
Mensaje recibido - Sensor: qwdqw (ID: 1)
  Topic: GH_638755955152757579_5eab9415/7777777
  Valor: 47.52 0
════════════════════════════════════════
════════════════════════════════════════
[2025-02-20 19:20:08.971] [INFO]
Mensaje recibido - Sensor: qwdqw (ID: 1)
  Topic: GH_638755955152757579_5eab9415/7777777
  Valor: 45.26 0
════════════════════════════════════════
════════════════════════════════════════
[2025-02-20 19:20:07.022] [INFO]
Mensaje recibido - Sensor: qwdqw (ID: 1)
  Topic: GH_638755955152757579_5eab9415/7777777
  Valor: 29.15 0
════════════════════════════════════════
════════════════════════════════════════
[2025-02-20 19:20:05.015] [INFO]
Mensaje recibido - Sensor: qwdqw (ID: 1)
  Topic: GH_638755955152757579_5eab9415/7777777
  Valor: 45.87 0
════════════════════════════════════════
════════════════════════════════════════
[2025-02-20 19:20:02.918] [INFO]
Mensaje recibido - Sensor: qwdqw (ID: 1)
  Topic: GH_638755955152757579_5eab9415/7777777
  Valor: 35.34 0
════════════════════════════════════════
════════════════════════════════════════
[2025-02-20 19:20:00.948] [INFO]
Mensaje recibido - Sensor: qwdqw (ID: 1)
  Topic: GH_638755955152757579_5eab9415/7777777
  Valor: 38.60 0
════════════════════════════════════════
════════════════════════════════════════
[2025-02-20 19:19:58.842] [INFO]
Mensaje recibido - Sensor: qwdqw (ID: 1)
  Topic: GH_638755955152757579_5eab9415/7777777
  Valor: 47.38 0
════════════════════════════════════════
════════════════════════════════════════
[2025-02-20 19:19:56.870] [INFO]
Mensaje recibido - Sensor: qwdqw (ID: 1)
  Topic: GH_638755955152757579_5eab9415/7777777
  Valor: 25.39 0
════════════════════════════════════════
════════════════════════════════════════
[2025-02-20 19:19:54.841] [INFO]
Mensaje recibido - Sensor: qwdqw (ID: 1)
  Topic: GH_638755955152757579_5eab9415/7777777
  Valor: 22.16 0
════════════════════════════════════════
════════════════════════════════════════
[2025-02-20 19:19:52.854] [INFO]
Mensaje recibido - Sensor: qwdqw (ID: 1)
  Topic: GH_638755955152757579_5eab9415/7777777
  Valor: 38.93 0
════════════════════════════════════════
════════════════════════════════════════
[2025-02-20 19:19:50.874] [INFO]
Mensaje recibido - Sensor: qwdqw (ID: 1)
  Topic: GH_638755955152757579_5eab9415/7777777
  Valor: 28.82 0
════════════════════════════════════════
════════════════════════════════════════
[2025-02-20 19:19:48.835] [INFO]
Mensaje recibido - Sensor: qwdqw (ID: 1)
  Topic: GH_638755955152757579_5eab9415/7777777
  Valor: 40.14 0
════════════════════════════════════════
════════════════════════════════════════
[2025-02-20 19:19:48.212] [INFO]
Suscrito al sensor: qwdqw
  Topic: GH_638755955152757579_5eab9415/7777777
════════════════════════════════════════
════════════════════════════════════════
[2025-02-20 19:19:48.069] [INFO]
Conectado al broker MQTT
════════════════════════════════════════
════════════════════════════════════════
[2025-02-20 19:19:44.342] [INFO]
Servicio iniciando...
════════════════════════════════════════
════════════════════════════════════════
[2025-02-20 19:19:37.681] [INFO]
Servicio detenido correctamente
════════════════════════════════════════
════════════════════════════════════════
[2025-02-20 19:19:37.648] FIN DE SESIÓN
════════════════════════════════════════
════════════════════════════════════════
[2025-02-20 19:19:36.950] [INFO]
Mensaje recibido - Sensor: qwdqw (ID: 1)
  Topic: GH_638755955152757579_5eab9415/7777777
  Valor: 43.85 0
════════════════════════════════════════
════════════════════════════════════════
[2025-02-20 19:19:34.681] [INFO]
Mensaje recibido - Sensor: qwdqw (ID: 1)
  Topic: GH_638755955152757579_5eab9415/7777777
  Valor: 19.60 0
════════════════════════════════════════
════════════════════════════════════════
[2025-02-20 19:19:33.533] [INFO]
Mensaje recibido - Sensor: qwdqw (ID: 1)
  Topic: GH_638755955152757579_5eab9415/7777777
  Valor: 34.68 0
════════════════════════════════════════
════════════════════════════════════════
[2025-02-20 19:19:30.621] [INFO]
Mensaje recibido - Sensor: qwdqw (ID: 1)
  Topic: GH_638755955152757579_5eab9415/7777777
  Valor: 24.94 0
════════════════════════════════════════
════════════════════════════════════════
[2025-02-20 19:19:28.770] [INFO]
Mensaje recibido - Sensor: qwdqw (ID: 1)
  Topic: GH_638755955152757579_5eab9415/7777777
  Valor: 27.35 0
════════════════════════════════════════
════════════════════════════════════════
[2025-02-20 19:19:26.558] [INFO]
Mensaje recibido - Sensor: qwdqw (ID: 1)
  Topic: GH_638755955152757579_5eab9415/7777777
  Valor: 27.90 0
════════════════════════════════════════
════════════════════════════════════════
[2025-02-20 19:19:24.809] [INFO]
Mensaje recibido - Sensor: qwdqw (ID: 1)
  Topic: GH_638755955152757579_5eab9415/7777777
  Valor: 21.20 0
════════════════════════════════════════
════════════════════════════════════════
[2025-02-20 19:19:22.518] [INFO]
Mensaje recibido - Sensor: qwdqw (ID: 1)
  Topic: GH_638755955152757579_5eab9415/7777777
  Valor: 19.14 0
════════════════════════════════════════
════════════════════════════════════════
[2025-02-20 19:19:20.684] [INFO]
Mensaje recibido - Sensor: qwdqw (ID: 1)
  Topic: GH_638755955152757579_5eab9415/7777777
  Valor: 20.30 0
════════════════════════════════════════
════════════════════════════════════════
[2025-02-20 19:19:18.523] [INFO]
Mensaje recibido - Sensor: qwdqw (ID: 1)
  Topic: GH_638755955152757579_5eab9415/7777777
  Valor: 32.36 0
════════════════════════════════════════
════════════════════════════════════════
[2025-02-20 19:19:16.441] [INFO]
Mensaje recibido - Sensor: qwdqw (ID: 1)
  Topic: GH_638755955152757579_5eab9415/7777777
  Valor: 35.54 0
════════════════════════════════════════
════════════════════════════════════════
[2025-02-20 19:19:14.456] [INFO]
Mensaje recibido - Sensor: qwdqw (ID: 1)
  Topic: GH_638755955152757579_5eab9415/7777777
  Valor: 45.91 0
════════════════════════════════════════
════════════════════════════════════════
[2025-02-20 19:19:12.543] [INFO]
Mensaje recibido - Sensor: qwdqw (ID: 1)
  Topic: GH_638755955152757579_5eab9415/7777777
  Valor: 24.99 0
════════════════════════════════════════
════════════════════════════════════════
[2025-02-20 19:19:10.757] [INFO]
Mensaje recibido - Sensor: qwdqw (ID: 1)
  Topic: GH_638755955152757579_5eab9415/7777777
  Valor: 46.74 0
════════════════════════════════════════
════════════════════════════════════════
[2025-02-20 19:19:08.367] [INFO]
Mensaje recibido - Sensor: qwdqw (ID: 1)
  Topic: GH_638755955152757579_5eab9415/7777777
  Valor: 40.13 0
════════════════════════════════════════
════════════════════════════════════════
[2025-02-20 19:19:06.416] [INFO]
Mensaje recibido - Sensor: qwdqw (ID: 1)
  Topic: GH_638755955152757579_5eab9415/7777777
  Valor: 23.02 0
════════════════════════════════════════
════════════════════════════════════════
[2025-02-20 19:19:04.319] [INFO]
Mensaje recibido - Sensor: qwdqw (ID: 1)
  Topic: GH_638755955152757579_5eab9415/7777777
  Valor: 40.53 0
════════════════════════════════════════
════════════════════════════════════════
[2025-02-20 19:19:02.300] [INFO]
Mensaje recibido - Sensor: qwdqw (ID: 1)
  Topic: GH_638755955152757579_5eab9415/7777777
  Valor: 49.84 0
════════════════════════════════════════
════════════════════════════════════════
[2025-02-20 19:19:00.401] [INFO]
Mensaje recibido - Sensor: qwdqw (ID: 1)
  Topic: GH_638755955152757579_5eab9415/7777777
  Valor: 31.58 0
════════════════════════════════════════
════════════════════════════════════════
[2025-02-20 19:18:58.255] [INFO]
Mensaje recibido - Sensor: qwdqw (ID: 1)
  Topic: GH_638755955152757579_5eab9415/7777777
  Valor: 24.96 0
════════════════════════════════════════
════════════════════════════════════════
[2025-02-20 19:18:56.349] [INFO]
Mensaje recibido - Sensor: qwdqw (ID: 1)
  Topic: GH_638755955152757579_5eab9415/7777777
  Valor: 20.70 0
════════════════════════════════════════
════════════════════════════════════════
[2025-02-20 19:18:54.722] [INFO]
Mensaje recibido - Sensor: qwdqw (ID: 1)
  Topic: GH_638755955152757579_5eab9415/7777777
  Valor: 47.53 0
════════════════════════════════════════
════════════════════════════════════════
[2025-02-20 19:18:52.294] [INFO]
Mensaje recibido - Sensor: qwdqw (ID: 1)
  Topic: GH_638755955152757579_5eab9415/7777777
  Valor: 29.38 0
════════════════════════════════════════
════════════════════════════════════════
[2025-02-20 19:18:50.325] [INFO]
Mensaje recibido - Sensor: qwdqw (ID: 1)
  Topic: GH_638755955152757579_5eab9415/7777777
  Valor: 38.08 0
════════════════════════════════════════
════════════════════════════════════════
[2025-02-20 19:18:48.242] [INFO]
Mensaje recibido - Sensor: qwdqw (ID: 1)
  Topic: GH_638755955152757579_5eab9415/7777777
  Valor: 41.16 0
════════════════════════════════════════
════════════════════════════════════════
[2025-02-20 19:18:46.269] [INFO]
Mensaje recibido - Sensor: qwdqw (ID: 1)
  Topic: GH_638755955152757579_5eab9415/7777777
  Valor: 20.95 0
════════════════════════════════════════
════════════════════════════════════════
[2025-02-20 19:18:44.173] [INFO]
Mensaje recibido - Sensor: qwdqw (ID: 1)
  Topic: GH_638755955152757579_5eab9415/7777777
  Valor: 20.52 0
════════════════════════════════════════
════════════════════════════════════════
[2025-02-20 19:18:42.191] [INFO]
Mensaje recibido - Sensor: qwdqw (ID: 1)
  Topic: GH_638755955152757579_5eab9415/7777777
  Valor: 23.67 0
════════════════════════════════════════
════════════════════════════════════════
[2025-02-20 19:18:40.275] [INFO]
Mensaje recibido - Sensor: qwdqw (ID: 1)
  Topic: GH_638755955152757579_5eab9415/7777777
  Valor: 39.07 0
════════════════════════════════════════
════════════════════════════════════════
[2025-02-20 19:18:38.058] [INFO]
Mensaje recibido - Sensor: qwdqw (ID: 1)
  Topic: GH_638755955152757579_5eab9415/7777777
  Valor: 22.81 0
════════════════════════════════════════
════════════════════════════════════════
[2025-02-20 19:18:35.965] [INFO]
Mensaje recibido - Sensor: qwdqw (ID: 1)
  Topic: GH_638755955152757579_5eab9415/7777777
  Valor: 41.19 0
════════════════════════════════════════
════════════════════════════════════════
[2025-02-20 19:18:33.948] [INFO]
Mensaje recibido - Sensor: qwdqw (ID: 1)
  Topic: GH_638755955152757579_5eab9415/7777777
  Valor: 19.91 0
════════════════════════════════════════
════════════════════════════════════════
[2025-02-20 19:18:31.963] [INFO]
Mensaje recibido - Sensor: qwdqw (ID: 1)
  Topic: GH_638755955152757579_5eab9415/7777777
  Valor: 22.73 0
════════════════════════════════════════
════════════════════════════════════════
[2025-02-20 19:18:29.996] [INFO]
Mensaje recibido - Sensor: qwdqw (ID: 1)
  Topic: GH_638755955152757579_5eab9415/7777777
  Valor: 31.05 0
════════════════════════════════════════
════════════════════════════════════════
[2025-02-20 19:18:27.878] [INFO]
Mensaje recibido - Sensor: qwdqw (ID: 1)
  Topic: GH_638755955152757579_5eab9415/7777777
  Valor: 36.78 0
════════════════════════════════════════
════════════════════════════════════════
[2025-02-20 19:18:25.878] [INFO]
Mensaje recibido - Sensor: qwdqw (ID: 1)
  Topic: GH_638755955152757579_5eab9415/7777777
  Valor: 31.26 0
════════════════════════════════════════
════════════════════════════════════════
[2025-02-20 19:18:23.813] [INFO]
Mensaje recibido - Sensor: qwdqw (ID: 1)
  Topic: GH_638755955152757579_5eab9415/7777777
  Valor: 36.38 0
════════════════════════════════════════
════════════════════════════════════════
[2025-02-20 19:18:21.887] [INFO]
Mensaje recibido - Sensor: qwdqw (ID: 1)
  Topic: GH_638755955152757579_5eab9415/7777777
  Valor: 35.49 0
════════════════════════════════════════
════════════════════════════════════════
[2025-02-20 19:18:19.944] [INFO]
Mensaje recibido - Sensor: qwdqw (ID: 1)
  Topic: GH_638755955152757579_5eab9415/7777777
  Valor: 19.69 0
════════════════════════════════════════
════════════════════════════════════════
[2025-02-20 19:18:17.704] [INFO]
Mensaje recibido - Sensor: qwdqw (ID: 1)
  Topic: GH_638755955152757579_5eab9415/7777777
  Valor: 33.05 0
════════════════════════════════════════
════════════════════════════════════════
[2025-02-20 19:18:15.922] [INFO]
Mensaje recibido - Sensor: qwdqw (ID: 1)
  Topic: GH_638755955152757579_5eab9415/7777777
  Valor: 41.41 0
════════════════════════════════════════
════════════════════════════════════════
[2025-02-20 19:18:13.853] [INFO]
Mensaje recibido - Sensor: qwdqw (ID: 1)
  Topic: GH_638755955152757579_5eab9415/7777777
  Valor: 40.07 0
════════════════════════════════════════
════════════════════════════════════════
[2025-02-20 19:18:11.730] [INFO]
Mensaje recibido - Sensor: qwdqw (ID: 1)
  Topic: GH_638755955152757579_5eab9415/7777777
  Valor: 43.28 0
════════════════════════════════════════
════════════════════════════════════════
[2025-02-20 19:18:09.726] [INFO]
Mensaje recibido - Sensor: qwdqw (ID: 1)
  Topic: GH_638755955152757579_5eab9415/7777777
  Valor: 43.76 0
════════════════════════════════════════
════════════════════════════════════════
[2025-02-20 19:18:07.702] [INFO]
Mensaje recibido - Sensor: qwdqw (ID: 1)
  Topic: GH_638755955152757579_5eab9415/7777777
  Valor: 28.59 0
════════════════════════════════════════
════════════════════════════════════════
[2025-02-20 19:18:05.646] [INFO]
Mensaje recibido - Sensor: qwdqw (ID: 1)
  Topic: GH_638755955152757579_5eab9415/7777777
  Valor: 40.23 0
════════════════════════════════════════
════════════════════════════════════════
[2025-02-20 19:18:03.765] [INFO]
Mensaje recibido - Sensor: qwdqw (ID: 1)
  Topic: GH_638755955152757579_5eab9415/7777777
  Valor: 40.90 0
════════════════════════════════════════
════════════════════════════════════════
[2025-02-20 19:18:01.772] [INFO]
Mensaje recibido - Sensor: qwdqw (ID: 1)
  Topic: GH_638755955152757579_5eab9415/7777777
  Valor: 39.31 0
════════════════════════════════════════
════════════════════════════════════════
[2025-02-20 19:17:59.535] [INFO]
Mensaje recibido - Sensor: qwdqw (ID: 1)
  Topic: GH_638755955152757579_5eab9415/7777777
  Valor: 33.93 0
════════════════════════════════════════
════════════════════════════════════════
[2025-02-20 19:17:58.162] [INFO]
Mensaje recibido - Sensor: qwdqw (ID: 1)
  Topic: GH_638755955152757579_5eab9415/7777777
  Valor: 30.68 0
════════════════════════════════════════
════════════════════════════════════════
[2025-02-20 19:17:55.639] [INFO]
Mensaje recibido - Sensor: qwdqw (ID: 1)
  Topic: GH_638755955152757579_5eab9415/7777777
  Valor: 42.46 0
════════════════════════════════════════
════════════════════════════════════════
[2025-02-20 19:17:53.479] [INFO]
Mensaje recibido - Sensor: qwdqw (ID: 1)
  Topic: GH_638755955152757579_5eab9415/7777777
  Valor: 22.09 0
════════════════════════════════════════
════════════════════════════════════════
[2025-02-20 19:17:51.716] [INFO]
Mensaje recibido - Sensor: qwdqw (ID: 1)
  Topic: GH_638755955152757579_5eab9415/7777777
  Valor: 28.58 0
════════════════════════════════════════
════════════════════════════════════════
[2025-02-20 19:17:49.442] [INFO]
Mensaje recibido - Sensor: qwdqw (ID: 1)
  Topic: GH_638755955152757579_5eab9415/7777777
  Valor: 34.78 0
════════════════════════════════════════
════════════════════════════════════════
[2025-02-20 19:17:47.625] [INFO]
Mensaje recibido - Sensor: qwdqw (ID: 1)
  Topic: GH_638755955152757579_5eab9415/7777777
  Valor: 43.77 0
════════════════════════════════════════
════════════════════════════════════════
[2025-02-20 19:17:45.397] [INFO]
Mensaje recibido - Sensor: qwdqw (ID: 1)
  Topic: GH_638755955152757579_5eab9415/7777777
  Valor: 36.66 0
════════════════════════════════════════
════════════════════════════════════════
[2025-02-20 19:17:43.599] [INFO]
Mensaje recibido - Sensor: qwdqw (ID: 1)
  Topic: GH_638755955152757579_5eab9415/7777777
  Valor: 41.73 0
════════════════════════════════════════
════════════════════════════════════════
[2025-02-20 19:17:41.408] [INFO]
Mensaje recibido - Sensor: qwdqw (ID: 1)
  Topic: GH_638755955152757579_5eab9415/7777777
  Valor: 21.23 0
════════════════════════════════════════
════════════════════════════════════════
[2025-02-20 19:17:39.452] [INFO]
Mensaje recibido - Sensor: qwdqw (ID: 1)
  Topic: GH_638755955152757579_5eab9415/7777777
  Valor: 44.45 0
════════════════════════════════════════
════════════════════════════════════════
[2025-02-20 19:17:37.377] [INFO]
Mensaje recibido - Sensor: qwdqw (ID: 1)
  Topic: GH_638755955152757579_5eab9415/7777777
  Valor: 28.70 0
════════════════════════════════════════
════════════════════════════════════════
[2025-02-20 19:17:35.319] [INFO]
Mensaje recibido - Sensor: qwdqw (ID: 1)
  Topic: GH_638755955152757579_5eab9415/7777777
  Valor: 43.92 0
════════════════════════════════════════
════════════════════════════════════════
[2025-02-20 19:17:33.624] [INFO]
Mensaje recibido - Sensor: qwdqw (ID: 1)
  Topic: GH_638755955152757579_5eab9415/7777777
  Valor: 43.75 0
════════════════════════════════════════
════════════════════════════════════════
[2025-02-20 19:17:31.262] [INFO]
Mensaje recibido - Sensor: qwdqw (ID: 1)
  Topic: GH_638755955152757579_5eab9415/7777777
  Valor: 34.13 0
════════════════════════════════════════
════════════════════════════════════════
[2025-02-20 19:17:29.296] [INFO]
Mensaje recibido - Sensor: qwdqw (ID: 1)
  Topic: GH_638755955152757579_5eab9415/7777777
  Valor: 43.38 0
════════════════════════════════════════
════════════════════════════════════════
[2025-02-20 19:17:27.240] [INFO]
Mensaje recibido - Sensor: qwdqw (ID: 1)
  Topic: GH_638755955152757579_5eab9415/7777777
  Valor: 49.53 0
════════════════════════════════════════
════════════════════════════════════════
[2025-02-20 19:17:25.200] [INFO]
Mensaje recibido - Sensor: qwdqw (ID: 1)
  Topic: GH_638755955152757579_5eab9415/7777777
  Valor: 26.18 0
════════════════════════════════════════
════════════════════════════════════════
[2025-02-20 19:17:23.253] [INFO]
Mensaje recibido - Sensor: qwdqw (ID: 1)
  Topic: GH_638755955152757579_5eab9415/7777777
  Valor: 31.16 0
════════════════════════════════════════
════════════════════════════════════════
[2025-02-20 19:17:21.171] [INFO]
Mensaje recibido - Sensor: qwdqw (ID: 1)
  Topic: GH_638755955152757579_5eab9415/7777777
  Valor: 27.79 0
════════════════════════════════════════
════════════════════════════════════════
[2025-02-20 19:17:19.229] [INFO]
Mensaje recibido - Sensor: qwdqw (ID: 1)
  Topic: GH_638755955152757579_5eab9415/7777777
  Valor: 25.11 0
════════════════════════════════════════
════════════════════════════════════════
[2025-02-20 19:17:17.095] [INFO]
Mensaje recibido - Sensor: qwdqw (ID: 1)
  Topic: GH_638755955152757579_5eab9415/7777777
  Valor: 45.84 0
════════════════════════════════════════
════════════════════════════════════════
[2025-02-20 19:17:15.264] [INFO]
Mensaje recibido - Sensor: qwdqw (ID: 1)
  Topic: GH_638755955152757579_5eab9415/7777777
  Valor: 20.31 0
════════════════════════════════════════
════════════════════════════════════════
[2025-02-20 19:17:13.087] [INFO]
Mensaje recibido - Sensor: qwdqw (ID: 1)
  Topic: GH_638755955152757579_5eab9415/7777777
  Valor: 44.05 0
════════════════════════════════════════
════════════════════════════════════════
[2025-02-20 19:17:11.042] [INFO]
Mensaje recibido - Sensor: qwdqw (ID: 1)
  Topic: GH_638755955152757579_5eab9415/7777777
  Valor: 34.30 0
════════════════════════════════════════
════════════════════════════════════════
[2025-02-20 19:17:09.044] [INFO]
Mensaje recibido - Sensor: qwdqw (ID: 1)
  Topic: GH_638755955152757579_5eab9415/7777777
  Valor: 48.28 0
════════════════════════════════════════
════════════════════════════════════════
[2025-02-20 19:17:07.050] [INFO]
Mensaje recibido - Sensor: qwdqw (ID: 1)
  Topic: GH_638755955152757579_5eab9415/7777777
  Valor: 24.99 0
════════════════════════════════════════
════════════════════════════════════════
[2025-02-20 19:17:05.231] [INFO]
Mensaje recibido - Sensor: qwdqw (ID: 1)
  Topic: GH_638755955152757579_5eab9415/7777777
  Valor: 40.82 0
════════════════════════════════════════
════════════════════════════════════════
[2025-02-20 19:17:02.931] [INFO]
Mensaje recibido - Sensor: qwdqw (ID: 1)
  Topic: GH_638755955152757579_5eab9415/7777777
  Valor: 29.42 0
════════════════════════════════════════
════════════════════════════════════════
[2025-02-20 19:17:01.019] [INFO]
Mensaje recibido - Sensor: qwdqw (ID: 1)
  Topic: GH_638755955152757579_5eab9415/7777777
  Valor: 29.21 0
════════════════════════════════════════
════════════════════════════════════════
[2025-02-20 19:16:58.927] [INFO]
Mensaje recibido - Sensor: qwdqw (ID: 1)
  Topic: GH_638755955152757579_5eab9415/7777777
  Valor: 19.53 0
════════════════════════════════════════
════════════════════════════════════════
[2025-02-20 19:16:56.878] [INFO]
Mensaje recibido - Sensor: qwdqw (ID: 1)
  Topic: GH_638755955152757579_5eab9415/7777777
  Valor: 34.29 0
════════════════════════════════════════
════════════════════════════════════════
[2025-02-20 19:16:54.840] [INFO]
Mensaje recibido - Sensor: qwdqw (ID: 1)
  Topic: GH_638755955152757579_5eab9415/7777777
  Valor: 40.26 0
════════════════════════════════════════
════════════════════════════════════════
[2025-02-20 19:16:53.922] [INFO]
Mensaje recibido - Sensor: qwdqw (ID: 1)
  Topic: GH_638755955152757579_5eab9415/7777777
  Valor: 28.41 0
════════════════════════════════════════
════════════════════════════════════════
[2025-02-20 19:16:50.839] [INFO]
Mensaje recibido - Sensor: qwdqw (ID: 1)
  Topic: GH_638755955152757579_5eab9415/7777777
  Valor: 46.19 0
════════════════════════════════════════
════════════════════════════════════════
[2025-02-20 19:16:48.721] [INFO]
Mensaje recibido - Sensor: qwdqw (ID: 1)
  Topic: GH_638755955152757579_5eab9415/7777777
  Valor: 30.78 0
════════════════════════════════════════
════════════════════════════════════════
[2025-02-20 19:16:46.976] [INFO]
Mensaje recibido - Sensor: qwdqw (ID: 1)
  Topic: GH_638755955152757579_5eab9415/7777777
  Valor: 38.34 0
════════════════════════════════════════
════════════════════════════════════════
[2025-02-20 19:16:44.749] [INFO]
Mensaje recibido - Sensor: qwdqw (ID: 1)
  Topic: GH_638755955152757579_5eab9415/7777777
  Valor: 46.80 0
════════════════════════════════════════
════════════════════════════════════════
[2025-02-20 19:16:42.719] [INFO]
Mensaje recibido - Sensor: qwdqw (ID: 1)
  Topic: GH_638755955152757579_5eab9415/7777777
  Valor: 44.72 0
════════════════════════════════════════
════════════════════════════════════════
[2025-02-20 19:16:40.764] [INFO]
Mensaje recibido - Sensor: qwdqw (ID: 1)
  Topic: GH_638755955152757579_5eab9415/7777777
  Valor: 44.03 0
════════════════════════════════════════
════════════════════════════════════════
[2025-02-20 19:16:38.654] [INFO]
Mensaje recibido - Sensor: qwdqw (ID: 1)
  Topic: GH_638755955152757579_5eab9415/7777777
  Valor: 34.68 0
════════════════════════════════════════
════════════════════════════════════════
[2025-02-20 19:16:36.623] [INFO]
Mensaje recibido - Sensor: qwdqw (ID: 1)
  Topic: GH_638755955152757579_5eab9415/7777777
  Valor: 29.36 0
════════════════════════════════════════
════════════════════════════════════════
[2025-02-20 19:16:34.682] [INFO]
Mensaje recibido - Sensor: qwdqw (ID: 1)
  Topic: GH_638755955152757579_5eab9415/7777777
  Valor: 34.75 0
════════════════════════════════════════
════════════════════════════════════════
[2025-02-20 19:16:32.559] [INFO]
Mensaje recibido - Sensor: qwdqw (ID: 1)
  Topic: GH_638755955152757579_5eab9415/7777777
  Valor: 28.86 0
════════════════════════════════════════
════════════════════════════════════════
[2025-02-20 19:16:30.647] [INFO]
Mensaje recibido - Sensor: qwdqw (ID: 1)
  Topic: GH_638755955152757579_5eab9415/7777777
  Valor: 41.22 0
════════════════════════════════════════
════════════════════════════════════════
[2025-02-20 19:16:28.538] [INFO]
Mensaje recibido - Sensor: qwdqw (ID: 1)
  Topic: GH_638755955152757579_5eab9415/7777777
  Valor: 22.49 0
════════════════════════════════════════
════════════════════════════════════════
[2025-02-20 19:16:26.502] [INFO]
Mensaje recibido - Sensor: qwdqw (ID: 1)
  Topic: GH_638755955152757579_5eab9415/7777777
  Valor: 21.15 0
════════════════════════════════════════
════════════════════════════════════════
[2025-02-20 19:16:24.478] [INFO]
Mensaje recibido - Sensor: qwdqw (ID: 1)
  Topic: GH_638755955152757579_5eab9415/7777777
  Valor: 49.69 0
════════════════════════════════════════
════════════════════════════════════════
[2025-02-20 19:16:22.573] [INFO]
Mensaje recibido - Sensor: qwdqw (ID: 1)
  Topic: GH_638755955152757579_5eab9415/7777777
  Valor: 32.59 0
════════════════════════════════════════
════════════════════════════════════════
[2025-02-20 19:16:20.491] [INFO]
Mensaje recibido - Sensor: qwdqw (ID: 1)
  Topic: GH_638755955152757579_5eab9415/7777777
  Valor: 38.14 0
════════════════════════════════════════
════════════════════════════════════════
[2025-02-20 19:16:18.331] [INFO]
Mensaje recibido - Sensor: qwdqw (ID: 1)
  Topic: GH_638755955152757579_5eab9415/7777777
  Valor: 33.44 0
════════════════════════════════════════
════════════════════════════════════════
[2025-02-20 19:16:16.539] [INFO]
Mensaje recibido - Sensor: qwdqw (ID: 1)
  Topic: GH_638755955152757579_5eab9415/7777777
  Valor: 40.14 0
════════════════════════════════════════
════════════════════════════════════════
[2025-02-20 19:16:14.411] [INFO]
Mensaje recibido - Sensor: qwdqw (ID: 1)
  Topic: GH_638755955152757579_5eab9415/7777777
  Valor: 28.45 0
════════════════════════════════════════
════════════════════════════════════════
[2025-02-20 19:16:12.329] [INFO]
Mensaje recibido - Sensor: qwdqw (ID: 1)
  Topic: GH_638755955152757579_5eab9415/7777777
  Valor: 35.80 0
════════════════════════════════════════
════════════════════════════════════════
[2025-02-20 19:16:10.362] [INFO]
Mensaje recibido - Sensor: qwdqw (ID: 1)
  Topic: GH_638755955152757579_5eab9415/7777777
  Valor: 34.50 0
════════════════════════════════════════
════════════════════════════════════════
[2025-02-20 19:16:08.303] [INFO]
Mensaje recibido - Sensor: qwdqw (ID: 1)
  Topic: GH_638755955152757579_5eab9415/7777777
  Valor: 40.62 0
════════════════════════════════════════
════════════════════════════════════════
[2025-02-20 19:16:06.235] [INFO]
Mensaje recibido - Sensor: qwdqw (ID: 1)
  Topic: GH_638755955152757579_5eab9415/7777777
  Valor: 35.91 0
════════════════════════════════════════
════════════════════════════════════════
[2025-02-20 19:16:04.218] [INFO]
Mensaje recibido - Sensor: qwdqw (ID: 1)
  Topic: GH_638755955152757579_5eab9415/7777777
  Valor: 41.15 0
════════════════════════════════════════
════════════════════════════════════════
[2025-02-20 19:16:02.315] [INFO]
Mensaje recibido - Sensor: qwdqw (ID: 1)
  Topic: GH_638755955152757579_5eab9415/7777777
  Valor: 25.03 0
════════════════════════════════════════
════════════════════════════════════════
[2025-02-20 19:16:00.221] [INFO]
Mensaje recibido - Sensor: qwdqw (ID: 1)
  Topic: GH_638755955152757579_5eab9415/7777777
  Valor: 19.67 0
════════════════════════════════════════
════════════════════════════════════════
[2025-02-20 19:15:58.164] [INFO]
Mensaje recibido - Sensor: qwdqw (ID: 1)
  Topic: GH_638755955152757579_5eab9415/7777777
  Valor: 42.73 0
════════════════════════════════════════
════════════════════════════════════════
[2025-02-20 19:15:56.166] [INFO]
Mensaje recibido - Sensor: qwdqw (ID: 1)
  Topic: GH_638755955152757579_5eab9415/7777777
  Valor: 48.07 0
════════════════════════════════════════
════════════════════════════════════════
[2025-02-20 19:15:54.152] [INFO]
Mensaje recibido - Sensor: qwdqw (ID: 1)
  Topic: GH_638755955152757579_5eab9415/7777777
  Valor: 37.53 0
════════════════════════════════════════
════════════════════════════════════════
[2025-02-20 19:15:52.152] [INFO]
Mensaje recibido - Sensor: qwdqw (ID: 1)
  Topic: GH_638755955152757579_5eab9415/7777777
  Valor: 43.47 0
════════════════════════════════════════
════════════════════════════════════════
[2025-02-20 19:15:50.067] [INFO]
Mensaje recibido - Sensor: qwdqw (ID: 1)
  Topic: GH_638755955152757579_5eab9415/7777777
  Valor: 46.48 0
════════════════════════════════════════
════════════════════════════════════════
[2025-02-20 19:15:48.081] [INFO]
Mensaje recibido - Sensor: qwdqw (ID: 1)
  Topic: GH_638755955152757579_5eab9415/7777777
  Valor: 19.46 0
════════════════════════════════════════
════════════════════════════════════════
[2025-02-20 19:15:46.036] [INFO]
Mensaje recibido - Sensor: qwdqw (ID: 1)
  Topic: GH_638755955152757579_5eab9415/7777777
  Valor: 39.80 0
════════════════════════════════════════
════════════════════════════════════════
[2025-02-20 19:15:44.018] [INFO]
Mensaje recibido - Sensor: qwdqw (ID: 1)
  Topic: GH_638755955152757579_5eab9415/7777777
  Valor: 29.35 0
════════════════════════════════════════
════════════════════════════════════════
[2025-02-20 19:15:42.146] [INFO]
Mensaje recibido - Sensor: qwdqw (ID: 1)
  Topic: GH_638755955152757579_5eab9415/7777777
  Valor: 47.38 0
════════════════════════════════════════
════════════════════════════════════════
[2025-02-20 19:15:39.987] [INFO]
Mensaje recibido - Sensor: qwdqw (ID: 1)
  Topic: GH_638755955152757579_5eab9415/7777777
  Valor: 46.72 0
════════════════════════════════════════
════════════════════════════════════════
[2025-02-20 19:15:38.011] [INFO]
Mensaje recibido - Sensor: qwdqw (ID: 1)
  Topic: GH_638755955152757579_5eab9415/7777777
  Valor: 45.33 0
════════════════════════════════════════
════════════════════════════════════════
[2025-02-20 19:15:35.949] [INFO]
Mensaje recibido - Sensor: qwdqw (ID: 1)
  Topic: GH_638755955152757579_5eab9415/7777777
  Valor: 27.32 0
════════════════════════════════════════
════════════════════════════════════════
[2025-02-20 19:15:33.930] [INFO]
Mensaje recibido - Sensor: qwdqw (ID: 1)
  Topic: GH_638755955152757579_5eab9415/7777777
  Valor: 43.77 0
════════════════════════════════════════
════════════════════════════════════════
[2025-02-20 19:15:32.010] [INFO]
Mensaje recibido - Sensor: qwdqw (ID: 1)
  Topic: GH_638755955152757579_5eab9415/7777777
  Valor: 19.30 0
════════════════════════════════════════
════════════════════════════════════════
[2025-02-20 19:15:30.006] [INFO]
Mensaje recibido - Sensor: qwdqw (ID: 1)
  Topic: GH_638755955152757579_5eab9415/7777777
  Valor: 42.40 0
════════════════════════════════════════
════════════════════════════════════════
[2025-02-20 19:15:27.884] [INFO]
Mensaje recibido - Sensor: qwdqw (ID: 1)
  Topic: GH_638755955152757579_5eab9415/7777777
  Valor: 33.92 0
════════════════════════════════════════
════════════════════════════════════════
[2025-02-20 19:15:25.887] [INFO]
Mensaje recibido - Sensor: qwdqw (ID: 1)
  Topic: GH_638755955152757579_5eab9415/7777777
  Valor: 27.17 0
════════════════════════════════════════
════════════════════════════════════════
[2025-02-20 19:15:24.480] [INFO]
Mensaje recibido - Sensor: qwdqw (ID: 1)
  Topic: GH_638755955152757579_5eab9415/7777777
  Valor: 36.03 0
════════════════════════════════════════
════════════════════════════════════════
[2025-02-20 19:15:21.901] [INFO]
Mensaje recibido - Sensor: qwdqw (ID: 1)
  Topic: GH_638755955152757579_5eab9415/7777777
  Valor: 42.56 0
════════════════════════════════════════
════════════════════════════════════════
[2025-02-20 19:15:20.018] [INFO]
Mensaje recibido - Sensor: qwdqw (ID: 1)
  Topic: GH_638755955152757579_5eab9415/7777777
  Valor: 21.06 0
════════════════════════════════════════
════════════════════════════════════════
[2025-02-20 19:15:17.953] [INFO]
Mensaje recibido - Sensor: qwdqw (ID: 1)
  Topic: GH_638755955152757579_5eab9415/7777777
  Valor: 19.80 0
════════════════════════════════════════
════════════════════════════════════════
[2025-02-20 19:15:15.828] [INFO]
Mensaje recibido - Sensor: qwdqw (ID: 1)
  Topic: GH_638755955152757579_5eab9415/7777777
  Valor: 39.96 0
════════════════════════════════════════
════════════════════════════════════════
[2025-02-20 19:15:13.736] [INFO]
Mensaje recibido - Sensor: qwdqw (ID: 1)
  Topic: GH_638755955152757579_5eab9415/7777777
  Valor: 25.43 0
════════════════════════════════════════
════════════════════════════════════════
[2025-02-20 19:15:11.774] [INFO]
Mensaje recibido - Sensor: qwdqw (ID: 1)
  Topic: GH_638755955152757579_5eab9415/7777777
  Valor: 33.70 0
════════════════════════════════════════
════════════════════════════════════════
[2025-02-20 19:15:09.787] [INFO]
Mensaje recibido - Sensor: qwdqw (ID: 1)
  Topic: GH_638755955152757579_5eab9415/7777777
  Valor: 22.01 0
════════════════════════════════════════
════════════════════════════════════════
[2025-02-20 19:15:07.733] [INFO]
Mensaje recibido - Sensor: qwdqw (ID: 1)
  Topic: GH_638755955152757579_5eab9415/7777777
  Valor: 20.61 0
════════════════════════════════════════
════════════════════════════════════════
[2025-02-20 19:15:05.702] [INFO]
Mensaje recibido - Sensor: qwdqw (ID: 1)
  Topic: GH_638755955152757579_5eab9415/7777777
  Valor: 22.69 0
════════════════════════════════════════
════════════════════════════════════════
[2025-02-20 19:15:03.677] [INFO]
Mensaje recibido - Sensor: qwdqw (ID: 1)
  Topic: GH_638755955152757579_5eab9415/7777777
  Valor: 49.40 0
════════════════════════════════════════
════════════════════════════════════════
[2025-02-20 19:15:01.653] [INFO]
Mensaje recibido - Sensor: qwdqw (ID: 1)
  Topic: GH_638755955152757579_5eab9415/7777777
  Valor: 36.00 0
════════════════════════════════════════
════════════════════════════════════════
[2025-02-20 19:14:59.618] [INFO]
Mensaje recibido - Sensor: qwdqw (ID: 1)
  Topic: GH_638755955152757579_5eab9415/7777777
  Valor: 38.22 0
════════════════════════════════════════
════════════════════════════════════════
[2025-02-20 19:14:57.609] [INFO]
Mensaje recibido - Sensor: qwdqw (ID: 1)
  Topic: GH_638755955152757579_5eab9415/7777777
  Valor: 45.97 0
════════════════════════════════════════
════════════════════════════════════════
[2025-02-20 19:14:55.611] [INFO]
Mensaje recibido - Sensor: qwdqw (ID: 1)
  Topic: GH_638755955152757579_5eab9415/7777777
  Valor: 44.14 0
════════════════════════════════════════
════════════════════════════════════════
[2025-02-20 19:14:53.576] [INFO]
Mensaje recibido - Sensor: qwdqw (ID: 1)
  Topic: GH_638755955152757579_5eab9415/7777777
  Valor: 48.12 0
════════════════════════════════════════
════════════════════════════════════════
[2025-02-20 19:14:51.659] [INFO]
Mensaje recibido - Sensor: qwdqw (ID: 1)
  Topic: GH_638755955152757579_5eab9415/7777777
  Valor: 35.62 0
════════════════════════════════════════
════════════════════════════════════════
[2025-02-20 19:14:49.490] [INFO]
Mensaje recibido - Sensor: qwdqw (ID: 1)
  Topic: GH_638755955152757579_5eab9415/7777777
  Valor: 49.04 0
════════════════════════════════════════
════════════════════════════════════════
[2025-02-20 19:14:47.549] [INFO]
Mensaje recibido - Sensor: qwdqw (ID: 1)
  Topic: GH_638755955152757579_5eab9415/7777777
  Valor: 43.83 0
════════════════════════════════════════
════════════════════════════════════════
[2025-02-20 19:14:45.468] [INFO]
Mensaje recibido - Sensor: qwdqw (ID: 1)
  Topic: GH_638755955152757579_5eab9415/7777777
  Valor: 42.44 0
════════════════════════════════════════
════════════════════════════════════════
[2025-02-20 19:14:43.614] [INFO]
Mensaje recibido - Sensor: qwdqw (ID: 1)
  Topic: GH_638755955152757579_5eab9415/7777777
  Valor: 28.61 0
════════════════════════════════════════
════════════════════════════════════════
[2025-02-20 19:14:41.407] [INFO]
Mensaje recibido - Sensor: qwdqw (ID: 1)
  Topic: GH_638755955152757579_5eab9415/7777777
  Valor: 47.51 0
════════════════════════════════════════
════════════════════════════════════════
[2025-02-20 19:14:39.404] [INFO]
Mensaje recibido - Sensor: qwdqw (ID: 1)
  Topic: GH_638755955152757579_5eab9415/7777777
  Valor: 19.83 0
════════════════════════════════════════
════════════════════════════════════════
[2025-02-20 19:14:37.401] [INFO]
Mensaje recibido - Sensor: qwdqw (ID: 1)
  Topic: GH_638755955152757579_5eab9415/7777777
  Valor: 25.76 0
════════════════════════════════════════
════════════════════════════════════════
[2025-02-20 19:14:35.312] [INFO]
Mensaje recibido - Sensor: qwdqw (ID: 1)
  Topic: GH_638755955152757579_5eab9415/7777777
  Valor: 20.72 0
════════════════════════════════════════
════════════════════════════════════════
[2025-02-20 19:14:33.336] [INFO]
Mensaje recibido - Sensor: qwdqw (ID: 1)
  Topic: GH_638755955152757579_5eab9415/7777777
  Valor: 26.06 0
════════════════════════════════════════
════════════════════════════════════════
[2025-02-20 19:14:31.276] [INFO]
Mensaje recibido - Sensor: qwdqw (ID: 1)
  Topic: GH_638755955152757579_5eab9415/7777777
  Valor: 29.32 0
════════════════════════════════════════
════════════════════════════════════════
[2025-02-20 19:14:29.315] [INFO]
Mensaje recibido - Sensor: qwdqw (ID: 1)
  Topic: GH_638755955152757579_5eab9415/7777777
  Valor: 25.54 0
════════════════════════════════════════
════════════════════════════════════════
[2025-02-20 19:14:27.258] [INFO]
Mensaje recibido - Sensor: qwdqw (ID: 1)
  Topic: GH_638755955152757579_5eab9415/7777777
  Valor: 33.03 0
════════════════════════════════════════
════════════════════════════════════════
[2025-02-20 19:14:25.192] [INFO]
Mensaje recibido - Sensor: qwdqw (ID: 1)
  Topic: GH_638755955152757579_5eab9415/7777777
  Valor: 40.04 0
════════════════════════════════════════
════════════════════════════════════════
[2025-02-20 19:14:23.188] [INFO]
Mensaje recibido - Sensor: qwdqw (ID: 1)
  Topic: GH_638755955152757579_5eab9415/7777777
  Valor: 34.05 0
════════════════════════════════════════
════════════════════════════════════════
[2025-02-20 19:14:21.243] [INFO]
Mensaje recibido - Sensor: qwdqw (ID: 1)
  Topic: GH_638755955152757579_5eab9415/7777777
  Valor: 23.17 0
════════════════════════════════════════
════════════════════════════════════════
[2025-02-20 19:14:19.104] [INFO]
Mensaje recibido - Sensor: qwdqw (ID: 1)
  Topic: GH_638755955152757579_5eab9415/7777777
  Valor: 31.52 0
════════════════════════════════════════
════════════════════════════════════════
[2025-02-20 19:14:17.103] [INFO]
Mensaje recibido - Sensor: qwdqw (ID: 1)
  Topic: GH_638755955152757579_5eab9415/7777777
  Valor: 48.93 0
════════════════════════════════════════
════════════════════════════════════════
[2025-02-20 19:14:15.080] [INFO]
Mensaje recibido - Sensor: qwdqw (ID: 1)
  Topic: GH_638755955152757579_5eab9415/7777777
  Valor: 23.95 0
════════════════════════════════════════
════════════════════════════════════════
[2025-02-20 19:14:13.068] [INFO]
Mensaje recibido - Sensor: qwdqw (ID: 1)
  Topic: GH_638755955152757579_5eab9415/7777777
  Valor: 40.36 0
════════════════════════════════════════
════════════════════════════════════════
[2025-02-20 19:14:11.013] [INFO]
Mensaje recibido - Sensor: qwdqw (ID: 1)
  Topic: GH_638755955152757579_5eab9415/7777777
  Valor: 19.81 0
════════════════════════════════════════
════════════════════════════════════════
[2025-02-20 19:14:09.013] [INFO]
Mensaje recibido - Sensor: qwdqw (ID: 1)
  Topic: GH_638755955152757579_5eab9415/7777777
  Valor: 33.30 0
════════════════════════════════════════
════════════════════════════════════════
[2025-02-20 19:14:07.017] [INFO]
Mensaje recibido - Sensor: qwdqw (ID: 1)
  Topic: GH_638755955152757579_5eab9415/7777777
  Valor: 25.32 0
════════════════════════════════════════
════════════════════════════════════════
[2025-02-20 19:14:04.965] [INFO]
Mensaje recibido - Sensor: qwdqw (ID: 1)
  Topic: GH_638755955152757579_5eab9415/7777777
  Valor: 42.76 0
════════════════════════════════════════
════════════════════════════════════════
[2025-02-20 19:14:03.267] [INFO]
Mensaje recibido - Sensor: qwdqw (ID: 1)
  Topic: GH_638755955152757579_5eab9415/7777777
  Valor: 23.45 0
════════════════════════════════════════
════════════════════════════════════════
[2025-02-20 19:14:01.000] [INFO]
Mensaje recibido - Sensor: qwdqw (ID: 1)
  Topic: GH_638755955152757579_5eab9415/7777777
  Valor: 21.02 0
════════════════════════════════════════
════════════════════════════════════════
[2025-02-20 19:13:59.259] [INFO]
Mensaje recibido - Sensor: qwdqw (ID: 1)
  Topic: GH_638755955152757579_5eab9415/7777777
  Valor: 35.61 0
════════════════════════════════════════
════════════════════════════════════════
[2025-02-20 19:13:57.067] [INFO]
Mensaje recibido - Sensor: qwdqw (ID: 1)
  Topic: GH_638755955152757579_5eab9415/7777777
  Valor: 46.10 0
════════════════════════════════════════
════════════════════════════════════════
[2025-02-20 19:13:54.855] [INFO]
Mensaje recibido - Sensor: qwdqw (ID: 1)
  Topic: GH_638755955152757579_5eab9415/7777777
  Valor: 45.77 0
════════════════════════════════════════
════════════════════════════════════════
[2025-02-20 19:13:52.837] [INFO]
Mensaje recibido - Sensor: qwdqw (ID: 1)
  Topic: GH_638755955152757579_5eab9415/7777777
  Valor: 41.18 0
════════════════════════════════════════
════════════════════════════════════════
[2025-02-20 19:13:51.009] [INFO]
Mensaje recibido - Sensor: qwdqw (ID: 1)
  Topic: GH_638755955152757579_5eab9415/7777777
  Valor: 29.64 0
════════════════════════════════════════
════════════════════════════════════════
[2025-02-20 19:13:48.812] [INFO]
Mensaje recibido - Sensor: qwdqw (ID: 1)
  Topic: GH_638755955152757579_5eab9415/7777777
  Valor: 34.68 0
════════════════════════════════════════
════════════════════════════════════════
[2025-02-20 19:13:46.786] [INFO]
Mensaje recibido - Sensor: qwdqw (ID: 1)
  Topic: GH_638755955152757579_5eab9415/7777777
  Valor: 25.89 0
════════════════════════════════════════
════════════════════════════════════════
[2025-02-20 19:13:44.925] [INFO]
Mensaje recibido - Sensor: qwdqw (ID: 1)
  Topic: GH_638755955152757579_5eab9415/7777777
  Valor: 19.49 0
════════════════════════════════════════
════════════════════════════════════════
[2025-02-20 19:13:42.964] [INFO]
Mensaje recibido - Sensor: qwdqw (ID: 1)
  Topic: GH_638755955152757579_5eab9415/7777777
  Valor: 32.79 0
════════════════════════════════════════
════════════════════════════════════════
[2025-02-20 19:13:40.770] [INFO]
Mensaje recibido - Sensor: qwdqw (ID: 1)
  Topic: GH_638755955152757579_5eab9415/7777777
  Valor: 49.43 0
════════════════════════════════════════
════════════════════════════════════════
[2025-02-20 19:13:38.918] [INFO]
Mensaje recibido - Sensor: qwdqw (ID: 1)
  Topic: GH_638755955152757579_5eab9415/7777777
  Valor: 39.36 0
════════════════════════════════════════
════════════════════════════════════════
[2025-02-20 19:13:36.653] [INFO]
Mensaje recibido - Sensor: qwdqw (ID: 1)
  Topic: GH_638755955152757579_5eab9415/7777777
  Valor: 20.98 0
════════════════════════════════════════
════════════════════════════════════════
[2025-02-20 19:13:34.789] [INFO]
Mensaje recibido - Sensor: qwdqw (ID: 1)
  Topic: GH_638755955152757579_5eab9415/7777777
  Valor: 44.83 0
════════════════════════════════════════
════════════════════════════════════════
[2025-02-20 19:13:32.780] [INFO]
Mensaje recibido - Sensor: qwdqw (ID: 1)
  Topic: GH_638755955152757579_5eab9415/7777777
  Valor: 20.21 0
════════════════════════════════════════
════════════════════════════════════════
[2025-02-20 19:13:30.630] [INFO]
Mensaje recibido - Sensor: qwdqw (ID: 1)
  Topic: GH_638755955152757579_5eab9415/7777777
  Valor: 42.30 0
════════════════════════════════════════
════════════════════════════════════════
[2025-02-20 19:13:28.819] [INFO]
Mensaje recibido - Sensor: qwdqw (ID: 1)
  Topic: GH_638755955152757579_5eab9415/7777777
  Valor: 38.41 0
════════════════════════════════════════
════════════════════════════════════════
[2025-02-20 19:13:26.559] [INFO]
Mensaje recibido - Sensor: qwdqw (ID: 1)
  Topic: GH_638755955152757579_5eab9415/7777777
  Valor: 21.32 0
════════════════════════════════════════
════════════════════════════════════════
[2025-02-20 19:13:24.497] [INFO]
Mensaje recibido - Sensor: qwdqw (ID: 1)
  Topic: GH_638755955152757579_5eab9415/7777777
  Valor: 49.46 0
════════════════════════════════════════
════════════════════════════════════════
[2025-02-20 19:13:22.699] [INFO]
Mensaje recibido - Sensor: qwdqw (ID: 1)
  Topic: GH_638755955152757579_5eab9415/7777777
  Valor: 30.14 0
════════════════════════════════════════
════════════════════════════════════════
[2025-02-20 19:13:20.549] [INFO]
Mensaje recibido - Sensor: qwdqw (ID: 1)
  Topic: GH_638755955152757579_5eab9415/7777777
  Valor: 32.73 0
════════════════════════════════════════
════════════════════════════════════════
[2025-02-20 19:13:18.531] [INFO]
Mensaje recibido - Sensor: qwdqw (ID: 1)
  Topic: GH_638755955152757579_5eab9415/7777777
  Valor: 49.91 0
════════════════════════════════════════
════════════════════════════════════════
[2025-02-20 19:13:16.538] [INFO]
Mensaje recibido - Sensor: qwdqw (ID: 1)
  Topic: GH_638755955152757579_5eab9415/7777777
  Valor: 35.40 0
════════════════════════════════════════
════════════════════════════════════════
[2025-02-20 19:13:14.448] [INFO]
Mensaje recibido - Sensor: qwdqw (ID: 1)
  Topic: GH_638755955152757579_5eab9415/7777777
  Valor: 31.19 0
════════════════════════════════════════
════════════════════════════════════════
[2025-02-20 19:13:12.449] [INFO]
Mensaje recibido - Sensor: qwdqw (ID: 1)
  Topic: GH_638755955152757579_5eab9415/7777777
  Valor: 26.23 0
════════════════════════════════════════
════════════════════════════════════════
[2025-02-20 19:13:10.321] [INFO]
Mensaje recibido - Sensor: qwdqw (ID: 1)
  Topic: GH_638755955152757579_5eab9415/7777777
  Valor: 35.09 0
════════════════════════════════════════
════════════════════════════════════════
[2025-02-20 19:13:08.371] [INFO]
Mensaje recibido - Sensor: qwdqw (ID: 1)
  Topic: GH_638755955152757579_5eab9415/7777777
  Valor: 47.26 0
════════════════════════════════════════
════════════════════════════════════════
[2025-02-20 19:13:06.292] [INFO]
Mensaje recibido - Sensor: qwdqw (ID: 1)
  Topic: GH_638755955152757579_5eab9415/7777777
  Valor: 32.97 0
════════════════════════════════════════
════════════════════════════════════════
[2025-02-20 19:13:04.242] [INFO]
Mensaje recibido - Sensor: qwdqw (ID: 1)
  Topic: GH_638755955152757579_5eab9415/7777777
  Valor: 28.78 0
════════════════════════════════════════
════════════════════════════════════════
[2025-02-20 19:13:02.228] [INFO]
Mensaje recibido - Sensor: qwdqw (ID: 1)
  Topic: GH_638755955152757579_5eab9415/7777777
  Valor: 21.43 0
════════════════════════════════════════
════════════════════════════════════════
[2025-02-20 19:13:00.227] [INFO]
Mensaje recibido - Sensor: qwdqw (ID: 1)
  Topic: GH_638755955152757579_5eab9415/7777777
  Valor: 28.29 0
════════════════════════════════════════
════════════════════════════════════════
[2025-02-20 19:12:58.233] [INFO]
Mensaje recibido - Sensor: qwdqw (ID: 1)
  Topic: GH_638755955152757579_5eab9415/7777777
  Valor: 37.55 0
════════════════════════════════════════
════════════════════════════════════════
[2025-02-20 19:12:56.142] [INFO]
Mensaje recibido - Sensor: qwdqw (ID: 1)
  Topic: GH_638755955152757579_5eab9415/7777777
  Valor: 41.57 0
════════════════════════════════════════
════════════════════════════════════════
[2025-02-20 19:12:54.109] [INFO]
Mensaje recibido - Sensor: qwdqw (ID: 1)
  Topic: GH_638755955152757579_5eab9415/7777777
  Valor: 27.88 0
════════════════════════════════════════
════════════════════════════════════════
[2025-02-20 19:12:52.154] [INFO]
Mensaje recibido - Sensor: qwdqw (ID: 1)
  Topic: GH_638755955152757579_5eab9415/7777777
  Valor: 34.39 0
════════════════════════════════════════
════════════════════════════════════════
[2025-02-20 19:12:50.144] [INFO]
Mensaje recibido - Sensor: qwdqw (ID: 1)
  Topic: GH_638755955152757579_5eab9415/7777777
  Valor: 47.51 0
════════════════════════════════════════
════════════════════════════════════════
[2025-02-20 19:12:48.111] [INFO]
Mensaje recibido - Sensor: qwdqw (ID: 1)
  Topic: GH_638755955152757579_5eab9415/7777777
  Valor: 21.38 0
════════════════════════════════════════
════════════════════════════════════════
[2025-02-20 19:12:46.059] [INFO]
Mensaje recibido - Sensor: qwdqw (ID: 1)
  Topic: GH_638755955152757579_5eab9415/7777777
  Valor: 36.99 0
════════════════════════════════════════
════════════════════════════════════════
[2025-02-20 19:12:44.024] [INFO]
Mensaje recibido - Sensor: qwdqw (ID: 1)
  Topic: GH_638755955152757579_5eab9415/7777777
  Valor: 30.28 0
════════════════════════════════════════
════════════════════════════════════════
[2025-02-20 19:12:42.018] [INFO]
Mensaje recibido - Sensor: qwdqw (ID: 1)
  Topic: GH_638755955152757579_5eab9415/7777777
  Valor: 28.06 0
════════════════════════════════════════
════════════════════════════════════════
[2025-02-20 19:12:40.064] [INFO]
Mensaje recibido - Sensor: qwdqw (ID: 1)
  Topic: GH_638755955152757579_5eab9415/7777777
  Valor: 24.55 0
════════════════════════════════════════
════════════════════════════════════════
[2025-02-20 19:12:37.987] [INFO]
Mensaje recibido - Sensor: qwdqw (ID: 1)
  Topic: GH_638755955152757579_5eab9415/7777777
  Valor: 27.38 0
════════════════════════════════════════
════════════════════════════════════════
[2025-02-20 19:12:36.100] [INFO]
Mensaje recibido - Sensor: qwdqw (ID: 1)
  Topic: GH_638755955152757579_5eab9415/7777777
  Valor: 37.33 0
════════════════════════════════════════
════════════════════════════════════════
[2025-02-20 19:12:33.919] [INFO]
Mensaje recibido - Sensor: qwdqw (ID: 1)
  Topic: GH_638755955152757579_5eab9415/7777777
  Valor: 26.67 0
════════════════════════════════════════
════════════════════════════════════════
[2025-02-20 19:12:31.949] [INFO]
Mensaje recibido - Sensor: qwdqw (ID: 1)
  Topic: GH_638755955152757579_5eab9415/7777777
  Valor: 40.57 0
════════════════════════════════════════
════════════════════════════════════════
[2025-02-20 19:12:29.999] [INFO]
Mensaje recibido - Sensor: qwdqw (ID: 1)
  Topic: GH_638755955152757579_5eab9415/7777777
  Valor: 37.46 0
════════════════════════════════════════
════════════════════════════════════════
[2025-02-20 19:12:27.868] [INFO]
Mensaje recibido - Sensor: qwdqw (ID: 1)
  Topic: GH_638755955152757579_5eab9415/7777777
  Valor: 35.34 0
════════════════════════════════════════
════════════════════════════════════════
[2025-02-20 19:12:25.845] [INFO]
Mensaje recibido - Sensor: qwdqw (ID: 1)
  Topic: GH_638755955152757579_5eab9415/7777777
  Valor: 41.67 0
════════════════════════════════════════
════════════════════════════════════════
[2025-02-20 19:12:23.870] [INFO]
Mensaje recibido - Sensor: qwdqw (ID: 1)
  Topic: GH_638755955152757579_5eab9415/7777777
  Valor: 28.33 0
════════════════════════════════════════
════════════════════════════════════════
[2025-02-20 19:12:21.935] [INFO]
Mensaje recibido - Sensor: qwdqw (ID: 1)
  Topic: GH_638755955152757579_5eab9415/7777777
  Valor: 29.93 0
════════════════════════════════════════
════════════════════════════════════════
[2025-02-20 19:12:19.804] [INFO]
Mensaje recibido - Sensor: qwdqw (ID: 1)
  Topic: GH_638755955152757579_5eab9415/7777777
  Valor: 32.52 0
════════════════════════════════════════
════════════════════════════════════════
[2025-02-20 19:12:17.776] [INFO]
Mensaje recibido - Sensor: qwdqw (ID: 1)
  Topic: GH_638755955152757579_5eab9415/7777777
  Valor: 49.18 0
════════════════════════════════════════
════════════════════════════════════════
[2025-02-20 19:12:15.778] [INFO]
Mensaje recibido - Sensor: qwdqw (ID: 1)
  Topic: GH_638755955152757579_5eab9415/7777777
  Valor: 25.98 0
════════════════════════════════════════
════════════════════════════════════════
[2025-02-20 19:12:13.843] [INFO]
Mensaje recibido - Sensor: qwdqw (ID: 1)
  Topic: GH_638755955152757579_5eab9415/7777777
  Valor: 29.48 0
════════════════════════════════════════
════════════════════════════════════════
[2025-02-20 19:12:11.750] [INFO]
Mensaje recibido - Sensor: qwdqw (ID: 1)
  Topic: GH_638755955152757579_5eab9415/7777777
  Valor: 26.96 0
════════════════════════════════════════
════════════════════════════════════════
[2025-02-20 19:12:09.744] [INFO]
Mensaje recibido - Sensor: qwdqw (ID: 1)
  Topic: GH_638755955152757579_5eab9415/7777777
  Valor: 36.82 0
════════════════════════════════════════
════════════════════════════════════════
[2025-02-20 19:12:07.765] [INFO]
Mensaje recibido - Sensor: qwdqw (ID: 1)
  Topic: GH_638755955152757579_5eab9415/7777777
  Valor: 33.31 0
════════════════════════════════════════
════════════════════════════════════════
[2025-02-20 19:12:05.688] [INFO]
Mensaje recibido - Sensor: qwdqw (ID: 1)
  Topic: GH_638755955152757579_5eab9415/7777777
  Valor: 37.70 0
════════════════════════════════════════
════════════════════════════════════════
[2025-02-20 19:12:03.729] [INFO]
Mensaje recibido - Sensor: qwdqw (ID: 1)
  Topic: GH_638755955152757579_5eab9415/7777777
  Valor: 22.54 0
════════════════════════════════════════
════════════════════════════════════════
[2025-02-20 19:12:01.795] [INFO]
Mensaje recibido - Sensor: qwdqw (ID: 1)
  Topic: GH_638755955152757579_5eab9415/7777777
  Valor: 20.55 0
════════════════════════════════════════
════════════════════════════════════════
[2025-02-20 19:11:59.563] [INFO]
Mensaje recibido - Sensor: qwdqw (ID: 1)
  Topic: GH_638755955152757579_5eab9415/7777777
  Valor: 23.68 0
════════════════════════════════════════
════════════════════════════════════════
[2025-02-20 19:11:57.606] [INFO]
Mensaje recibido - Sensor: qwdqw (ID: 1)
  Topic: GH_638755955152757579_5eab9415/7777777
  Valor: 41.44 0
════════════════════════════════════════
════════════════════════════════════════
[2025-02-20 19:11:55.651] [INFO]
Mensaje recibido - Sensor: qwdqw (ID: 1)
  Topic: GH_638755955152757579_5eab9415/7777777
  Valor: 27.52 0
════════════════════════════════════════
════════════════════════════════════════
[2025-02-20 19:11:53.614] [INFO]
Mensaje recibido - Sensor: qwdqw (ID: 1)
  Topic: GH_638755955152757579_5eab9415/7777777
  Valor: 31.76 0
════════════════════════════════════════
════════════════════════════════════════
[2025-02-20 19:11:51.517] [INFO]
Mensaje recibido - Sensor: qwdqw (ID: 1)
  Topic: GH_638755955152757579_5eab9415/7777777
  Valor: 40.33 0
════════════════════════════════════════
════════════════════════════════════════
[2025-02-20 19:11:49.509] [INFO]
Mensaje recibido - Sensor: qwdqw (ID: 1)
  Topic: GH_638755955152757579_5eab9415/7777777
  Valor: 34.34 0
════════════════════════════════════════
════════════════════════════════════════
[2025-02-20 19:11:47.573] [INFO]
Mensaje recibido - Sensor: qwdqw (ID: 1)
  Topic: GH_638755955152757579_5eab9415/7777777
  Valor: 49.30 0
════════════════════════════════════════
════════════════════════════════════════
[2025-02-20 19:11:45.464] [INFO]
Mensaje recibido - Sensor: qwdqw (ID: 1)
  Topic: GH_638755955152757579_5eab9415/7777777
  Valor: 40.40 0
════════════════════════════════════════
════════════════════════════════════════
[2025-02-20 19:11:43.463] [INFO]
Mensaje recibido - Sensor: qwdqw (ID: 1)
  Topic: GH_638755955152757579_5eab9415/7777777
  Valor: 23.63 0
════════════════════════════════════════
════════════════════════════════════════
[2025-02-20 19:11:41.494] [INFO]
Mensaje recibido - Sensor: qwdqw (ID: 1)
  Topic: GH_638755955152757579_5eab9415/7777777
  Valor: 43.73 0
════════════════════════════════════════
════════════════════════════════════════
[2025-02-20 19:11:39.413] [INFO]
Mensaje recibido - Sensor: qwdqw (ID: 1)
  Topic: GH_638755955152757579_5eab9415/7777777
  Valor: 19.82 0
════════════════════════════════════════
════════════════════════════════════════
[2025-02-20 19:11:37.377] [INFO]
Mensaje recibido - Sensor: qwdqw (ID: 1)
  Topic: GH_638755955152757579_5eab9415/7777777
  Valor: 43.21 0
════════════════════════════════════════
════════════════════════════════════════
[2025-02-20 19:11:35.373] [INFO]
Mensaje recibido - Sensor: qwdqw (ID: 1)
  Topic: GH_638755955152757579_5eab9415/7777777
  Valor: 26.65 0
════════════════════════════════════════
════════════════════════════════════════
[2025-02-20 19:11:33.297] [INFO]
Mensaje recibido - Sensor: qwdqw (ID: 1)
  Topic: GH_638755955152757579_5eab9415/7777777
  Valor: 41.48 0
════════════════════════════════════════
════════════════════════════════════════
[2025-02-20 19:11:31.464] [INFO]
Mensaje recibido - Sensor: qwdqw (ID: 1)
  Topic: GH_638755955152757579_5eab9415/7777777
  Valor: 43.77 0
════════════════════════════════════════
════════════════════════════════════════
[2025-02-20 19:11:29.237] [INFO]
Mensaje recibido - Sensor: qwdqw (ID: 1)
  Topic: GH_638755955152757579_5eab9415/7777777
  Valor: 46.31 0
════════════════════════════════════════
════════════════════════════════════════
[2025-02-20 19:11:27.387] [INFO]
Mensaje recibido - Sensor: qwdqw (ID: 1)
  Topic: GH_638755955152757579_5eab9415/7777777
  Valor: 25.49 0
════════════════════════════════════════
════════════════════════════════════════
[2025-02-20 19:11:25.319] [INFO]
Mensaje recibido - Sensor: qwdqw (ID: 1)
  Topic: GH_638755955152757579_5eab9415/7777777
  Valor: 29.41 0
════════════════════════════════════════
════════════════════════════════════════
[2025-02-20 19:11:23.502] [INFO]
Mensaje recibido - Sensor: qwdqw (ID: 1)
  Topic: GH_638755955152757579_5eab9415/7777777
  Valor: 38.81 0
════════════════════════════════════════
════════════════════════════════════════
[2025-02-20 19:11:21.174] [INFO]
Mensaje recibido - Sensor: qwdqw (ID: 1)
  Topic: GH_638755955152757579_5eab9415/7777777
  Valor: 40.95 0
════════════════════════════════════════
════════════════════════════════════════
[2025-02-20 19:11:19.159] [INFO]
Mensaje recibido - Sensor: qwdqw (ID: 1)
  Topic: GH_638755955152757579_5eab9415/7777777
  Valor: 27.33 0
════════════════════════════════════════
════════════════════════════════════════
[2025-02-20 19:11:17.122] [INFO]
Mensaje recibido - Sensor: qwdqw (ID: 1)
  Topic: GH_638755955152757579_5eab9415/7777777
  Valor: 32.54 0
════════════════════════════════════════
════════════════════════════════════════
[2025-02-20 19:11:15.196] [INFO]
Mensaje recibido - Sensor: qwdqw (ID: 1)
  Topic: GH_638755955152757579_5eab9415/7777777
  Valor: 22.78 0
════════════════════════════════════════
════════════════════════════════════════
[2025-02-20 19:11:13.132] [INFO]
Mensaje recibido - Sensor: qwdqw (ID: 1)
  Topic: GH_638755955152757579_5eab9415/7777777
  Valor: 47.23 0
════════════════════════════════════════
════════════════════════════════════════
[2025-02-20 19:11:11.081] [INFO]
Mensaje recibido - Sensor: qwdqw (ID: 1)
  Topic: GH_638755955152757579_5eab9415/7777777
  Valor: 39.79 0
════════════════════════════════════════
════════════════════════════════════════
[2025-02-20 19:11:09.114] [INFO]
Mensaje recibido - Sensor: qwdqw (ID: 1)
  Topic: GH_638755955152757579_5eab9415/7777777
  Valor: 33.53 0
════════════════════════════════════════
════════════════════════════════════════
[2025-02-20 19:11:07.142] [INFO]
Mensaje recibido - Sensor: qwdqw (ID: 1)
  Topic: GH_638755955152757579_5eab9415/7777777
  Valor: 24.00 0
════════════════════════════════════════
════════════════════════════════════════
[2025-02-20 19:11:05.085] [INFO]
Mensaje recibido - Sensor: qwdqw (ID: 1)
  Topic: GH_638755955152757579_5eab9415/7777777
  Valor: 36.60 0
════════════════════════════════════════
════════════════════════════════════════
[2025-02-20 19:11:03.195] [INFO]
Mensaje recibido - Sensor: qwdqw (ID: 1)
  Topic: GH_638755955152757579_5eab9415/7777777
  Valor: 20.31 0
════════════════════════════════════════
════════════════════════════════════════
[2025-02-20 19:11:01.033] [INFO]
Mensaje recibido - Sensor: qwdqw (ID: 1)
  Topic: GH_638755955152757579_5eab9415/7777777
  Valor: 29.06 0
════════════════════════════════════════
════════════════════════════════════════
[2025-02-20 19:10:58.970] [INFO]
Mensaje recibido - Sensor: qwdqw (ID: 1)
  Topic: GH_638755955152757579_5eab9415/7777777
  Valor: 47.39 0
════════════════════════════════════════
════════════════════════════════════════
[2025-02-20 19:10:57.009] [INFO]
Mensaje recibido - Sensor: qwdqw (ID: 1)
  Topic: GH_638755955152757579_5eab9415/7777777
  Valor: 36.85 0
════════════════════════════════════════
════════════════════════════════════════
[2025-02-20 19:10:54.993] [INFO]
Mensaje recibido - Sensor: qwdqw (ID: 1)
  Topic: GH_638755955152757579_5eab9415/7777777
  Valor: 36.01 0
════════════════════════════════════════
════════════════════════════════════════
[2025-02-20 19:10:52.782] [INFO]
Mensaje recibido - Sensor: qwdqw (ID: 1)
  Topic: GH_638755955152757579_5eab9415/7777777
  Valor: 42.03 0
════════════════════════════════════════
