════════════════════════════════════════
Último mensaje recibido hace: 30,0 segundos
[2025-03-04 19:32:01.312] FIN DE RECEPCIÓN DE DATOS
════════════════════════════════════════
════════════════════════════════════════
Timestamp: 2025-03-04 19:31:31.282
Sensor: Temperatura 3
Valor: 39.20 0
════════════════════════════════════════
════════════════════════════════════════
Timestamp: 2025-03-04 19:31:29.124
Sensor: Temperatura 3
Valor: 41.21 0
════════════════════════════════════════
════════════════════════════════════════
Timestamp: 2025-03-04 19:31:27.082
Sensor: Temperatura 3
Valor: 25.46 0
════════════════════════════════════════
════════════════════════════════════════
Timestamp: 2025-03-04 19:31:24.983
Sensor: Temperatura 3
Valor: 36.59 0
════════════════════════════════════════
════════════════════════════════════════
Timestamp: 2025-03-04 19:31:23.059
Sensor: Temperatura 3
Valor: 23.15 0
════════════════════════════════════════
════════════════════════════════════════
Timestamp: 2025-03-04 19:31:20.985
Sensor: Temperatura 3
Valor: 29.21 0
════════════════════════════════════════
════════════════════════════════════════
Timestamp: 2025-03-04 19:31:18.879
Sensor: Temperatura 3
Valor: 42.83 0
════════════════════════════════════════
════════════════════════════════════════
Timestamp: 2025-03-04 19:31:16.948
Sensor: Temperatura 3
Valor: 30.71 0
════════════════════════════════════════
════════════════════════════════════════
Timestamp: 2025-03-04 19:31:14.830
Sensor: Temperatura 3
Valor: 42.10 0
════════════════════════════════════════
════════════════════════════════════════
Timestamp: 2025-03-04 19:31:12.922
Sensor: Temperatura 3
Valor: 45.94 0
════════════════════════════════════════
════════════════════════════════════════
Timestamp: 2025-03-04 19:31:10.933
Sensor: Temperatura 3
Valor: 27.54 0
════════════════════════════════════════
════════════════════════════════════════
Timestamp: 2025-03-04 19:31:08.947
Sensor: Temperatura 3
Valor: 28.92 0
════════════════════════════════════════
════════════════════════════════════════
Timestamp: 2025-03-04 19:31:06.764
Sensor: Temperatura 3
Valor: 32.45 0
════════════════════════════════════════
════════════════════════════════════════
Timestamp: 2025-03-04 19:31:04.893
Sensor: Temperatura 3
Valor: 29.23 0
════════════════════════════════════════
════════════════════════════════════════
Timestamp: 2025-03-04 19:31:02.730
Sensor: Temperatura 3
Valor: 49.59 0
════════════════════════════════════════
════════════════════════════════════════
Timestamp: 2025-03-04 19:31:00.842
Sensor: Temperatura 3
Valor: 26.15 0
════════════════════════════════════════
════════════════════════════════════════
Timestamp: 2025-03-04 19:30:58.646
Sensor: Temperatura 3
Valor: 24.54 0
════════════════════════════════════════
════════════════════════════════════════
Timestamp: 2025-03-04 19:30:56.615
Sensor: Temperatura 3
Valor: 32.26 0
════════════════════════════════════════
════════════════════════════════════════
Timestamp: 2025-03-04 19:30:54.595
Sensor: Temperatura 3
Valor: 40.00 0
════════════════════════════════════════
════════════════════════════════════════
Timestamp: 2025-03-04 19:30:52.570
Sensor: Temperatura 3
Valor: 44.15 0
════════════════════════════════════════
════════════════════════════════════════
Timestamp: 2025-03-04 19:30:50.604
Sensor: Temperatura 3
Valor: 25.43 0
════════════════════════════════════════
════════════════════════════════════════
Timestamp: 2025-03-04 19:30:48.557
Sensor: Temperatura 3
Valor: 19.78 0
════════════════════════════════════════
════════════════════════════════════════
Timestamp: 2025-03-04 19:30:46.526
Sensor: Temperatura 3
Valor: 27.87 0
════════════════════════════════════════
════════════════════════════════════════
Timestamp: 2025-03-04 19:30:44.551
Sensor: Temperatura 3
Valor: 45.97 0
════════════════════════════════════════
════════════════════════════════════════
Timestamp: 2025-03-04 19:30:42.538
Sensor: Temperatura 3
Valor: 37.77 0
════════════════════════════════════════
════════════════════════════════════════
Timestamp: 2025-03-04 19:30:40.447
Sensor: Temperatura 3
Valor: 21.11 0
════════════════════════════════════════
════════════════════════════════════════
Timestamp: 2025-03-04 19:30:38.454
Sensor: Temperatura 3
Valor: 44.65 0
════════════════════════════════════════
════════════════════════════════════════
Timestamp: 2025-03-04 19:30:37.049
Sensor: Temperatura 3
Valor: 39.48 0
════════════════════════════════════════
════════════════════════════════════════
Timestamp: 2025-03-04 19:30:34.389
Sensor: Temperatura 3
Valor: 44.62 0
════════════════════════════════════════
════════════════════════════════════════
Timestamp: 2025-03-04 19:30:32.379
Sensor: Temperatura 3
Valor: 42.30 0
════════════════════════════════════════
════════════════════════════════════════
Timestamp: 2025-03-04 19:30:30.348
Sensor: Temperatura 3
Valor: 42.07 0
════════════════════════════════════════
════════════════════════════════════════
Timestamp: 2025-03-04 19:30:28.443
Sensor: Temperatura 3
Valor: 25.62 0
════════════════════════════════════════
════════════════════════════════════════
Timestamp: 2025-03-04 19:30:26.305
Sensor: Temperatura 3
Valor: 37.60 0
════════════════════════════════════════
════════════════════════════════════════
Timestamp: 2025-03-04 19:30:24.295
Sensor: Temperatura 3
Valor: 44.24 0
════════════════════════════════════════
════════════════════════════════════════
Timestamp: 2025-03-04 19:30:22.602
Sensor: Temperatura 3
Valor: 35.42 0
════════════════════════════════════════
════════════════════════════════════════
Timestamp: 2025-03-04 19:30:20.306
Sensor: Temperatura 3
Valor: 43.22 0
════════════════════════════════════════
════════════════════════════════════════
Timestamp: 2025-03-04 19:30:18.238
Sensor: Temperatura 3
Valor: 23.17 0
════════════════════════════════════════
════════════════════════════════════════
Timestamp: 2025-03-04 19:30:16.187
Sensor: Temperatura 3
Valor: 41.79 0
════════════════════════════════════════
════════════════════════════════════════
Timestamp: 2025-03-04 19:30:14.167
Sensor: Temperatura 3
Valor: 34.95 0
════════════════════════════════════════
════════════════════════════════════════
Timestamp: 2025-03-04 19:30:12.137
Sensor: Temperatura 3
Valor: 43.44 0
════════════════════════════════════════
════════════════════════════════════════
Timestamp: 2025-03-04 19:30:10.266
Sensor: Temperatura 3
Valor: 41.84 0
════════════════════════════════════════
════════════════════════════════════════
Timestamp: 2025-03-04 19:30:08.144
Sensor: Temperatura 3
Valor: 37.17 0
════════════════════════════════════════
════════════════════════════════════════
Timestamp: 2025-03-04 19:30:06.250
Sensor: Temperatura 3
Valor: 27.47 0
════════════════════════════════════════
════════════════════════════════════════
Timestamp: 2025-03-04 19:30:04.322
Sensor: Temperatura 3
Valor: 47.88 0
════════════════════════════════════════
════════════════════════════════════════
Timestamp: 2025-03-04 19:30:02.187
Sensor: Temperatura 3
Valor: 40.54 0
════════════════════════════════════════
════════════════════════════════════════
Timestamp: 2025-03-04 19:30:00.102
Sensor: Temperatura 3
Valor: 37.43 0
════════════════════════════════════════
════════════════════════════════════════
Timestamp: 2025-03-04 19:29:58.054
Sensor: Temperatura 3
Valor: 49.07 0
════════════════════════════════════════
════════════════════════════════════════
Timestamp: 2025-03-04 19:29:56.073
Sensor: Temperatura 3
Valor: 33.63 0
════════════════════════════════════════
════════════════════════════════════════
Timestamp: 2025-03-04 19:29:54.040
Sensor: Temperatura 3
Valor: 26.67 0
════════════════════════════════════════
════════════════════════════════════════
Timestamp: 2025-03-04 19:29:51.985
Sensor: Temperatura 3
Valor: 39.72 0
════════════════════════════════════════
════════════════════════════════════════
Timestamp: 2025-03-04 19:29:50.216
Sensor: Temperatura 3
Valor: 29.04 0
════════════════════════════════════════
════════════════════════════════════════
Timestamp: 2025-03-04 19:29:47.969
Sensor: Temperatura 3
Valor: 46.70 0
════════════════════════════════════════
════════════════════════════════════════
Timestamp: 2025-03-04 19:29:46.063
Sensor: Temperatura 3
Valor: 26.24 0
════════════════════════════════════════
════════════════════════════════════════
Timestamp: 2025-03-04 19:29:43.966
Sensor: Temperatura 3
Valor: 40.02 0
════════════════════════════════════════
════════════════════════════════════════
Timestamp: 2025-03-04 19:29:41.992
Sensor: Temperatura 3
Valor: 30.05 0
════════════════════════════════════════
════════════════════════════════════════
Timestamp: 2025-03-04 19:29:40.127
Sensor: Temperatura 3
Valor: 26.83 0
════════════════════════════════════════
════════════════════════════════════════
Timestamp: 2025-03-04 19:29:38.013
Sensor: Temperatura 3
Valor: 38.42 0
════════════════════════════════════════
════════════════════════════════════════
Timestamp: 2025-03-04 19:29:35.818
Sensor: Temperatura 3
Valor: 28.56 0
════════════════════════════════════════
════════════════════════════════════════
Timestamp: 2025-03-04 19:29:33.834
Sensor: Temperatura 3
Valor: 19.64 0
════════════════════════════════════════
════════════════════════════════════════
Timestamp: 2025-03-04 19:29:31.853
Sensor: Temperatura 3
Valor: 30.68 0
════════════════════════════════════════
════════════════════════════════════════
Timestamp: 2025-03-04 19:29:29.884
Sensor: Temperatura 3
Valor: 36.11 0
════════════════════════════════════════
════════════════════════════════════════
Timestamp: 2025-03-04 19:29:27.757
Sensor: Temperatura 3
Valor: 30.57 0
════════════════════════════════════════
════════════════════════════════════════
Timestamp: 2025-03-04 19:29:25.730
Sensor: Temperatura 3
Valor: 27.88 0
════════════════════════════════════════
════════════════════════════════════════
Timestamp: 2025-03-04 19:29:23.727
Sensor: Temperatura 3
Valor: 32.11 0
════════════════════════════════════════
════════════════════════════════════════
Timestamp: 2025-03-04 19:29:21.767
Sensor: Temperatura 3
Valor: 21.11 0
════════════════════════════════════════
════════════════════════════════════════
Timestamp: 2025-03-04 19:29:19.653
Sensor: Temperatura 3
Valor: 34.72 0
════════════════════════════════════════
════════════════════════════════════════
Timestamp: 2025-03-04 19:29:17.637
Sensor: Temperatura 3
Valor: 22.20 0
════════════════════════════════════════
════════════════════════════════════════
Timestamp: 2025-03-04 19:29:15.740
Sensor: Temperatura 3
Valor: 26.54 0
════════════════════════════════════════
════════════════════════════════════════
Timestamp: 2025-03-04 19:29:13.962
Sensor: Temperatura 3
Valor: 25.34 0
════════════════════════════════════════
════════════════════════════════════════
Timestamp: 2025-03-04 19:29:11.788
Sensor: Temperatura 3
Valor: 36.97 0
════════════════════════════════════════
════════════════════════════════════════
Timestamp: 2025-03-04 19:29:09.650
Sensor: Temperatura 3
Valor: 41.76 0
════════════════════════════════════════
════════════════════════════════════════
Timestamp: 2025-03-04 19:29:07.587
Sensor: Temperatura 3
Valor: 21.23 0
════════════════════════════════════════
════════════════════════════════════════
Timestamp: 2025-03-04 19:29:05.496
Sensor: Temperatura 3
Valor: 20.30 0
════════════════════════════════════════
════════════════════════════════════════
Timestamp: 2025-03-04 19:29:03.495
Sensor: Temperatura 3
Valor: 41.25 0
════════════════════════════════════════
════════════════════════════════════════
Timestamp: 2025-03-04 19:29:01.547
Sensor: Temperatura 3
Valor: 23.06 0
════════════════════════════════════════
════════════════════════════════════════
Timestamp: 2025-03-04 19:28:59.444
Sensor: Temperatura 3
Valor: 34.18 0
════════════════════════════════════════
════════════════════════════════════════
Timestamp: 2025-03-04 19:28:57.507
Sensor: Temperatura 3
Valor: 47.36 0
════════════════════════════════════════
════════════════════════════════════════
Timestamp: 2025-03-04 19:28:55.484
Sensor: Temperatura 3
Valor: 29.95 0
════════════════════════════════════════
════════════════════════════════════════
Timestamp: 2025-03-04 19:28:53.379
Sensor: Temperatura 3
Valor: 33.44 0
════════════════════════════════════════
════════════════════════════════════════
Timestamp: 2025-03-04 19:28:51.355
Sensor: Temperatura 3
Valor: 35.48 0
════════════════════════════════════════
════════════════════════════════════════
Timestamp: 2025-03-04 19:28:49.383
Sensor: Temperatura 3
Valor: 28.75 0
════════════════════════════════════════
════════════════════════════════════════
Timestamp: 2025-03-04 19:28:47.424
Sensor: Temperatura 3
Valor: 30.62 0
════════════════════════════════════════
════════════════════════════════════════
Timestamp: 2025-03-04 19:28:45.387
Sensor: Temperatura 3
Valor: 43.91 0
════════════════════════════════════════
════════════════════════════════════════
Timestamp: 2025-03-04 19:28:43.511
Sensor: Temperatura 3
Valor: 42.76 0
════════════════════════════════════════
════════════════════════════════════════
Timestamp: 2025-03-04 19:28:41.284
Sensor: Temperatura 3
Valor: 45.72 0
════════════════════════════════════════
════════════════════════════════════════
Timestamp: 2025-03-04 19:28:39.227
Sensor: Temperatura 3
Valor: 24.95 0
════════════════════════════════════════
════════════════════════════════════════
Timestamp: 2025-03-04 19:28:37.227
Sensor: Temperatura 3
Valor: 41.53 0
════════════════════════════════════════
════════════════════════════════════════
Timestamp: 2025-03-04 19:28:35.245
Sensor: Temperatura 3
Valor: 39.60 0
════════════════════════════════════════
════════════════════════════════════════
Timestamp: 2025-03-04 19:28:33.204
Sensor: Temperatura 3
Valor: 32.69 0
════════════════════════════════════════
════════════════════════════════════════
Timestamp: 2025-03-04 19:28:31.148
Sensor: Temperatura 3
Valor: 34.52 0
════════════════════════════════════════
════════════════════════════════════════
Timestamp: 2025-03-04 19:28:29.170
Sensor: Temperatura 3
Valor: 33.92 0
════════════════════════════════════════
════════════════════════════════════════
Timestamp: 2025-03-04 19:28:27.143
Sensor: Temperatura 3
Valor: 48.35 0
════════════════════════════════════════
════════════════════════════════════════
Timestamp: 2025-03-04 19:28:25.144
Sensor: Temperatura 3
Valor: 48.12 0
════════════════════════════════════════
════════════════════════════════════════
Timestamp: 2025-03-04 19:28:23.131
Sensor: Temperatura 3
Valor: 36.99 0
════════════════════════════════════════
════════════════════════════════════════
Timestamp: 2025-03-04 19:28:21.142
Sensor: Temperatura 3
Valor: 36.48 0
════════════════════════════════════════
════════════════════════════════════════
Timestamp: 2025-03-04 19:28:19.032
Sensor: Temperatura 3
Valor: 24.54 0
════════════════════════════════════════
════════════════════════════════════════
Timestamp: 2025-03-04 19:28:17.051
Sensor: Temperatura 3
Valor: 24.54 0
════════════════════════════════════════
════════════════════════════════════════
Timestamp: 2025-03-04 19:28:15.084
Sensor: Temperatura 3
Valor: 19.72 0
════════════════════════════════════════
════════════════════════════════════════
Timestamp: 2025-03-04 19:28:12.947
Sensor: Temperatura 3
Valor: 24.16 0
════════════════════════════════════════
════════════════════════════════════════
Timestamp: 2025-03-04 19:28:10.973
Sensor: Temperatura 3
Valor: 38.30 0
════════════════════════════════════════
════════════════════════════════════════
Timestamp: 2025-03-04 19:28:08.974
Sensor: Temperatura 3
Valor: 28.73 0
════════════════════════════════════════
════════════════════════════════════════
Timestamp: 2025-03-04 19:28:06.894
Sensor: Temperatura 3
Valor: 32.86 0
════════════════════════════════════════
════════════════════════════════════════
Timestamp: 2025-03-04 19:28:04.893
Sensor: Temperatura 3
Valor: 41.99 0
════════════════════════════════════════
════════════════════════════════════════
Timestamp: 2025-03-04 19:28:02.879
Sensor: Temperatura 3
Valor: 38.75 0
════════════════════════════════════════
════════════════════════════════════════
Timestamp: 2025-03-04 19:28:00.828
Sensor: Temperatura 3
Valor: 34.41 0
════════════════════════════════════════
════════════════════════════════════════
Timestamp: 2025-03-04 19:27:58.897
Sensor: Temperatura 3
Valor: 38.01 0
════════════════════════════════════════
════════════════════════════════════════
Timestamp: 2025-03-04 19:27:56.824
Sensor: Temperatura 3
Valor: 26.10 0
════════════════════════════════════════
════════════════════════════════════════
Timestamp: 2025-03-04 19:27:54.856
Sensor: Temperatura 3
Valor: 41.13 0
════════════════════════════════════════
════════════════════════════════════════
Timestamp: 2025-03-04 19:27:52.756
Sensor: Temperatura 3
Valor: 49.85 0
════════════════════════════════════════
════════════════════════════════════════
Timestamp: 2025-03-04 19:27:50.764
Sensor: Temperatura 3
Valor: 42.10 0
════════════════════════════════════════
════════════════════════════════════════
Timestamp: 2025-03-04 19:27:48.865
Sensor: Temperatura 3
Valor: 38.73 0
════════════════════════════════════════
════════════════════════════════════════
Timestamp: 2025-03-04 19:27:46.786
Sensor: Temperatura 3
Valor: 20.38 0
════════════════════════════════════════
════════════════════════════════════════
Timestamp: 2025-03-04 19:27:44.744
Sensor: Temperatura 3
Valor: 34.06 0
════════════════════════════════════════
════════════════════════════════════════
Timestamp: 2025-03-04 19:27:42.680
Sensor: Temperatura 3
Valor: 49.19 0
════════════════════════════════════════
════════════════════════════════════════
Timestamp: 2025-03-04 19:27:40.669
Sensor: Temperatura 3
Valor: 19.85 0
════════════════════════════════════════
════════════════════════════════════════
Timestamp: 2025-03-04 19:27:38.631
Sensor: Temperatura 3
Valor: 33.45 0
════════════════════════════════════════
════════════════════════════════════════
Timestamp: 2025-03-04 19:27:36.773
Sensor: Temperatura 3
Valor: 40.24 0
════════════════════════════════════════
════════════════════════════════════════
Timestamp: 2025-03-04 19:27:34.558
Sensor: Temperatura 3
Valor: 31.78 0
════════════════════════════════════════
════════════════════════════════════════
Timestamp: 2025-03-04 19:27:32.544
Sensor: Temperatura 3
Valor: 46.51 0
════════════════════════════════════════
════════════════════════════════════════
Timestamp: 2025-03-04 19:27:30.611
Sensor: Temperatura 3
Valor: 23.61 0
════════════════════════════════════════
════════════════════════════════════════
Timestamp: 2025-03-04 19:27:28.562
Sensor: Temperatura 3
Valor: 30.28 0
════════════════════════════════════════
════════════════════════════════════════
Timestamp: 2025-03-04 19:27:26.560
Sensor: Temperatura 3
Valor: 49.92 0
════════════════════════════════════════
════════════════════════════════════════
Timestamp: 2025-03-04 19:27:24.470
Sensor: Temperatura 3
Valor: 21.77 0
════════════════════════════════════════
════════════════════════════════════════
Timestamp: 2025-03-04 19:27:22.508
Sensor: Temperatura 3
Valor: 42.47 0
════════════════════════════════════════
════════════════════════════════════════
Timestamp: 2025-03-04 19:27:20.498
Sensor: Temperatura 3
Valor: 39.73 0
════════════════════════════════════════
════════════════════════════════════════
Timestamp: 2025-03-04 19:27:18.471
Sensor: Temperatura 3
Valor: 36.66 0
════════════════════════════════════════
════════════════════════════════════════
Timestamp: 2025-03-04 19:27:16.490
Sensor: Temperatura 3
Valor: 23.20 0
════════════════════════════════════════
════════════════════════════════════════
Timestamp: 2025-03-04 19:27:14.799
Sensor: Temperatura 3
Valor: 32.38 0
════════════════════════════════════════
════════════════════════════════════════
Timestamp: 2025-03-04 19:27:12.574
Sensor: Temperatura 3
Valor: 37.19 0
════════════════════════════════════════
════════════════════════════════════════
Timestamp: 2025-03-04 19:27:10.455
Sensor: Temperatura 3
Valor: 30.77 0
════════════════════════════════════════
════════════════════════════════════════
Timestamp: 2025-03-04 19:27:08.474
Sensor: Temperatura 3
Valor: 19.14 0
════════════════════════════════════════
════════════════════════════════════════
Timestamp: 2025-03-04 19:27:06.352
Sensor: Temperatura 3
Valor: 29.36 0
════════════════════════════════════════
════════════════════════════════════════
Timestamp: 2025-03-04 19:27:04.310
Sensor: Temperatura 3
Valor: 29.00 0
════════════════════════════════════════
════════════════════════════════════════
Timestamp: 2025-03-04 19:27:02.502
Sensor: Temperatura 3
Valor: 30.08 0
════════════════════════════════════════
════════════════════════════════════════
Timestamp: 2025-03-04 19:27:00.283
Sensor: Temperatura 3
Valor: 45.67 0
════════════════════════════════════════
════════════════════════════════════════
Timestamp: 2025-03-04 19:26:58.297
Sensor: Temperatura 3
Valor: 34.85 0
════════════════════════════════════════
════════════════════════════════════════
Timestamp: 2025-03-04 19:26:56.244
Sensor: Temperatura 3
Valor: 47.07 0
════════════════════════════════════════
════════════════════════════════════════
Timestamp: 2025-03-04 19:26:54.232
Sensor: Temperatura 3
Valor: 40.24 0
════════════════════════════════════════
════════════════════════════════════════
Timestamp: 2025-03-04 19:26:52.219
Sensor: Temperatura 3
Valor: 48.12 0
════════════════════════════════════════
════════════════════════════════════════
Timestamp: 2025-03-04 19:26:50.231
Sensor: Temperatura 3
Valor: 39.60 0
════════════════════════════════════════
════════════════════════════════════════
Timestamp: 2025-03-04 19:26:48.194
Sensor: Temperatura 3
Valor: 35.63 0
════════════════════════════════════════
════════════════════════════════════════
Timestamp: 2025-03-04 19:26:46.411
Sensor: Temperatura 3
Valor: 35.37 0
════════════════════════════════════════
════════════════════════════════════════
Timestamp: 2025-03-04 19:26:44.122
Sensor: Temperatura 3
Valor: 21.94 0
════════════════════════════════════════
════════════════════════════════════════
Timestamp: 2025-03-04 19:26:42.108
Sensor: Temperatura 3
Valor: 40.34 0
════════════════════════════════════════
════════════════════════════════════════
Timestamp: 2025-03-04 19:26:40.240
Sensor: Temperatura 3
Valor: 47.92 0
════════════════════════════════════════
════════════════════════════════════════
Timestamp: 2025-03-04 19:26:38.200
Sensor: Temperatura 3
Valor: 46.09 0
════════════════════════════════════════
════════════════════════════════════════
Timestamp: 2025-03-04 19:26:36.063
Sensor: Temperatura 3
Valor: 26.50 0
════════════════════════════════════════
════════════════════════════════════════
Timestamp: 2025-03-04 19:26:34.062
Sensor: Temperatura 3
Valor: 42.59 0
════════════════════════════════════════
════════════════════════════════════════
Timestamp: 2025-03-04 19:26:32.016
Sensor: Temperatura 3
Valor: 27.75 0
════════════════════════════════════════
════════════════════════════════════════
Timestamp: 2025-03-04 19:26:29.950
Sensor: Temperatura 3
Valor: 48.20 0
════════════════════════════════════════
════════════════════════════════════════
Timestamp: 2025-03-04 19:26:27.959
Sensor: Temperatura 3
Valor: 21.29 0
════════════════════════════════════════
════════════════════════════════════════
Timestamp: 2025-03-04 19:26:25.940
Sensor: Temperatura 3
Valor: 19.19 0
════════════════════════════════════════
════════════════════════════════════════
Timestamp: 2025-03-04 19:26:23.963
Sensor: Temperatura 3
Valor: 38.21 0
════════════════════════════════════════
════════════════════════════════════════
Timestamp: 2025-03-04 19:26:21.894
Sensor: Temperatura 3
Valor: 19.49 0
════════════════════════════════════════
════════════════════════════════════════
Timestamp: 2025-03-04 19:26:19.988
Sensor: Temperatura 3
Valor: 21.81 0
════════════════════════════════════════
════════════════════════════════════════
Timestamp: 2025-03-04 19:26:17.898
Sensor: Temperatura 3
Valor: 31.74 0
════════════════════════════════════════
════════════════════════════════════════
Timestamp: 2025-03-04 19:26:15.833
Sensor: Temperatura 3
Valor: 49.38 0
════════════════════════════════════════
════════════════════════════════════════
Timestamp: 2025-03-04 19:26:13.943
Sensor: Temperatura 3
Valor: 42.51 0
════════════════════════════════════════
════════════════════════════════════════
Timestamp: 2025-03-04 19:26:11.852
Sensor: Temperatura 3
Valor: 42.77 0
════════════════════════════════════════
════════════════════════════════════════
Timestamp: 2025-03-04 19:26:09.865
Sensor: Temperatura 3
Valor: 30.11 0
════════════════════════════════════════
════════════════════════════════════════
Timestamp: 2025-03-04 19:26:07.725
Sensor: Temperatura 3
Valor: 39.85 0
════════════════════════════════════════
════════════════════════════════════════
Timestamp: 2025-03-04 19:26:05.730
Sensor: Temperatura 3
Valor: 24.36 0
════════════════════════════════════════
════════════════════════════════════════
Timestamp: 2025-03-04 19:26:03.781
Sensor: Temperatura 3
Valor: 47.56 0
════════════════════════════════════════
════════════════════════════════════════
Timestamp: 2025-03-04 19:26:01.725
Sensor: Temperatura 3
Valor: 40.23 0
════════════════════════════════════════
════════════════════════════════════════
Timestamp: 2025-03-04 19:25:59.776
Sensor: Temperatura 3
Valor: 43.66 0
════════════════════════════════════════
════════════════════════════════════════
Timestamp: 2025-03-04 19:25:57.872
Sensor: Temperatura 3
Valor: 20.55 0
════════════════════════════════════════
════════════════════════════════════════
Timestamp: 2025-03-04 19:25:55.744
Sensor: Temperatura 3
Valor: 29.38 0
════════════════════════════════════════
════════════════════════════════════════
Timestamp: 2025-03-04 19:25:53.643
Sensor: Temperatura 3
Valor: 44.39 0
════════════════════════════════════════
════════════════════════════════════════
Timestamp: 2025-03-04 19:25:51.771
Sensor: Temperatura 3
Valor: 39.50 0
════════════════════════════════════════
════════════════════════════════════════
Timestamp: 2025-03-04 19:25:49.673
Sensor: Temperatura 3
Valor: 21.32 0
════════════════════════════════════════
════════════════════════════════════════
Timestamp: 2025-03-04 19:25:47.584
Sensor: Temperatura 3
Valor: 34.53 0
════════════════════════════════════════
════════════════════════════════════════
Timestamp: 2025-03-04 19:25:45.600
Sensor: Temperatura 3
Valor: 49.24 0
════════════════════════════════════════
════════════════════════════════════════
Timestamp: 2025-03-04 19:25:43.640
Sensor: Temperatura 3
Valor: 35.09 0
════════════════════════════════════════
════════════════════════════════════════
Timestamp: 2025-03-04 19:25:41.539
Sensor: Temperatura 3
Valor: 46.92 0
════════════════════════════════════════
════════════════════════════════════════
Timestamp: 2025-03-04 19:25:39.579
Sensor: Temperatura 3
Valor: 43.21 0
════════════════════════════════════════
════════════════════════════════════════
Timestamp: 2025-03-04 19:25:37.660
Sensor: Temperatura 3
Valor: 24.58 0
════════════════════════════════════════
════════════════════════════════════════
Timestamp: 2025-03-04 19:25:35.571
Sensor: Temperatura 3
Valor: 28.31 0
════════════════════════════════════════
════════════════════════════════════════
Timestamp: 2025-03-04 19:25:33.578
Sensor: Temperatura 3
Valor: 36.69 0
════════════════════════════════════════
════════════════════════════════════════
Timestamp: 2025-03-04 19:25:31.495
Sensor: Temperatura 3
Valor: 34.58 0
════════════════════════════════════════
════════════════════════════════════════
Timestamp: 2025-03-04 19:25:29.494
Sensor: Temperatura 3
Valor: 47.10 0
════════════════════════════════════════
════════════════════════════════════════
Timestamp: 2025-03-04 19:25:27.466
Sensor: Temperatura 3
Valor: 43.38 0
════════════════════════════════════════
════════════════════════════════════════
Timestamp: 2025-03-04 19:25:25.405
Sensor: Temperatura 3
Valor: 25.06 0
════════════════════════════════════════
════════════════════════════════════════
Timestamp: 2025-03-04 19:25:23.410
Sensor: Temperatura 3
Valor: 34.02 0
════════════════════════════════════════
════════════════════════════════════════
Timestamp: 2025-03-04 19:25:21.377
Sensor: Temperatura 3
Valor: 43.53 0
════════════════════════════════════════
════════════════════════════════════════
Timestamp: 2025-03-04 19:25:19.342
Sensor: Temperatura 3
Valor: 33.35 0
════════════════════════════════════════
════════════════════════════════════════
Timestamp: 2025-03-04 19:25:17.379
Sensor: Temperatura 3
Valor: 33.28 0
════════════════════════════════════════
════════════════════════════════════════
Timestamp: 2025-03-04 19:25:15.335
Sensor: Temperatura 3
Valor: 41.74 0
════════════════════════════════════════
════════════════════════════════════════
Timestamp: 2025-03-04 19:25:13.252
Sensor: Temperatura 3
Valor: 47.99 0
════════════════════════════════════════
════════════════════════════════════════
Timestamp: 2025-03-04 19:25:11.325
Sensor: Temperatura 3
Valor: 35.84 0
════════════════════════════════════════
════════════════════════════════════════
Timestamp: 2025-03-04 19:25:09.247
Sensor: Temperatura 3
Valor: 20.02 0
════════════════════════════════════════
════════════════════════════════════════
Timestamp: 2025-03-04 19:25:07.212
Sensor: Temperatura 3
Valor: 20.34 0
════════════════════════════════════════
════════════════════════════════════════
Timestamp: 2025-03-04 19:25:05.295
Sensor: Temperatura 3
Valor: 36.72 0
════════════════════════════════════════
════════════════════════════════════════
Timestamp: 2025-03-04 19:25:03.247
Sensor: Temperatura 3
Valor: 44.33 0
════════════════════════════════════════
════════════════════════════════════════
Timestamp: 2025-03-04 19:25:01.210
Sensor: Temperatura 3
Valor: 21.18 0
════════════════════════════════════════
════════════════════════════════════════
Timestamp: 2025-03-04 19:24:59.145
Sensor: Temperatura 3
Valor: 38.27 0
════════════════════════════════════════
════════════════════════════════════════
Timestamp: 2025-03-04 19:24:57.219
Sensor: Temperatura 3
Valor: 48.07 0
════════════════════════════════════════
════════════════════════════════════════
Timestamp: 2025-03-04 19:24:55.118
Sensor: Temperatura 3
Valor: 39.94 0
════════════════════════════════════════
════════════════════════════════════════
Timestamp: 2025-03-04 19:24:53.085
Sensor: Temperatura 3
Valor: 21.23 0
════════════════════════════════════════
════════════════════════════════════════
Timestamp: 2025-03-04 19:24:51.140
Sensor: Temperatura 3
Valor: 34.81 0
════════════════════════════════════════
════════════════════════════════════════
Timestamp: 2025-03-04 19:24:49.094
Sensor: Temperatura 3
Valor: 29.27 0
════════════════════════════════════════
════════════════════════════════════════
Timestamp: 2025-03-04 19:24:47.043
Sensor: Temperatura 3
Valor: 36.91 0
════════════════════════════════════════
════════════════════════════════════════
Timestamp: 2025-03-04 19:24:45.015
Sensor: Temperatura 3
Valor: 43.95 0
════════════════════════════════════════
════════════════════════════════════════
Timestamp: 2025-03-04 19:24:42.959
Sensor: Temperatura 3
Valor: 39.81 0
════════════════════════════════════════
════════════════════════════════════════
Timestamp: 2025-03-04 19:24:41.135
Sensor: Temperatura 3
Valor: 20.09 0
════════════════════════════════════════
════════════════════════════════════════
Timestamp: 2025-03-04 19:24:38.945
Sensor: Temperatura 3
Valor: 48.73 0
════════════════════════════════════════
════════════════════════════════════════
Timestamp: 2025-03-04 19:24:37.031
Sensor: Temperatura 3
Valor: 47.55 0
════════════════════════════════════════
════════════════════════════════════════
Timestamp: 2025-03-04 19:24:34.985
Sensor: Temperatura 3
Valor: 28.04 0
════════════════════════════════════════
════════════════════════════════════════
Timestamp: 2025-03-04 19:24:32.901
Sensor: Temperatura 3
Valor: 40.11 0
════════════════════════════════════════
════════════════════════════════════════
Timestamp: 2025-03-04 19:24:30.909
Sensor: Temperatura 3
Valor: 32.73 0
════════════════════════════════════════
════════════════════════════════════════
Timestamp: 2025-03-04 19:24:28.972
Sensor: Temperatura 3
Valor: 38.66 0
════════════════════════════════════════
════════════════════════════════════════
Timestamp: 2025-03-04 19:24:26.808
Sensor: Temperatura 3
Valor: 37.54 0
════════════════════════════════════════
════════════════════════════════════════
Timestamp: 2025-03-04 19:24:24.906
Sensor: Temperatura 3
Valor: 27.68 0
════════════════════════════════════════
════════════════════════════════════════
Timestamp: 2025-03-04 19:24:22.800
Sensor: Temperatura 3
Valor: 49.00 0
════════════════════════════════════════
════════════════════════════════════════
Timestamp: 2025-03-04 19:24:20.750
Sensor: Temperatura 3
Valor: 44.75 0
════════════════════════════════════════
════════════════════════════════════════
Timestamp: 2025-03-04 19:24:18.737
Sensor: Temperatura 3
Valor: 43.00 0
════════════════════════════════════════
════════════════════════════════════════
Timestamp: 2025-03-04 19:24:16.746
Sensor: Temperatura 3
Valor: 21.93 0
════════════════════════════════════════
════════════════════════════════════════
Timestamp: 2025-03-04 19:24:14.689
Sensor: Temperatura 3
Valor: 31.90 0
════════════════════════════════════════
════════════════════════════════════════
Timestamp: 2025-03-04 19:24:12.702
Sensor: Temperatura 3
Valor: 47.94 0
════════════════════════════════════════
════════════════════════════════════════
Timestamp: 2025-03-04 19:24:10.674
Sensor: Temperatura 3
Valor: 23.43 0
════════════════════════════════════════
════════════════════════════════════════
Timestamp: 2025-03-04 19:24:08.817
Sensor: Temperatura 3
Valor: 29.56 0
════════════════════════════════════════
════════════════════════════════════════
Timestamp: 2025-03-04 19:24:06.720
Sensor: Temperatura 3
Valor: 43.38 0
════════════════════════════════════════
════════════════════════════════════════
Timestamp: 2025-03-04 19:24:04.594
Sensor: Temperatura 3
Valor: 22.51 0
════════════════════════════════════════
════════════════════════════════════════
Timestamp: 2025-03-04 19:24:02.884
Sensor: Temperatura 3
Valor: 21.89 0
════════════════════════════════════════
════════════════════════════════════════
Timestamp: 2025-03-04 19:24:00.590
Sensor: Temperatura 3
Valor: 27.54 0
════════════════════════════════════════
════════════════════════════════════════
Timestamp: 2025-03-04 19:23:58.524
Sensor: Temperatura 3
Valor: 23.02 0
════════════════════════════════════════
════════════════════════════════════════
Timestamp: 2025-03-04 19:23:56.587
Sensor: Temperatura 3
Valor: 24.75 0
════════════════════════════════════════
════════════════════════════════════════
Timestamp: 2025-03-04 19:23:54.552
Sensor: Temperatura 3
Valor: 36.40 0
════════════════════════════════════════
════════════════════════════════════════
Timestamp: 2025-03-04 19:23:52.514
Sensor: Temperatura 3
Valor: 29.62 0
════════════════════════════════════════
════════════════════════════════════════
Timestamp: 2025-03-04 19:23:50.479
Sensor: Temperatura 3
Valor: 45.29 0
════════════════════════════════════════
════════════════════════════════════════
Timestamp: 2025-03-04 19:23:48.429
Sensor: Temperatura 3
Valor: 19.38 0
════════════════════════════════════════
════════════════════════════════════════
Timestamp: 2025-03-04 19:23:46.640
Sensor: Temperatura 3
Valor: 46.28 0
════════════════════════════════════════
════════════════════════════════════════
Timestamp: 2025-03-04 19:23:44.423
Sensor: Temperatura 3
Valor: 48.87 0
════════════════════════════════════════
════════════════════════════════════════
Timestamp: 2025-03-04 19:23:42.540
Sensor: Temperatura 3
Valor: 34.57 0
════════════════════════════════════════
════════════════════════════════════════
Timestamp: 2025-03-04 19:23:40.368
Sensor: Temperatura 3
Valor: 48.95 0
════════════════════════════════════════
════════════════════════════════════════
Timestamp: 2025-03-04 19:23:38.482
Sensor: Temperatura 3
Valor: 21.66 0
════════════════════════════════════════
════════════════════════════════════════
Timestamp: 2025-03-04 19:23:36.558
Sensor: Temperatura 3
Valor: 28.82 0
════════════════════════════════════════
════════════════════════════════════════
Timestamp: 2025-03-04 19:23:34.297
Sensor: Temperatura 3
Valor: 48.33 0
════════════════════════════════════════
════════════════════════════════════════
Timestamp: 2025-03-04 19:23:32.368
Sensor: Temperatura 3
Valor: 22.22 0
════════════════════════════════════════
════════════════════════════════════════
Timestamp: 2025-03-04 19:23:30.519
Sensor: Temperatura 3
Valor: 29.96 0
════════════════════════════════════════
════════════════════════════════════════
Timestamp: 2025-03-04 19:23:28.328
Sensor: Temperatura 3
Valor: 29.94 0
════════════════════════════════════════
════════════════════════════════════════
Timestamp: 2025-03-04 19:23:26.574
Sensor: Temperatura 3
Valor: 28.97 0
════════════════════════════════════════
════════════════════════════════════════
Timestamp: 2025-03-04 19:23:24.236
Sensor: Temperatura 3
Valor: 19.80 0
════════════════════════════════════════
════════════════════════════════════════
Timestamp: 2025-03-04 19:23:22.317
Sensor: Temperatura 3
Valor: 33.65 0
════════════════════════════════════════
════════════════════════════════════════
Timestamp: 2025-03-04 19:23:20.188
Sensor: Temperatura 3
Valor: 27.29 0
════════════════════════════════════════
════════════════════════════════════════
Timestamp: 2025-03-04 19:23:17.170
Sensor: Temperatura 3
Valor: 26.60 0
════════════════════════════════════════
════════════════════════════════════════
Timestamp: 2025-03-04 19:23:15.173
Sensor: Temperatura 3
Valor: 34.68 0
════════════════════════════════════════
════════════════════════════════════════
Timestamp: 2025-03-04 19:23:13.451
Sensor: Temperatura 3
Valor: 24.69 0
════════════════════════════════════════
════════════════════════════════════════
Timestamp: 2025-03-04 19:23:13.124
Sensor: Temperatura 3
Valor: 43.83 0
════════════════════════════════════════
════════════════════════════════════════
Timestamp: 2025-03-04 19:23:09.038
Sensor: Temperatura 3
Valor: 24.57 0
════════════════════════════════════════
════════════════════════════════════════
Timestamp: 2025-03-04 19:23:07.067
Sensor: Temperatura 3
Valor: 26.81 0
════════════════════════════════════════
════════════════════════════════════════
Timestamp: 2025-03-04 19:23:05.040
Sensor: Temperatura 3
Valor: 22.40 0
════════════════════════════════════════
════════════════════════════════════════
Timestamp: 2025-03-04 19:23:02.973
Sensor: Temperatura 3
Valor: 24.89 0
════════════════════════════════════════
════════════════════════════════════════
Timestamp: 2025-03-04 19:23:01.088
Sensor: Temperatura 3
Valor: 25.41 0
════════════════════════════════════════
════════════════════════════════════════
Timestamp: 2025-03-04 19:22:58.945
Sensor: Temperatura 3
Valor: 45.82 0
════════════════════════════════════════
════════════════════════════════════════
Timestamp: 2025-03-04 19:22:57.064
Sensor: Temperatura 3
Valor: 29.81 0
════════════════════════════════════════
════════════════════════════════════════
Timestamp: 2025-03-04 19:22:54.907
Sensor: Temperatura 3
Valor: 44.39 0
════════════════════════════════════════
════════════════════════════════════════
Timestamp: 2025-03-04 19:22:52.932
Sensor: Temperatura 3
Valor: 24.65 0
════════════════════════════════════════
════════════════════════════════════════
Timestamp: 2025-03-04 19:22:50.932
Sensor: Temperatura 3
Valor: 26.16 0
════════════════════════════════════════
════════════════════════════════════════
Timestamp: 2025-03-04 19:22:48.838
Sensor: Temperatura 3
Valor: 38.49 0
════════════════════════════════════════
════════════════════════════════════════
Timestamp: 2025-03-04 19:22:46.915
Sensor: Temperatura 3
Valor: 35.43 0
════════════════════════════════════════
════════════════════════════════════════
Timestamp: 2025-03-04 19:22:44.829
Sensor: Temperatura 3
Valor: 28.73 0
════════════════════════════════════════
════════════════════════════════════════
Timestamp: 2025-03-04 19:22:42.900
Sensor: Temperatura 3
Valor: 29.08 0
════════════════════════════════════════
════════════════════════════════════════
Timestamp: 2025-03-04 19:22:40.705
Sensor: Temperatura 3
Valor: 46.98 0
════════════════════════════════════════
════════════════════════════════════════
Timestamp: 2025-03-04 19:22:38.742
Sensor: Temperatura 3
Valor: 45.25 0
════════════════════════════════════════
════════════════════════════════════════
Timestamp: 2025-03-04 19:22:36.674
Sensor: Temperatura 3
Valor: 48.93 0
════════════════════════════════════════
════════════════════════════════════════
Timestamp: 2025-03-04 19:22:34.673
Sensor: Temperatura 3
Valor: 32.45 0
════════════════════════════════════════
════════════════════════════════════════
Timestamp: 2025-03-04 19:22:32.677
Sensor: Temperatura 3
Valor: 42.38 0
════════════════════════════════════════
════════════════════════════════════════
Timestamp: 2025-03-04 19:22:30.732
Sensor: Temperatura 3
Valor: 28.84 0
════════════════════════════════════════
════════════════════════════════════════
Timestamp: 2025-03-04 19:22:28.638
Sensor: Temperatura 3
Valor: 26.69 0
════════════════════════════════════════
════════════════════════════════════════
Timestamp: 2025-03-04 19:22:26.579
Sensor: Temperatura 3
Valor: 40.77 0
════════════════════════════════════════
════════════════════════════════════════
Timestamp: 2025-03-04 19:22:24.760
Sensor: Temperatura 3
Valor: 31.33 0
════════════════════════════════════════
════════════════════════════════════════
Timestamp: 2025-03-04 19:22:22.633
Sensor: Temperatura 3
Valor: 45.21 0
════════════════════════════════════════
════════════════════════════════════════
Timestamp: 2025-03-04 19:22:20.503
Sensor: Temperatura 3
Valor: 20.77 0
════════════════════════════════════════
════════════════════════════════════════
Timestamp: 2025-03-04 19:22:18.493
Sensor: Temperatura 3
Valor: 31.69 0
════════════════════════════════════════
════════════════════════════════════════
Timestamp: 2025-03-04 19:22:16.567
Sensor: Temperatura 3
Valor: 26.72 0
════════════════════════════════════════
════════════════════════════════════════
Timestamp: 2025-03-04 19:22:14.612
Sensor: Temperatura 3
Valor: 35.69 0
════════════════════════════════════════
════════════════════════════════════════
Timestamp: 2025-03-04 19:22:12.477
Sensor: Temperatura 3
Valor: 19.71 0
════════════════════════════════════════
════════════════════════════════════════
Timestamp: 2025-03-04 19:22:10.422
Sensor: Temperatura 3
Valor: 43.89 0
════════════════════════════════════════
════════════════════════════════════════
Timestamp: 2025-03-04 19:22:08.484
Sensor: Temperatura 3
Valor: 30.89 0
════════════════════════════════════════
════════════════════════════════════════
Timestamp: 2025-03-04 19:22:06.415
Sensor: Temperatura 3
Valor: 21.69 0
════════════════════════════════════════
════════════════════════════════════════
Timestamp: 2025-03-04 19:22:04.572
Sensor: Temperatura 3
Valor: 36.07 0
════════════════════════════════════════
════════════════════════════════════════
Timestamp: 2025-03-04 19:22:02.404
Sensor: Temperatura 3
Valor: 37.50 0
════════════════════════════════════════
════════════════════════════════════════
Timestamp: 2025-03-04 19:22:00.619
Sensor: Temperatura 3
Valor: 42.48 0
════════════════════════════════════════
════════════════════════════════════════
Timestamp: 2025-03-04 19:21:58.332
Sensor: Temperatura 3
Valor: 37.73 0
════════════════════════════════════════
════════════════════════════════════════
Timestamp: 2025-03-04 19:21:56.327
Sensor: Temperatura 3
Valor: 31.44 0
════════════════════════════════════════
════════════════════════════════════════
Timestamp: 2025-03-04 19:21:54.280
Sensor: Temperatura 3
Valor: 48.42 0
════════════════════════════════════════
════════════════════════════════════════
Timestamp: 2025-03-04 19:21:52.313
Sensor: Temperatura 3
Valor: 38.04 0
════════════════════════════════════════
════════════════════════════════════════
Timestamp: 2025-03-04 19:21:50.545
Sensor: Temperatura 3
Valor: 49.76 0
════════════════════════════════════════
════════════════════════════════════════
Timestamp: 2025-03-04 19:21:48.428
Sensor: Temperatura 3
Valor: 30.90 0
════════════════════════════════════════
════════════════════════════════════════
Timestamp: 2025-03-04 19:21:46.254
Sensor: Temperatura 3
Valor: 25.62 0
════════════════════════════════════════
════════════════════════════════════════
Timestamp: 2025-03-04 19:21:44.351
Sensor: Temperatura 3
Valor: 35.66 0
════════════════════════════════════════
════════════════════════════════════════
Timestamp: 2025-03-04 19:21:42.169
Sensor: Temperatura 3
Valor: 22.74 0
════════════════════════════════════════
════════════════════════════════════════
Timestamp: 2025-03-04 19:21:40.338
Sensor: Temperatura 3
Valor: 36.08 0
════════════════════════════════════════
════════════════════════════════════════
Timestamp: 2025-03-04 19:21:38.087
Sensor: Temperatura 3
Valor: 19.91 0
════════════════════════════════════════
════════════════════════════════════════
Timestamp: 2025-03-04 19:21:36.218
Sensor: Temperatura 3
Valor: 48.77 0
════════════════════════════════════════
════════════════════════════════════════
Timestamp: 2025-03-04 19:21:34.105
Sensor: Temperatura 3
Valor: 43.23 0
════════════════════════════════════════
════════════════════════════════════════
Timestamp: 2025-03-04 19:21:32.147
Sensor: Temperatura 3
Valor: 31.23 0
════════════════════════════════════════
════════════════════════════════════════
Timestamp: 2025-03-04 19:21:30.152
Sensor: Temperatura 3
Valor: 31.85 0
════════════════════════════════════════
════════════════════════════════════════
Timestamp: 2025-03-04 19:21:28.069
Sensor: Temperatura 3
Valor: 28.09 0
════════════════════════════════════════
════════════════════════════════════════
Timestamp: 2025-03-04 19:21:26.086
Sensor: Temperatura 3
Valor: 33.47 0
════════════════════════════════════════
════════════════════════════════════════
Timestamp: 2025-03-04 19:21:24.125
Sensor: Temperatura 3
Valor: 35.41 0
════════════════════════════════════════
════════════════════════════════════════
Timestamp: 2025-03-04 19:21:22.045
Sensor: Temperatura 3
Valor: 31.37 0
════════════════════════════════════════
════════════════════════════════════════
Timestamp: 2025-03-04 19:21:19.915
Sensor: Temperatura 3
Valor: 26.26 0
════════════════════════════════════════
════════════════════════════════════════
Timestamp: 2025-03-04 19:21:18.106
Sensor: Temperatura 3
Valor: 40.40 0
════════════════════════════════════════
════════════════════════════════════════
Timestamp: 2025-03-04 19:21:15.878
Sensor: Temperatura 3
Valor: 28.93 0
════════════════════════════════════════
════════════════════════════════════════
Timestamp: 2025-03-04 19:21:13.856
Sensor: Temperatura 3
Valor: 47.24 0
════════════════════════════════════════
════════════════════════════════════════
Timestamp: 2025-03-04 19:21:11.838
Sensor: Temperatura 3
Valor: 26.51 0
════════════════════════════════════════
════════════════════════════════════════
Timestamp: 2025-03-04 19:21:09.995
Sensor: Temperatura 3
Valor: 25.25 0
════════════════════════════════════════
════════════════════════════════════════
Timestamp: 2025-03-04 19:21:07.899
Sensor: Temperatura 3
Valor: 44.89 0
════════════════════════════════════════
════════════════════════════════════════
Timestamp: 2025-03-04 19:21:06.146
Sensor: Temperatura 3
Valor: 49.62 0
════════════════════════════════════════
════════════════════════════════════════
Timestamp: 2025-03-04 19:21:03.769
Sensor: Temperatura 3
Valor: 46.30 0
════════════════════════════════════════
════════════════════════════════════════
Timestamp: 2025-03-04 19:21:01.730
Sensor: Temperatura 3
Valor: 42.37 0
════════════════════════════════════════
════════════════════════════════════════
Timestamp: 2025-03-04 19:20:59.782
Sensor: Temperatura 3
Valor: 36.57 0
════════════════════════════════════════
════════════════════════════════════════
Timestamp: 2025-03-04 19:20:57.771
Sensor: Temperatura 3
Valor: 34.06 0
════════════════════════════════════════
════════════════════════════════════════
Timestamp: 2025-03-04 19:20:55.743
Sensor: Temperatura 3
Valor: 38.63 0
════════════════════════════════════════
════════════════════════════════════════
Timestamp: 2025-03-04 19:20:53.834
Sensor: Temperatura 3
Valor: 41.07 0
════════════════════════════════════════
════════════════════════════════════════
Timestamp: 2025-03-04 19:20:51.700
Sensor: Temperatura 3
Valor: 36.03 0
════════════════════════════════════════
════════════════════════════════════════
Timestamp: 2025-03-04 19:20:49.734
Sensor: Temperatura 3
Valor: 28.84 0
════════════════════════════════════════
════════════════════════════════════════
Timestamp: 2025-03-04 19:20:47.708
Sensor: Temperatura 3
Valor: 25.26 0
════════════════════════════════════════
════════════════════════════════════════
Timestamp: 2025-03-04 19:20:45.579
Sensor: Temperatura 3
Valor: 28.83 0
════════════════════════════════════════
════════════════════════════════════════
Timestamp: 2025-03-04 19:20:43.657
Sensor: Temperatura 3
Valor: 38.75 0
════════════════════════════════════════
════════════════════════════════════════
Timestamp: 2025-03-04 19:20:41.948
Sensor: Temperatura 3
Valor: 21.37 0
════════════════════════════════════════
════════════════════════════════════════
Timestamp: 2025-03-04 19:20:39.544
Sensor: Temperatura 3
Valor: 26.66 0
════════════════════════════════════════
════════════════════════════════════════
Timestamp: 2025-03-04 19:20:37.633
Sensor: Temperatura 3
Valor: 47.08 0
════════════════════════════════════════
════════════════════════════════════════
Timestamp: 2025-03-04 19:20:34.899
Sensor: Temperatura 3
Valor: 48.49 0
════════════════════════════════════════
════════════════════════════════════════
Timestamp: 2025-03-04 19:20:32.824
Sensor: Temperatura 3
Valor: 47.97 0
════════════════════════════════════════
════════════════════════════════════════
Timestamp: 2025-03-04 19:20:32.459
Sensor: Temperatura 3
Valor: 31.47 0
════════════════════════════════════════
════════════════════════════════════════
Timestamp: 2025-03-04 19:20:28.631
Sensor: Temperatura 3
Valor: 24.10 0
════════════════════════════════════════
════════════════════════════════════════
Timestamp: 2025-03-04 19:20:26.627
Sensor: Temperatura 3
Valor: 34.78 0
════════════════════════════════════════
════════════════════════════════════════
Timestamp: 2025-03-04 19:20:24.674
Sensor: Temperatura 3
Valor: 21.16 0
════════════════════════════════════════
════════════════════════════════════════
Timestamp: 2025-03-04 19:20:22.877
Sensor: Temperatura 3
Valor: 24.54 0
════════════════════════════════════════
════════════════════════════════════════
Timestamp: 2025-03-04 19:20:20.782
Sensor: Temperatura 3
Valor: 44.78 0
════════════════════════════════════════
════════════════════════════════════════
Timestamp: 2025-03-04 19:20:18.735
Sensor: Temperatura 3
Valor: 31.85 0
════════════════════════════════════════
════════════════════════════════════════
Timestamp: 2025-03-04 19:20:16.584
Sensor: Temperatura 3
Valor: 29.71 0
════════════════════════════════════════
════════════════════════════════════════
Timestamp: 2025-03-04 19:20:14.464
Sensor: Temperatura 3
Valor: 22.23 0
════════════════════════════════════════
════════════════════════════════════════
Timestamp: 2025-03-04 19:20:12.461
Sensor: Temperatura 3
Valor: 20.18 0
════════════════════════════════════════
════════════════════════════════════════
Timestamp: 2025-03-04 19:20:10.419
Sensor: Temperatura 3
Valor: 35.64 0
════════════════════════════════════════
════════════════════════════════════════
Timestamp: 2025-03-04 19:20:08.401
Sensor: Temperatura 3
Valor: 48.37 0
════════════════════════════════════════
════════════════════════════════════════
Timestamp: 2025-03-04 19:20:06.403
Sensor: Temperatura 3
Valor: 41.72 0
════════════════════════════════════════
════════════════════════════════════════
Timestamp: 2025-03-04 19:20:04.513
Sensor: Temperatura 3
Valor: 22.40 0
════════════════════════════════════════
════════════════════════════════════════
Timestamp: 2025-03-04 19:20:02.324
Sensor: Temperatura 3
Valor: 41.49 0
════════════════════════════════════════
════════════════════════════════════════
Timestamp: 2025-03-04 19:20:00.478
Sensor: Temperatura 3
Valor: 31.54 0
════════════════════════════════════════
════════════════════════════════════════
Timestamp: 2025-03-04 19:19:58.538
Sensor: Temperatura 3
Valor: 32.93 0
════════════════════════════════════════
════════════════════════════════════════
Timestamp: 2025-03-04 19:19:56.288
Sensor: Temperatura 3
Valor: 37.42 0
════════════════════════════════════════
════════════════════════════════════════
Timestamp: 2025-03-04 19:19:54.499
Sensor: Temperatura 3
Valor: 29.83 0
════════════════════════════════════════
════════════════════════════════════════
Timestamp: 2025-03-04 19:19:52.238
Sensor: Temperatura 3
Valor: 26.32 0
════════════════════════════════════════
════════════════════════════════════════
Timestamp: 2025-03-04 19:19:50.552
Sensor: Temperatura 3
Valor: 44.52 0
════════════════════════════════════════
════════════════════════════════════════
Timestamp: 2025-03-04 19:19:48.201
Sensor: Temperatura 3
Valor: 29.75 0
════════════════════════════════════════
════════════════════════════════════════
Timestamp: 2025-03-04 19:19:46.205
Sensor: Temperatura 3
Valor: 33.70 0
════════════════════════════════════════
════════════════════════════════════════
Timestamp: 2025-03-04 19:19:44.210
Sensor: Temperatura 3
Valor: 46.96 0
════════════════════════════════════════
════════════════════════════════════════
Timestamp: 2025-03-04 19:19:42.116
Sensor: Temperatura 3
Valor: 41.46 0
════════════════════════════════════════
════════════════════════════════════════
Timestamp: 2025-03-04 19:19:40.116
Sensor: Temperatura 3
Valor: 37.57 0
════════════════════════════════════════
════════════════════════════════════════
Timestamp: 2025-03-04 19:19:38.121
Sensor: Temperatura 3
Valor: 47.24 0
════════════════════════════════════════
════════════════════════════════════════
Timestamp: 2025-03-04 19:19:36.165
Sensor: Temperatura 3
Valor: 21.35 0
════════════════════════════════════════
════════════════════════════════════════
Timestamp: 2025-03-04 19:19:34.042
Sensor: Temperatura 3
Valor: 27.92 0
════════════════════════════════════════
════════════════════════════════════════
Timestamp: 2025-03-04 19:19:32.146
Sensor: Temperatura 3
Valor: 34.63 0
════════════════════════════════════════
════════════════════════════════════════
Timestamp: 2025-03-04 19:19:30.207
Sensor: Temperatura 3
Valor: 41.68 0
════════════════════════════════════════
════════════════════════════════════════
Timestamp: 2025-03-04 19:19:28.094
Sensor: Temperatura 3
Valor: 35.09 0
════════════════════════════════════════
════════════════════════════════════════
Timestamp: 2025-03-04 19:19:25.995
Sensor: Temperatura 3
Valor: 44.90 0
════════════════════════════════════════
════════════════════════════════════════
Timestamp: 2025-03-04 19:19:24.143
Sensor: Temperatura 3
Valor: 32.86 0
════════════════════════════════════════
════════════════════════════════════════
Timestamp: 2025-03-04 19:19:22.171
Sensor: Temperatura 3
Valor: 49.92 0
════════════════════════════════════════
════════════════════════════════════════
Timestamp: 2025-03-04 19:19:20.077
Sensor: Temperatura 3
Valor: 46.21 0
════════════════════════════════════════
════════════════════════════════════════
Timestamp: 2025-03-04 19:19:17.917
Sensor: Temperatura 3
Valor: 48.39 0
════════════════════════════════════════
════════════════════════════════════════
Timestamp: 2025-03-04 19:19:15.930
Sensor: Temperatura 3
Valor: 33.28 0
════════════════════════════════════════
════════════════════════════════════════
Timestamp: 2025-03-04 19:19:13.892
Sensor: Temperatura 3
Valor: 45.50 0
════════════════════════════════════════
════════════════════════════════════════
Timestamp: 2025-03-04 19:19:11.958
Sensor: Temperatura 3
Valor: 39.21 0
════════════════════════════════════════
════════════════════════════════════════
Timestamp: 2025-03-04 19:19:09.808
Sensor: Temperatura 3
Valor: 38.04 0
════════════════════════════════════════
════════════════════════════════════════
Timestamp: 2025-03-04 19:19:07.780
Sensor: Temperatura 3
Valor: 30.48 0
════════════════════════════════════════
════════════════════════════════════════
Timestamp: 2025-03-04 19:19:05.818
Sensor: Temperatura 3
Valor: 35.22 0
════════════════════════════════════════
════════════════════════════════════════
Timestamp: 2025-03-04 19:19:04.010
Sensor: Temperatura 3
Valor: 47.69 0
════════════════════════════════════════
════════════════════════════════════════
Timestamp: 2025-03-04 19:19:01.734
Sensor: Temperatura 3
Valor: 38.50 0
════════════════════════════════════════
════════════════════════════════════════
Timestamp: 2025-03-04 19:18:59.792
Sensor: Temperatura 3
Valor: 29.65 0
════════════════════════════════════════
════════════════════════════════════════
Timestamp: 2025-03-04 19:18:57.685
Sensor: Temperatura 3
Valor: 28.63 0
════════════════════════════════════════
════════════════════════════════════════
Timestamp: 2025-03-04 19:18:55.663
Sensor: Temperatura 3
Valor: 44.33 0
════════════════════════════════════════
════════════════════════════════════════
Timestamp: 2025-03-04 19:18:53.774
Sensor: Temperatura 3
Valor: 24.91 0
════════════════════════════════════════
════════════════════════════════════════
Timestamp: 2025-03-04 19:18:51.702
Sensor: Temperatura 3
Valor: 47.02 0
════════════════════════════════════════
════════════════════════════════════════
Timestamp: 2025-03-04 19:18:49.628
Sensor: Temperatura 3
Valor: 46.11 0
════════════════════════════════════════
════════════════════════════════════════
Timestamp: 2025-03-04 19:18:47.701
Sensor: Temperatura 3
Valor: 25.24 0
════════════════════════════════════════
════════════════════════════════════════
Timestamp: 2025-03-04 19:18:45.549
Sensor: Temperatura 3
Valor: 21.69 0
════════════════════════════════════════
════════════════════════════════════════
Timestamp: 2025-03-04 19:18:43.628
Sensor: Temperatura 3
Valor: 22.05 0
════════════════════════════════════════
════════════════════════════════════════
Timestamp: 2025-03-04 19:18:41.748
Sensor: Temperatura 3
Valor: 48.38 0
════════════════════════════════════════
════════════════════════════════════════
Timestamp: 2025-03-04 19:18:39.510
Sensor: Temperatura 3
Valor: 35.61 0
════════════════════════════════════════
════════════════════════════════════════
Timestamp: 2025-03-04 19:18:37.537
Sensor: Temperatura 3
Valor: 41.40 0
════════════════════════════════════════
════════════════════════════════════════
Timestamp: 2025-03-04 19:18:35.562
Sensor: Temperatura 3
Valor: 34.52 0
════════════════════════════════════════
════════════════════════════════════════
Timestamp: 2025-03-04 19:18:33.457
Sensor: Temperatura 3
Valor: 39.71 0
════════════════════════════════════════
════════════════════════════════════════
Timestamp: 2025-03-04 19:18:31.452
Sensor: Temperatura 3
Valor: 38.27 0
════════════════════════════════════════
════════════════════════════════════════
Timestamp: 2025-03-04 19:18:29.448
Sensor: Temperatura 3
Valor: 28.46 0
════════════════════════════════════════
════════════════════════════════════════
Timestamp: 2025-03-04 19:18:27.447
Sensor: Temperatura 3
Valor: 49.51 0
════════════════════════════════════════
════════════════════════════════════════
Timestamp: 2025-03-04 19:18:25.469
Sensor: Temperatura 3
Valor: 37.13 0
════════════════════════════════════════
════════════════════════════════════════
Timestamp: 2025-03-04 19:18:23.396
Sensor: Temperatura 3
Valor: 26.16 0
════════════════════════════════════════
════════════════════════════════════════
Timestamp: 2025-03-04 19:18:21.384
Sensor: Temperatura 3
Valor: 29.53 0
════════════════════════════════════════
════════════════════════════════════════
Timestamp: 2025-03-04 19:18:19.467
Sensor: Temperatura 3
Valor: 22.61 0
════════════════════════════════════════
════════════════════════════════════════
Timestamp: 2025-03-04 19:18:17.606
Sensor: Temperatura 3
Valor: 33.93 0
════════════════════════════════════════
════════════════════════════════════════
Timestamp: 2025-03-04 19:18:15.513
Sensor: Temperatura 3
Valor: 32.91 0
════════════════════════════════════════
════════════════════════════════════════
Timestamp: 2025-03-04 19:18:13.258
Sensor: Temperatura 3
Valor: 41.52 0
════════════════════════════════════════
════════════════════════════════════════
Timestamp: 2025-03-04 19:18:11.277
Sensor: Temperatura 3
Valor: 20.99 0
════════════════════════════════════════
════════════════════════════════════════
Timestamp: 2025-03-04 19:18:09.169
Sensor: Temperatura 3
Valor: 33.77 0
════════════════════════════════════════
════════════════════════════════════════
Timestamp: 2025-03-04 19:18:07.220
Sensor: Temperatura 3
Valor: 44.14 0
════════════════════════════════════════
════════════════════════════════════════
Timestamp: 2025-03-04 19:18:05.259
Sensor: Temperatura 3
Valor: 21.81 0
════════════════════════════════════════
════════════════════════════════════════
Timestamp: 2025-03-04 19:18:03.173
Sensor: Temperatura 3
Valor: 19.63 0
════════════════════════════════════════
════════════════════════════════════════
Timestamp: 2025-03-04 19:18:01.225
Sensor: Temperatura 3
Valor: 31.10 0
════════════════════════════════════════
════════════════════════════════════════
Timestamp: 2025-03-04 19:17:59.117
Sensor: Temperatura 3
Valor: 35.18 0
════════════════════════════════════════
════════════════════════════════════════
Timestamp: 2025-03-04 19:17:57.175
Sensor: Temperatura 3
Valor: 46.51 0
════════════════════════════════════════
════════════════════════════════════════
Timestamp: 2025-03-04 19:17:55.080
Sensor: Temperatura 3
Valor: 46.53 0
════════════════════════════════════════
════════════════════════════════════════
Timestamp: 2025-03-04 19:17:53.033
Sensor: Temperatura 3
Valor: 20.66 0
════════════════════════════════════════
════════════════════════════════════════
Timestamp: 2025-03-04 19:17:51.247
Sensor: Temperatura 3
Valor: 36.32 0
════════════════════════════════════════
════════════════════════════════════════
Timestamp: 2025-03-04 19:17:49.035
Sensor: Temperatura 3
Valor: 49.68 0
════════════════════════════════════════
════════════════════════════════════════
Timestamp: 2025-03-04 19:17:47.014
Sensor: Temperatura 3
Valor: 21.52 0
════════════════════════════════════════
════════════════════════════════════════
Timestamp: 2025-03-04 19:17:45.019
Sensor: Temperatura 3
Valor: 46.87 0
════════════════════════════════════════
════════════════════════════════════════
Timestamp: 2025-03-04 19:17:43.058
Sensor: Temperatura 3
Valor: 47.67 0
════════════════════════════════════════
════════════════════════════════════════
Timestamp: 2025-03-04 19:17:41.157
Sensor: Temperatura 3
Valor: 31.39 0
════════════════════════════════════════
════════════════════════════════════════
Timestamp: 2025-03-04 19:17:38.975
Sensor: Temperatura 3
Valor: 48.98 0
════════════════════════════════════════
════════════════════════════════════════
Timestamp: 2025-03-04 19:17:36.883
Sensor: Temperatura 3
Valor: 34.60 0
════════════════════════════════════════
════════════════════════════════════════
Timestamp: 2025-03-04 19:17:34.842
Sensor: Temperatura 3
Valor: 40.22 0
════════════════════════════════════════
════════════════════════════════════════
Timestamp: 2025-03-04 19:17:32.912
Sensor: Temperatura 3
Valor: 44.61 0
════════════════════════════════════════
════════════════════════════════════════
Timestamp: 2025-03-04 19:17:30.796
Sensor: Temperatura 3
Valor: 19.05 0
════════════════════════════════════════
════════════════════════════════════════
Timestamp: 2025-03-04 19:17:28.844
Sensor: Temperatura 3
Valor: 19.82 0
════════════════════════════════════════
════════════════════════════════════════
Timestamp: 2025-03-04 19:17:26.867
Sensor: Temperatura 3
Valor: 20.22 0
════════════════════════════════════════
════════════════════════════════════════
Timestamp: 2025-03-04 19:17:24.855
Sensor: Temperatura 3
Valor: 25.19 0
════════════════════════════════════════
════════════════════════════════════════
Timestamp: 2025-03-04 19:17:22.828
Sensor: Temperatura 3
Valor: 20.40 0
════════════════════════════════════════
════════════════════════════════════════
Timestamp: 2025-03-04 19:17:20.796
Sensor: Temperatura 3
Valor: 23.92 0
════════════════════════════════════════
════════════════════════════════════════
Timestamp: 2025-03-04 19:17:18.726
Sensor: Temperatura 3
Valor: 45.27 0
════════════════════════════════════════
════════════════════════════════════════
[2025-03-04 19:17:18.726] INICIO DE RECEPCIÓN DE DATOS
════════════════════════════════════════
