════════════════════════════════════════
Timestamp: 2025-03-04 19:51:25.085
Sensor: Luminosidad 4
Valor: 130.25 1
════════════════════════════════════════
════════════════════════════════════════
Timestamp: 2025-03-04 19:51:23.195
Sensor: Luminosidad 4
Valor: 995.35 1
════════════════════════════════════════
════════════════════════════════════════
Timestamp: 2025-03-04 19:51:21.104
Sensor: Luminosidad 4
Valor: 250.21 1
════════════════════════════════════════
════════════════════════════════════════
Timestamp: 2025-03-04 19:51:19.085
Sensor: Luminosidad 4
Valor: 43.79 1
════════════════════════════════════════
════════════════════════════════════════
Timestamp: 2025-03-04 19:51:16.963
Sensor: Luminosidad 4
Valor: 901.16 1
════════════════════════════════════════
════════════════════════════════════════
Timestamp: 2025-03-04 19:51:15.199
Sensor: Luminosidad 4
Valor: 662.05 1
════════════════════════════════════════
════════════════════════════════════════
Timestamp: 2025-03-04 19:51:12.974
Sensor: Luminosidad 4
Valor: 404.08 1
════════════════════════════════════════
════════════════════════════════════════
Timestamp: 2025-03-04 19:51:10.983
Sensor: Luminosidad 4
Valor: 543.86 1
════════════════════════════════════════
════════════════════════════════════════
Timestamp: 2025-03-04 19:51:08.961
Sensor: Luminosidad 4
Valor: 558.56 1
════════════════════════════════════════
════════════════════════════════════════
Timestamp: 2025-03-04 19:51:06.978
Sensor: Luminosidad 4
Valor: 513.56 1
════════════════════════════════════════
════════════════════════════════════════
Timestamp: 2025-03-04 19:51:05.021
Sensor: Luminosidad 4
Valor: 307.67 1
════════════════════════════════════════
════════════════════════════════════════
Timestamp: 2025-03-04 19:51:03.091
Sensor: Luminosidad 4
Valor: 184.09 1
════════════════════════════════════════
════════════════════════════════════════
Timestamp: 2025-03-04 19:51:01.146
Sensor: Luminosidad 4
Valor: 767.07 1
════════════════════════════════════════
════════════════════════════════════════
Timestamp: 2025-03-04 19:50:59.070
Sensor: Luminosidad 4
Valor: 585.54 1
════════════════════════════════════════
════════════════════════════════════════
Timestamp: 2025-03-04 19:50:56.933
Sensor: Luminosidad 4
Valor: 803.63 1
════════════════════════════════════════
════════════════════════════════════════
Timestamp: 2025-03-04 19:50:54.999
Sensor: Luminosidad 4
Valor: 192.11 1
════════════════════════════════════════
════════════════════════════════════════
Timestamp: 2025-03-04 19:50:52.864
Sensor: Luminosidad 4
Valor: 118.51 1
════════════════════════════════════════
════════════════════════════════════════
Timestamp: 2025-03-04 19:50:50.837
Sensor: Luminosidad 4
Valor: 382.56 1
════════════════════════════════════════
════════════════════════════════════════
Timestamp: 2025-03-04 19:50:48.973
Sensor: Luminosidad 4
Valor: 327.52 1
════════════════════════════════════════
════════════════════════════════════════
Timestamp: 2025-03-04 19:50:46.824
Sensor: Luminosidad 4
Valor: 183.92 1
════════════════════════════════════════
════════════════════════════════════════
Timestamp: 2025-03-04 19:50:44.832
Sensor: Luminosidad 4
Valor: 801.68 1
════════════════════════════════════════
════════════════════════════════════════
Timestamp: 2025-03-04 19:50:42.782
Sensor: Luminosidad 4
Valor: 779.67 1
════════════════════════════════════════
════════════════════════════════════════
Timestamp: 2025-03-04 19:50:40.990
Sensor: Luminosidad 4
Valor: 683.74 1
════════════════════════════════════════
════════════════════════════════════════
Timestamp: 2025-03-04 19:50:38.770
Sensor: Luminosidad 4
Valor: 352.22 1
════════════════════════════════════════
════════════════════════════════════════
Timestamp: 2025-03-04 19:50:36.874
Sensor: Luminosidad 4
Valor: 56.62 1
════════════════════════════════════════
════════════════════════════════════════
Timestamp: 2025-03-04 19:50:34.835
Sensor: Luminosidad 4
Valor: 788.88 1
════════════════════════════════════════
════════════════════════════════════════
Timestamp: 2025-03-04 19:50:33.165
Sensor: Luminosidad 4
Valor: 101.03 1
════════════════════════════════════════
════════════════════════════════════════
Timestamp: 2025-03-04 19:50:30.740
Sensor: Luminosidad 4
Valor: 163.54 1
════════════════════════════════════════
════════════════════════════════════════
Timestamp: 2025-03-04 19:50:28.743
Sensor: Luminosidad 4
Valor: 656.88 1
════════════════════════════════════════
════════════════════════════════════════
Timestamp: 2025-03-04 19:50:26.679
Sensor: Luminosidad 4
Valor: 720.87 1
════════════════════════════════════════
════════════════════════════════════════
Timestamp: 2025-03-04 19:50:24.702
Sensor: Luminosidad 4
Valor: 156.78 1
════════════════════════════════════════
════════════════════════════════════════
Timestamp: 2025-03-04 19:50:22.688
Sensor: Luminosidad 4
Valor: 882.47 1
════════════════════════════════════════
════════════════════════════════════════
Timestamp: 2025-03-04 19:50:20.593
Sensor: Luminosidad 4
Valor: 426.41 1
════════════════════════════════════════
════════════════════════════════════════
Timestamp: 2025-03-04 19:50:18.583
Sensor: Luminosidad 4
Valor: 141.44 1
════════════════════════════════════════
════════════════════════════════════════
Timestamp: 2025-03-04 19:50:16.561
Sensor: Luminosidad 4
Valor: 558.73 1
════════════════════════════════════════
════════════════════════════════════════
Timestamp: 2025-03-04 19:50:14.515
Sensor: Luminosidad 4
Valor: 274.70 1
════════════════════════════════════════
════════════════════════════════════════
Timestamp: 2025-03-04 19:50:12.557
Sensor: Luminosidad 4
Valor: 344.80 1
════════════════════════════════════════
════════════════════════════════════════
Timestamp: 2025-03-04 19:50:10.529
Sensor: Luminosidad 4
Valor: 20.47 1
════════════════════════════════════════
════════════════════════════════════════
Timestamp: 2025-03-04 19:50:08.465
Sensor: Luminosidad 4
Valor: 573.26 1
════════════════════════════════════════
════════════════════════════════════════
Timestamp: 2025-03-04 19:50:06.557
Sensor: Luminosidad 4
Valor: 825.70 1
════════════════════════════════════════
════════════════════════════════════════
Timestamp: 2025-03-04 19:50:04.622
Sensor: Luminosidad 4
Valor: 491.16 1
════════════════════════════════════════
════════════════════════════════════════
Timestamp: 2025-03-04 19:50:02.635
Sensor: Luminosidad 4
Valor: 876.95 1
════════════════════════════════════════
════════════════════════════════════════
Timestamp: 2025-03-04 19:50:00.576
Sensor: Luminosidad 4
Valor: 923.84 1
════════════════════════════════════════
════════════════════════════════════════
Timestamp: 2025-03-04 19:49:58.421
Sensor: Luminosidad 4
Valor: 158.15 1
════════════════════════════════════════
════════════════════════════════════════
Timestamp: 2025-03-04 19:49:56.355
Sensor: Luminosidad 4
Valor: 838.10 1
════════════════════════════════════════
════════════════════════════════════════
Timestamp: 2025-03-04 19:49:54.312
Sensor: Luminosidad 4
Valor: 456.81 1
════════════════════════════════════════
════════════════════════════════════════
Timestamp: 2025-03-04 19:49:52.382
Sensor: Luminosidad 4
Valor: 417.15 1
════════════════════════════════════════
════════════════════════════════════════
Timestamp: 2025-03-04 19:49:50.294
Sensor: Luminosidad 4
Valor: 646.91 1
════════════════════════════════════════
════════════════════════════════════════
Timestamp: 2025-03-04 19:49:48.312
Sensor: Luminosidad 4
Valor: 849.79 1
════════════════════════════════════════
════════════════════════════════════════
Timestamp: 2025-03-04 19:49:46.398
Sensor: Luminosidad 4
Valor: 130.93 1
════════════════════════════════════════
════════════════════════════════════════
Timestamp: 2025-03-04 19:49:44.343
Sensor: Luminosidad 4
Valor: 910.96 1
════════════════════════════════════════
════════════════════════════════════════
Timestamp: 2025-03-04 19:49:42.194
Sensor: Luminosidad 4
Valor: 48.82 1
════════════════════════════════════════
════════════════════════════════════════
Timestamp: 2025-03-04 19:49:40.517
Sensor: Luminosidad 4
Valor: 940.99 1
════════════════════════════════════════
════════════════════════════════════════
Timestamp: 2025-03-04 19:49:38.235
Sensor: Luminosidad 4
Valor: 720.46 1
════════════════════════════════════════
════════════════════════════════════════
Timestamp: 2025-03-04 19:49:36.579
Sensor: Luminosidad 4
Valor: 174.60 1
════════════════════════════════════════
════════════════════════════════════════
Timestamp: 2025-03-04 19:49:34.389
Sensor: Luminosidad 4
Valor: 920.53 1
════════════════════════════════════════
════════════════════════════════════════
Timestamp: 2025-03-04 19:49:32.349
Sensor: Luminosidad 4
Valor: 143.33 1
════════════════════════════════════════
════════════════════════════════════════
Timestamp: 2025-03-04 19:49:29.738
Sensor: Luminosidad 4
Valor: 966.63 1
════════════════════════════════════════
════════════════════════════════════════
Timestamp: 2025-03-04 19:49:27.604
Sensor: Luminosidad 4
Valor: 888.84 1
════════════════════════════════════════
════════════════════════════════════════
Timestamp: 2025-03-04 19:49:25.745
Sensor: Luminosidad 4
Valor: 455.53 1
════════════════════════════════════════
════════════════════════════════════════
Timestamp: 2025-03-04 19:49:23.689
Sensor: Luminosidad 4
Valor: 995.20 1
════════════════════════════════════════
════════════════════════════════════════
Timestamp: 2025-03-04 19:49:21.657
Sensor: Luminosidad 4
Valor: 97.65 1
════════════════════════════════════════
════════════════════════════════════════
Timestamp: 2025-03-04 19:49:19.597
Sensor: Luminosidad 4
Valor: 681.82 1
════════════════════════════════════════
════════════════════════════════════════
Timestamp: 2025-03-04 19:49:17.638
Sensor: Luminosidad 4
Valor: 207.23 1
════════════════════════════════════════
════════════════════════════════════════
Timestamp: 2025-03-04 19:49:15.485
Sensor: Luminosidad 4
Valor: 461.49 1
════════════════════════════════════════
════════════════════════════════════════
Timestamp: 2025-03-04 19:49:12.658
Sensor: Luminosidad 4
Valor: 145.91 1
════════════════════════════════════════
════════════════════════════════════════
Timestamp: 2025-03-04 19:49:10.685
Sensor: Luminosidad 4
Valor: 854.66 1
════════════════════════════════════════
════════════════════════════════════════
Timestamp: 2025-03-04 19:49:08.685
Sensor: Luminosidad 4
Valor: 29.99 1
════════════════════════════════════════
════════════════════════════════════════
Timestamp: 2025-03-04 19:49:06.704
Sensor: Luminosidad 4
Valor: 106.23 1
════════════════════════════════════════
════════════════════════════════════════
Timestamp: 2025-03-04 19:49:04.749
Sensor: Luminosidad 4
Valor: 308.47 1
════════════════════════════════════════
════════════════════════════════════════
Timestamp: 2025-03-04 19:49:02.699
Sensor: Luminosidad 4
Valor: 319.22 1
════════════════════════════════════════
════════════════════════════════════════
Timestamp: 2025-03-04 19:49:00.610
Sensor: Luminosidad 4
Valor: 349.50 1
════════════════════════════════════════
════════════════════════════════════════
Timestamp: 2025-03-04 19:48:58.550
Sensor: Luminosidad 4
Valor: 837.86 1
════════════════════════════════════════
════════════════════════════════════════
Timestamp: 2025-03-04 19:48:56.582
Sensor: Luminosidad 4
Valor: 293.69 1
════════════════════════════════════════
════════════════════════════════════════
Timestamp: 2025-03-04 19:48:54.639
Sensor: Luminosidad 4
Valor: 362.22 1
════════════════════════════════════════
════════════════════════════════════════
Timestamp: 2025-03-04 19:48:52.709
Sensor: Luminosidad 4
Valor: 395.79 1
════════════════════════════════════════
════════════════════════════════════════
Timestamp: 2025-03-04 19:48:50.569
Sensor: Luminosidad 4
Valor: 89.22 1
════════════════════════════════════════
════════════════════════════════════════
Timestamp: 2025-03-04 19:48:48.545
Sensor: Luminosidad 4
Valor: 794.14 1
════════════════════════════════════════
════════════════════════════════════════
Timestamp: 2025-03-04 19:48:46.713
Sensor: Luminosidad 4
Valor: 266.93 1
════════════════════════════════════════
════════════════════════════════════════
Timestamp: 2025-03-04 19:48:44.479
Sensor: Luminosidad 4
Valor: 709.88 1
════════════════════════════════════════
════════════════════════════════════════
Timestamp: 2025-03-04 19:48:42.381
Sensor: Luminosidad 4
Valor: 912.55 1
════════════════════════════════════════
════════════════════════════════════════
Timestamp: 2025-03-04 19:48:40.354
Sensor: Luminosidad 4
Valor: 286.87 1
════════════════════════════════════════
════════════════════════════════════════
Timestamp: 2025-03-04 19:48:38.428
Sensor: Luminosidad 4
Valor: 767.01 1
════════════════════════════════════════
════════════════════════════════════════
Timestamp: 2025-03-04 19:48:36.325
Sensor: Luminosidad 4
Valor: 109.47 1
════════════════════════════════════════
════════════════════════════════════════
Timestamp: 2025-03-04 19:48:34.357
Sensor: Luminosidad 4
Valor: 11.27 1
════════════════════════════════════════
════════════════════════════════════════
Timestamp: 2025-03-04 19:48:32.331
Sensor: Luminosidad 4
Valor: 34.07 1
════════════════════════════════════════
════════════════════════════════════════
Timestamp: 2025-03-04 19:48:30.379
Sensor: Luminosidad 4
Valor: 865.89 1
════════════════════════════════════════
════════════════════════════════════════
Timestamp: 2025-03-04 19:48:28.391
Sensor: Luminosidad 4
Valor: 437.03 1
════════════════════════════════════════
════════════════════════════════════════
Timestamp: 2025-03-04 19:48:26.322
Sensor: Luminosidad 4
Valor: 646.33 1
════════════════════════════════════════
════════════════════════════════════════
Timestamp: 2025-03-04 19:48:24.469
Sensor: Luminosidad 4
Valor: 452.27 1
════════════════════════════════════════
════════════════════════════════════════
Timestamp: 2025-03-04 19:48:22.255
Sensor: Luminosidad 4
Valor: 618.55 1
════════════════════════════════════════
════════════════════════════════════════
Timestamp: 2025-03-04 19:48:20.538
Sensor: Luminosidad 4
Valor: 49.30 1
════════════════════════════════════════
════════════════════════════════════════
Timestamp: 2025-03-04 19:48:18.458
Sensor: Luminosidad 4
Valor: 449.37 1
════════════════════════════════════════
════════════════════════════════════════
Timestamp: 2025-03-04 19:48:16.353
Sensor: Luminosidad 4
Valor: 923.65 1
════════════════════════════════════════
════════════════════════════════════════
Timestamp: 2025-03-04 19:48:14.729
Sensor: Luminosidad 4
Valor: 716.63 1
════════════════════════════════════════
════════════════════════════════════════
Timestamp: 2025-03-04 19:48:12.171
Sensor: Luminosidad 4
Valor: 489.90 1
════════════════════════════════════════
════════════════════════════════════════
Timestamp: 2025-03-04 19:48:10.072
Sensor: Luminosidad 4
Valor: 841.11 1
════════════════════════════════════════
════════════════════════════════════════
Timestamp: 2025-03-04 19:48:08.077
Sensor: Luminosidad 4
Valor: 724.64 1
════════════════════════════════════════
════════════════════════════════════════
Timestamp: 2025-03-04 19:48:06.066
Sensor: Luminosidad 4
Valor: 997.62 1
════════════════════════════════════════
════════════════════════════════════════
Timestamp: 2025-03-04 19:48:04.014
Sensor: Luminosidad 4
Valor: 521.01 1
════════════════════════════════════════
════════════════════════════════════════
Timestamp: 2025-03-04 19:48:02.042
Sensor: Luminosidad 4
Valor: 624.59 1
════════════════════════════════════════
════════════════════════════════════════
Timestamp: 2025-03-04 19:47:59.906
Sensor: Luminosidad 4
Valor: 36.31 1
════════════════════════════════════════
════════════════════════════════════════
Timestamp: 2025-03-04 19:47:57.897
Sensor: Luminosidad 4
Valor: 111.88 1
════════════════════════════════════════
════════════════════════════════════════
Timestamp: 2025-03-04 19:47:55.866
Sensor: Luminosidad 4
Valor: 777.49 1
════════════════════════════════════════
════════════════════════════════════════
Timestamp: 2025-03-04 19:47:53.939
Sensor: Luminosidad 4
Valor: 576.65 1
════════════════════════════════════════
════════════════════════════════════════
Timestamp: 2025-03-04 19:47:51.772
Sensor: Luminosidad 4
Valor: 276.50 1
════════════════════════════════════════
════════════════════════════════════════
Timestamp: 2025-03-04 19:47:49.915
Sensor: Luminosidad 4
Valor: 325.19 1
════════════════════════════════════════
════════════════════════════════════════
Timestamp: 2025-03-04 19:47:48.070
Sensor: Luminosidad 4
Valor: 334.32 1
════════════════════════════════════════
════════════════════════════════════════
Timestamp: 2025-03-04 19:47:45.914
Sensor: Luminosidad 4
Valor: 927.29 1
════════════════════════════════════════
════════════════════════════════════════
Timestamp: 2025-03-04 19:47:43.717
Sensor: Luminosidad 4
Valor: 513.92 1
════════════════════════════════════════
════════════════════════════════════════
Timestamp: 2025-03-04 19:47:41.805
Sensor: Luminosidad 4
Valor: 454.61 1
════════════════════════════════════════
════════════════════════════════════════
Timestamp: 2025-03-04 19:47:40.030
Sensor: Luminosidad 4
Valor: 803.68 1
════════════════════════════════════════
════════════════════════════════════════
Timestamp: 2025-03-04 19:47:37.701
Sensor: Luminosidad 4
Valor: 182.61 1
════════════════════════════════════════
════════════════════════════════════════
Timestamp: 2025-03-04 19:47:35.529
Sensor: Luminosidad 4
Valor: 707.16 1
════════════════════════════════════════
════════════════════════════════════════
Timestamp: 2025-03-04 19:47:33.694
Sensor: Luminosidad 4
Valor: 406.78 1
════════════════════════════════════════
════════════════════════════════════════
Timestamp: 2025-03-04 19:47:31.547
Sensor: Luminosidad 4
Valor: 338.51 1
════════════════════════════════════════
════════════════════════════════════════
Timestamp: 2025-03-04 19:47:29.493
Sensor: Luminosidad 4
Valor: 840.13 1
════════════════════════════════════════
════════════════════════════════════════
Timestamp: 2025-03-04 19:47:27.470
Sensor: Luminosidad 4
Valor: 975.82 1
════════════════════════════════════════
════════════════════════════════════════
Timestamp: 2025-03-04 19:47:25.664
Sensor: Luminosidad 4
Valor: 145.96 1
════════════════════════════════════════
════════════════════════════════════════
Timestamp: 2025-03-04 19:47:23.439
Sensor: Luminosidad 4
Valor: 107.29 1
════════════════════════════════════════
════════════════════════════════════════
Timestamp: 2025-03-04 19:47:21.560
Sensor: Luminosidad 4
Valor: 940.37 1
════════════════════════════════════════
════════════════════════════════════════
Timestamp: 2025-03-04 19:47:19.405
Sensor: Luminosidad 4
Valor: 808.17 1
════════════════════════════════════════
════════════════════════════════════════
Timestamp: 2025-03-04 19:47:17.406
Sensor: Luminosidad 4
Valor: 204.58 1
════════════════════════════════════════
════════════════════════════════════════
Timestamp: 2025-03-04 19:47:15.449
Sensor: Luminosidad 4
Valor: 495.50 1
════════════════════════════════════════
════════════════════════════════════════
Timestamp: 2025-03-04 19:47:13.664
Sensor: Luminosidad 4
Valor: 83.62 1
════════════════════════════════════════
════════════════════════════════════════
Timestamp: 2025-03-04 19:47:11.574
Sensor: Luminosidad 4
Valor: 433.56 1
════════════════════════════════════════
════════════════════════════════════════
Timestamp: 2025-03-04 19:47:09.446
Sensor: Luminosidad 4
Valor: 846.88 1
════════════════════════════════════════
════════════════════════════════════════
Timestamp: 2025-03-04 19:47:07.287
Sensor: Luminosidad 4
Valor: 390.66 1
════════════════════════════════════════
════════════════════════════════════════
Timestamp: 2025-03-04 19:47:05.349
Sensor: Luminosidad 4
Valor: 523.68 1
════════════════════════════════════════
════════════════════════════════════════
Timestamp: 2025-03-04 19:47:03.225
Sensor: Luminosidad 4
Valor: 467.63 1
════════════════════════════════════════
════════════════════════════════════════
Timestamp: 2025-03-04 19:47:01.192
Sensor: Luminosidad 4
Valor: 759.14 1
════════════════════════════════════════
════════════════════════════════════════
Timestamp: 2025-03-04 19:46:59.500
Sensor: Luminosidad 4
Valor: 770.85 1
════════════════════════════════════════
════════════════════════════════════════
Timestamp: 2025-03-04 19:46:57.221
Sensor: Luminosidad 4
Valor: 550.93 1
════════════════════════════════════════
════════════════════════════════════════
Timestamp: 2025-03-04 19:46:55.201
Sensor: Luminosidad 4
Valor: 408.74 1
════════════════════════════════════════
════════════════════════════════════════
Timestamp: 2025-03-04 19:46:53.130
Sensor: Luminosidad 4
Valor: 762.67 1
════════════════════════════════════════
════════════════════════════════════════
Timestamp: 2025-03-04 19:46:51.191
Sensor: Luminosidad 4
Valor: 151.43 1
════════════════════════════════════════
════════════════════════════════════════
Timestamp: 2025-03-04 19:46:49.480
Sensor: Luminosidad 4
Valor: 972.12 1
════════════════════════════════════════
════════════════════════════════════════
Timestamp: 2025-03-04 19:46:47.411
Sensor: Luminosidad 4
Valor: 688.88 1
════════════════════════════════════════
════════════════════════════════════════
Timestamp: 2025-03-04 19:46:45.099
Sensor: Luminosidad 4
Valor: 365.00 1
════════════════════════════════════════
════════════════════════════════════════
Timestamp: 2025-03-04 19:46:43.294
Sensor: Luminosidad 4
Valor: 980.81 1
════════════════════════════════════════
════════════════════════════════════════
Timestamp: 2025-03-04 19:46:40.971
Sensor: Luminosidad 4
Valor: 737.25 1
════════════════════════════════════════
════════════════════════════════════════
Timestamp: 2025-03-04 19:46:38.974
Sensor: Luminosidad 4
Valor: 512.92 1
════════════════════════════════════════
════════════════════════════════════════
Timestamp: 2025-03-04 19:46:36.936
Sensor: Luminosidad 4
Valor: 381.96 1
════════════════════════════════════════
════════════════════════════════════════
Timestamp: 2025-03-04 19:46:34.864
Sensor: Luminosidad 4
Valor: 645.33 1
════════════════════════════════════════
════════════════════════════════════════
Timestamp: 2025-03-04 19:46:33.040
Sensor: Luminosidad 4
Valor: 897.06 1
════════════════════════════════════════
════════════════════════════════════════
Timestamp: 2025-03-04 19:46:30.804
Sensor: Luminosidad 4
Valor: 701.44 1
════════════════════════════════════════
════════════════════════════════════════
Timestamp: 2025-03-04 19:46:28.885
Sensor: Luminosidad 4
Valor: 459.11 1
════════════════════════════════════════
════════════════════════════════════════
Timestamp: 2025-03-04 19:46:26.920
Sensor: Luminosidad 4
Valor: 671.39 1
════════════════════════════════════════
════════════════════════════════════════
Timestamp: 2025-03-04 19:46:24.862
Sensor: Luminosidad 4
Valor: 552.95 1
════════════════════════════════════════
════════════════════════════════════════
Timestamp: 2025-03-04 19:46:22.898
Sensor: Luminosidad 4
Valor: 727.63 1
════════════════════════════════════════
════════════════════════════════════════
Timestamp: 2025-03-04 19:46:20.905
Sensor: Luminosidad 4
Valor: 16.70 1
════════════════════════════════════════
════════════════════════════════════════
Timestamp: 2025-03-04 19:46:18.863
Sensor: Luminosidad 4
Valor: 281.28 1
════════════════════════════════════════
════════════════════════════════════════
Timestamp: 2025-03-04 19:46:17.191
Sensor: Luminosidad 4
Valor: 598.07 1
════════════════════════════════════════
════════════════════════════════════════
Timestamp: 2025-03-04 19:46:14.707
Sensor: Luminosidad 4
Valor: 208.91 1
════════════════════════════════════════
════════════════════════════════════════
Timestamp: 2025-03-04 19:46:12.611
Sensor: Luminosidad 4
Valor: 805.80 1
════════════════════════════════════════
════════════════════════════════════════
Timestamp: 2025-03-04 19:46:10.589
Sensor: Luminosidad 4
Valor: 442.75 1
════════════════════════════════════════
════════════════════════════════════════
Timestamp: 2025-03-04 19:46:08.629
Sensor: Luminosidad 4
Valor: 720.14 1
════════════════════════════════════════
════════════════════════════════════════
Timestamp: 2025-03-04 19:46:06.640
Sensor: Luminosidad 4
Valor: 457.84 1
════════════════════════════════════════
════════════════════════════════════════
Timestamp: 2025-03-04 19:46:04.568
Sensor: Luminosidad 4
Valor: 532.10 1
════════════════════════════════════════
════════════════════════════════════════
Timestamp: 2025-03-04 19:46:02.524
Sensor: Luminosidad 4
Valor: 304.94 1
════════════════════════════════════════
════════════════════════════════════════
Timestamp: 2025-03-04 19:46:00.714
Sensor: Luminosidad 4
Valor: 202.24 1
════════════════════════════════════════
════════════════════════════════════════
Timestamp: 2025-03-04 19:45:58.553
Sensor: Luminosidad 4
Valor: 373.94 1
════════════════════════════════════════
════════════════════════════════════════
Timestamp: 2025-03-04 19:45:56.466
Sensor: Luminosidad 4
Valor: 148.99 1
════════════════════════════════════════
════════════════════════════════════════
Timestamp: 2025-03-04 19:45:54.633
Sensor: Luminosidad 4
Valor: 499.43 1
════════════════════════════════════════
════════════════════════════════════════
Timestamp: 2025-03-04 19:45:52.563
Sensor: Luminosidad 4
Valor: 664.28 1
════════════════════════════════════════
════════════════════════════════════════
Timestamp: 2025-03-04 19:45:50.540
Sensor: Luminosidad 4
Valor: 295.00 1
════════════════════════════════════════
════════════════════════════════════════
Timestamp: 2025-03-04 19:45:48.477
Sensor: Luminosidad 4
Valor: 36.47 1
════════════════════════════════════════
════════════════════════════════════════
Timestamp: 2025-03-04 19:45:46.329
Sensor: Luminosidad 4
Valor: 372.92 1
════════════════════════════════════════
════════════════════════════════════════
Timestamp: 2025-03-04 19:45:44.336
Sensor: Luminosidad 4
Valor: 460.65 1
════════════════════════════════════════
════════════════════════════════════════
Timestamp: 2025-03-04 19:45:42.329
Sensor: Luminosidad 4
Valor: 82.57 1
════════════════════════════════════════
════════════════════════════════════════
Timestamp: 2025-03-04 19:45:40.456
Sensor: Luminosidad 4
Valor: 314.72 1
════════════════════════════════════════
════════════════════════════════════════
Timestamp: 2025-03-04 19:45:38.349
Sensor: Luminosidad 4
Valor: 141.23 1
════════════════════════════════════════
════════════════════════════════════════
Timestamp: 2025-03-04 19:45:36.445
Sensor: Luminosidad 4
Valor: 178.54 1
════════════════════════════════════════
════════════════════════════════════════
Timestamp: 2025-03-04 19:45:34.192
Sensor: Luminosidad 4
Valor: 631.09 1
════════════════════════════════════════
════════════════════════════════════════
Timestamp: 2025-03-04 19:45:32.176
Sensor: Luminosidad 4
Valor: 746.38 1
════════════════════════════════════════
════════════════════════════════════════
Timestamp: 2025-03-04 19:45:30.234
Sensor: Luminosidad 4
Valor: 913.35 1
════════════════════════════════════════
════════════════════════════════════════
Timestamp: 2025-03-04 19:45:28.124
Sensor: Luminosidad 4
Valor: 578.23 1
════════════════════════════════════════
════════════════════════════════════════
Timestamp: 2025-03-04 19:45:26.243
Sensor: Luminosidad 4
Valor: 193.48 1
════════════════════════════════════════
════════════════════════════════════════
Timestamp: 2025-03-04 19:45:24.327
Sensor: Luminosidad 4
Valor: 208.43 1
════════════════════════════════════════
════════════════════════════════════════
Timestamp: 2025-03-04 19:45:22.059
Sensor: Luminosidad 4
Valor: 877.31 1
════════════════════════════════════════
════════════════════════════════════════
Timestamp: 2025-03-04 19:45:20.041
Sensor: Luminosidad 4
Valor: 889.05 1
════════════════════════════════════════
════════════════════════════════════════
Timestamp: 2025-03-04 19:45:17.987
Sensor: Luminosidad 4
Valor: 933.60 1
════════════════════════════════════════
════════════════════════════════════════
Timestamp: 2025-03-04 19:45:16.053
Sensor: Luminosidad 4
Valor: 488.88 1
════════════════════════════════════════
════════════════════════════════════════
Timestamp: 2025-03-04 19:45:14.216
Sensor: Luminosidad 4
Valor: 162.17 1
════════════════════════════════════════
════════════════════════════════════════
Timestamp: 2025-03-04 19:45:11.992
Sensor: Luminosidad 4
Valor: 878.63 1
════════════════════════════════════════
════════════════════════════════════════
Timestamp: 2025-03-04 19:45:09.972
Sensor: Luminosidad 4
Valor: 658.93 1
════════════════════════════════════════
════════════════════════════════════════
Timestamp: 2025-03-04 19:45:08.081
Sensor: Luminosidad 4
Valor: 378.61 1
════════════════════════════════════════
════════════════════════════════════════
Timestamp: 2025-03-04 19:45:06.094
Sensor: Luminosidad 4
Valor: 131.59 1
════════════════════════════════════════
════════════════════════════════════════
Timestamp: 2025-03-04 19:45:03.909
Sensor: Luminosidad 4
Valor: 353.94 1
════════════════════════════════════════
════════════════════════════════════════
Timestamp: 2025-03-04 19:45:01.847
Sensor: Luminosidad 4
Valor: 883.62 1
════════════════════════════════════════
════════════════════════════════════════
Timestamp: 2025-03-04 19:44:59.884
Sensor: Luminosidad 4
Valor: 913.03 1
════════════════════════════════════════
════════════════════════════════════════
Timestamp: 2025-03-04 19:44:57.797
Sensor: Luminosidad 4
Valor: 753.77 1
════════════════════════════════════════
════════════════════════════════════════
Timestamp: 2025-03-04 19:44:55.863
Sensor: Luminosidad 4
Valor: 722.67 1
════════════════════════════════════════
════════════════════════════════════════
Timestamp: 2025-03-04 19:44:53.723
Sensor: Luminosidad 4
Valor: 277.26 1
════════════════════════════════════════
════════════════════════════════════════
Timestamp: 2025-03-04 19:44:51.729
Sensor: Luminosidad 4
Valor: 803.17 1
════════════════════════════════════════
════════════════════════════════════════
Timestamp: 2025-03-04 19:44:49.795
Sensor: Luminosidad 4
Valor: 765.04 1
════════════════════════════════════════
════════════════════════════════════════
Timestamp: 2025-03-04 19:44:47.636
Sensor: Luminosidad 4
Valor: 79.95 1
════════════════════════════════════════
════════════════════════════════════════
Timestamp: 2025-03-04 19:44:45.678
Sensor: Luminosidad 4
Valor: 135.49 1
════════════════════════════════════════
════════════════════════════════════════
Timestamp: 2025-03-04 19:44:43.623
Sensor: Luminosidad 4
Valor: 70.10 1
════════════════════════════════════════
════════════════════════════════════════
Timestamp: 2025-03-04 19:44:41.643
Sensor: Luminosidad 4
Valor: 281.05 1
════════════════════════════════════════
════════════════════════════════════════
Timestamp: 2025-03-04 19:44:39.632
Sensor: Luminosidad 4
Valor: 426.30 1
════════════════════════════════════════
════════════════════════════════════════
Timestamp: 2025-03-04 19:44:37.662
Sensor: Luminosidad 4
Valor: 111.99 1
════════════════════════════════════════
════════════════════════════════════════
Timestamp: 2025-03-04 19:44:35.506
Sensor: Luminosidad 4
Valor: 670.96 1
════════════════════════════════════════
════════════════════════════════════════
Timestamp: 2025-03-04 19:44:33.491
Sensor: Luminosidad 4
Valor: 475.87 1
════════════════════════════════════════
════════════════════════════════════════
Timestamp: 2025-03-04 19:44:31.602
Sensor: Luminosidad 4
Valor: 798.80 1
════════════════════════════════════════
════════════════════════════════════════
Timestamp: 2025-03-04 19:44:29.473
Sensor: Luminosidad 4
Valor: 558.29 1
════════════════════════════════════════
════════════════════════════════════════
Timestamp: 2025-03-04 19:44:27.542
Sensor: Luminosidad 4
Valor: 274.16 1
════════════════════════════════════════
════════════════════════════════════════
Timestamp: 2025-03-04 19:44:25.537
Sensor: Luminosidad 4
Valor: 112.19 1
════════════════════════════════════════
════════════════════════════════════════
Timestamp: 2025-03-04 19:44:23.437
Sensor: Luminosidad 4
Valor: 732.90 1
════════════════════════════════════════
════════════════════════════════════════
Timestamp: 2025-03-04 19:44:21.495
Sensor: Luminosidad 4
Valor: 393.57 1
════════════════════════════════════════
════════════════════════════════════════
Timestamp: 2025-03-04 19:44:19.387
Sensor: Luminosidad 4
Valor: 662.30 1
════════════════════════════════════════
════════════════════════════════════════
Timestamp: 2025-03-04 19:44:17.466
Sensor: Luminosidad 4
Valor: 833.50 1
════════════════════════════════════════
════════════════════════════════════════
Timestamp: 2025-03-04 19:44:15.284
Sensor: Luminosidad 4
Valor: 235.45 1
════════════════════════════════════════
════════════════════════════════════════
Timestamp: 2025-03-04 19:44:13.224
Sensor: Luminosidad 4
Valor: 39.34 1
════════════════════════════════════════
════════════════════════════════════════
Timestamp: 2025-03-04 19:44:11.213
Sensor: Luminosidad 4
Valor: 251.17 1
════════════════════════════════════════
════════════════════════════════════════
Timestamp: 2025-03-04 19:44:09.148
Sensor: Luminosidad 4
Valor: 675.88 1
════════════════════════════════════════
════════════════════════════════════════
Timestamp: 2025-03-04 19:44:07.190
Sensor: Luminosidad 4
Valor: 396.36 1
════════════════════════════════════════
════════════════════════════════════════
Timestamp: 2025-03-04 19:44:05.113
Sensor: Luminosidad 4
Valor: 447.92 1
════════════════════════════════════════
════════════════════════════════════════
Timestamp: 2025-03-04 19:44:03.176
Sensor: Luminosidad 4
Valor: 259.20 1
════════════════════════════════════════
════════════════════════════════════════
Timestamp: 2025-03-04 19:44:02.437
Sensor: Luminosidad 4
Valor: 551.08 1
════════════════════════════════════════
════════════════════════════════════════
Timestamp: 2025-03-04 19:43:59.250
Sensor: Luminosidad 4
Valor: 574.31 1
════════════════════════════════════════
════════════════════════════════════════
Timestamp: 2025-03-04 19:43:56.362
Sensor: Luminosidad 4
Valor: 819.17 1
════════════════════════════════════════
════════════════════════════════════════
Timestamp: 2025-03-04 19:43:54.114
Sensor: Luminosidad 4
Valor: 313.94 1
════════════════════════════════════════
════════════════════════════════════════
Timestamp: 2025-03-04 19:43:51.971
Sensor: Luminosidad 4
Valor: 209.76 1
════════════════════════════════════════
════════════════════════════════════════
Timestamp: 2025-03-04 19:43:50.117
Sensor: Luminosidad 4
Valor: 987.30 1
════════════════════════════════════════
════════════════════════════════════════
Timestamp: 2025-03-04 19:43:48.142
Sensor: Luminosidad 4
Valor: 769.13 1
════════════════════════════════════════
════════════════════════════════════════
Timestamp: 2025-03-04 19:43:45.919
Sensor: Luminosidad 4
Valor: 583.89 1
════════════════════════════════════════
════════════════════════════════════════
Timestamp: 2025-03-04 19:43:43.906
Sensor: Luminosidad 4
Valor: 904.48 1
════════════════════════════════════════
════════════════════════════════════════
Timestamp: 2025-03-04 19:43:41.866
Sensor: Luminosidad 4
Valor: 897.27 1
════════════════════════════════════════
════════════════════════════════════════
Timestamp: 2025-03-04 19:43:39.845
Sensor: Luminosidad 4
Valor: 935.47 1
════════════════════════════════════════
════════════════════════════════════════
Timestamp: 2025-03-04 19:43:37.902
Sensor: Luminosidad 4
Valor: 776.43 1
════════════════════════════════════════
════════════════════════════════════════
Timestamp: 2025-03-04 19:43:35.771
Sensor: Luminosidad 4
Valor: 941.61 1
════════════════════════════════════════
════════════════════════════════════════
Timestamp: 2025-03-04 19:43:33.968
Sensor: Luminosidad 4
Valor: 404.19 1
════════════════════════════════════════
════════════════════════════════════════
Timestamp: 2025-03-04 19:43:31.800
Sensor: Luminosidad 4
Valor: 198.26 1
════════════════════════════════════════
════════════════════════════════════════
Timestamp: 2025-03-04 19:43:29.818
Sensor: Luminosidad 4
Valor: 325.80 1
════════════════════════════════════════
════════════════════════════════════════
Timestamp: 2025-03-04 19:43:27.780
Sensor: Luminosidad 4
Valor: 592.50 1
════════════════════════════════════════
════════════════════════════════════════
Timestamp: 2025-03-04 19:43:25.775
Sensor: Luminosidad 4
Valor: 165.33 1
════════════════════════════════════════
════════════════════════════════════════
Timestamp: 2025-03-04 19:43:24.092
Sensor: Luminosidad 4
Valor: 156.65 1
════════════════════════════════════════
════════════════════════════════════════
Timestamp: 2025-03-04 19:43:21.151
Sensor: Luminosidad 4
Valor: 217.19 1
════════════════════════════════════════
════════════════════════════════════════
Timestamp: 2025-03-04 19:43:19.161
Sensor: Luminosidad 4
Valor: 430.93 1
════════════════════════════════════════
════════════════════════════════════════
Timestamp: 2025-03-04 19:43:17.109
Sensor: Luminosidad 4
Valor: 891.60 1
════════════════════════════════════════
════════════════════════════════════════
Timestamp: 2025-03-04 19:43:14.294
Sensor: Luminosidad 4
Valor: 477.41 1
════════════════════════════════════════
════════════════════════════════════════
Timestamp: 2025-03-04 19:43:12.314
Sensor: Luminosidad 4
Valor: 423.04 1
════════════════════════════════════════
════════════════════════════════════════
Timestamp: 2025-03-04 19:43:10.358
Sensor: Luminosidad 4
Valor: 12.35 1
════════════════════════════════════════
════════════════════════════════════════
Timestamp: 2025-03-04 19:43:08.218
Sensor: Luminosidad 4
Valor: 967.98 1
════════════════════════════════════════
════════════════════════════════════════
Timestamp: 2025-03-04 19:43:06.227
Sensor: Luminosidad 4
Valor: 71.81 1
════════════════════════════════════════
════════════════════════════════════════
Timestamp: 2025-03-04 19:43:04.203
Sensor: Luminosidad 4
Valor: 489.76 1
════════════════════════════════════════
════════════════════════════════════════
Timestamp: 2025-03-04 19:43:02.283
Sensor: Luminosidad 4
Valor: 929.10 1
════════════════════════════════════════
════════════════════════════════════════
Timestamp: 2025-03-04 19:43:00.089
Sensor: Luminosidad 4
Valor: 435.60 1
════════════════════════════════════════
════════════════════════════════════════
Timestamp: 2025-03-04 19:42:58.115
Sensor: Luminosidad 4
Valor: 577.77 1
════════════════════════════════════════
════════════════════════════════════════
Timestamp: 2025-03-04 19:42:56.149
Sensor: Luminosidad 4
Valor: 740.14 1
════════════════════════════════════════
════════════════════════════════════════
Timestamp: 2025-03-04 19:42:54.064
Sensor: Luminosidad 4
Valor: 273.17 1
════════════════════════════════════════
════════════════════════════════════════
Timestamp: 2025-03-04 19:42:52.011
Sensor: Luminosidad 4
Valor: 367.34 1
════════════════════════════════════════
════════════════════════════════════════
Timestamp: 2025-03-04 19:42:49.997
Sensor: Luminosidad 4
Valor: 217.09 1
════════════════════════════════════════
════════════════════════════════════════
Timestamp: 2025-03-04 19:42:48.026
Sensor: Luminosidad 4
Valor: 76.84 1
════════════════════════════════════════
════════════════════════════════════════
Timestamp: 2025-03-04 19:42:46.048
Sensor: Luminosidad 4
Valor: 278.43 1
════════════════════════════════════════
════════════════════════════════════════
Timestamp: 2025-03-04 19:42:44.221
Sensor: Luminosidad 4
Valor: 219.58 1
════════════════════════════════════════
════════════════════════════════════════
Timestamp: 2025-03-04 19:42:42.077
Sensor: Luminosidad 4
Valor: 27.80 1
════════════════════════════════════════
════════════════════════════════════════
Timestamp: 2025-03-04 19:42:40.165
Sensor: Luminosidad 4
Valor: 530.54 1
════════════════════════════════════════
════════════════════════════════════════
Timestamp: 2025-03-04 19:42:38.313
Sensor: Luminosidad 4
Valor: 828.19 1
════════════════════════════════════════
════════════════════════════════════════
Timestamp: 2025-03-04 19:42:35.992
Sensor: Luminosidad 4
Valor: 691.42 1
════════════════════════════════════════
════════════════════════════════════════
Timestamp: 2025-03-04 19:42:33.934
Sensor: Luminosidad 4
Valor: 628.32 1
════════════════════════════════════════
════════════════════════════════════════
Timestamp: 2025-03-04 19:42:31.809
Sensor: Luminosidad 4
Valor: 214.57 1
════════════════════════════════════════
════════════════════════════════════════
Timestamp: 2025-03-04 19:42:29.973
Sensor: Luminosidad 4
Valor: 652.22 1
════════════════════════════════════════
════════════════════════════════════════
Timestamp: 2025-03-04 19:42:28.024
Sensor: Luminosidad 4
Valor: 111.45 1
════════════════════════════════════════
════════════════════════════════════════
Timestamp: 2025-03-04 19:42:25.754
Sensor: Luminosidad 4
Valor: 383.28 1
════════════════════════════════════════
════════════════════════════════════════
Timestamp: 2025-03-04 19:42:23.959
Sensor: Luminosidad 4
Valor: 305.59 1
════════════════════════════════════════
════════════════════════════════════════
Timestamp: 2025-03-04 19:42:21.794
Sensor: Luminosidad 4
Valor: 468.85 1
════════════════════════════════════════
════════════════════════════════════════
Timestamp: 2025-03-04 19:42:19.780
Sensor: Luminosidad 4
Valor: 643.39 1
════════════════════════════════════════
════════════════════════════════════════
Timestamp: 2025-03-04 19:42:18.019
Sensor: Luminosidad 4
Valor: 517.56 1
════════════════════════════════════════
════════════════════════════════════════
Timestamp: 2025-03-04 19:42:15.762
Sensor: Luminosidad 4
Valor: 620.36 1
════════════════════════════════════════
════════════════════════════════════════
Timestamp: 2025-03-04 19:42:13.810
Sensor: Luminosidad 4
Valor: 105.49 1
════════════════════════════════════════
════════════════════════════════════════
Timestamp: 2025-03-04 19:42:11.693
Sensor: Luminosidad 4
Valor: 611.33 1
════════════════════════════════════════
════════════════════════════════════════
Timestamp: 2025-03-04 19:42:09.646
Sensor: Luminosidad 4
Valor: 611.35 1
════════════════════════════════════════
════════════════════════════════════════
Timestamp: 2025-03-04 19:42:07.568
Sensor: Luminosidad 4
Valor: 553.37 1
════════════════════════════════════════
════════════════════════════════════════
Timestamp: 2025-03-04 19:42:05.546
Sensor: Luminosidad 4
Valor: 223.01 1
════════════════════════════════════════
════════════════════════════════════════
Timestamp: 2025-03-04 19:42:03.557
Sensor: Luminosidad 4
Valor: 896.79 1
════════════════════════════════════════
════════════════════════════════════════
Timestamp: 2025-03-04 19:42:01.823
Sensor: Luminosidad 4
Valor: 475.37 1
════════════════════════════════════════
════════════════════════════════════════
Timestamp: 2025-03-04 19:41:59.574
Sensor: Luminosidad 4
Valor: 68.85 1
════════════════════════════════════════
════════════════════════════════════════
Timestamp: 2025-03-04 19:41:57.496
Sensor: Luminosidad 4
Valor: 778.08 1
════════════════════════════════════════
════════════════════════════════════════
Timestamp: 2025-03-04 19:41:55.596
Sensor: Luminosidad 4
Valor: 14.43 1
════════════════════════════════════════
════════════════════════════════════════
Timestamp: 2025-03-04 19:41:53.480
Sensor: Luminosidad 4
Valor: 719.62 1
════════════════════════════════════════
════════════════════════════════════════
Timestamp: 2025-03-04 19:41:51.507
Sensor: Luminosidad 4
Valor: 788.91 1
════════════════════════════════════════
════════════════════════════════════════
Timestamp: 2025-03-04 19:41:49.442
Sensor: Luminosidad 4
Valor: 746.06 1
════════════════════════════════════════
════════════════════════════════════════
Timestamp: 2025-03-04 19:41:47.361
Sensor: Luminosidad 4
Valor: 557.91 1
════════════════════════════════════════
════════════════════════════════════════
Timestamp: 2025-03-04 19:41:45.371
Sensor: Luminosidad 4
Valor: 981.70 1
════════════════════════════════════════
════════════════════════════════════════
Timestamp: 2025-03-04 19:41:43.576
Sensor: Luminosidad 4
Valor: 808.36 1
════════════════════════════════════════
════════════════════════════════════════
Timestamp: 2025-03-04 19:41:41.405
Sensor: Luminosidad 4
Valor: 974.16 1
════════════════════════════════════════
════════════════════════════════════════
Timestamp: 2025-03-04 19:41:38.157
Sensor: Luminosidad 4
Valor: 630.98 1
════════════════════════════════════════
════════════════════════════════════════
Timestamp: 2025-03-04 19:41:36.326
Sensor: Luminosidad 4
Valor: 204.84 1
════════════════════════════════════════
════════════════════════════════════════
Timestamp: 2025-03-04 19:41:34.146
Sensor: Luminosidad 4
Valor: 275.28 1
════════════════════════════════════════
════════════════════════════════════════
Timestamp: 2025-03-04 19:41:32.202
Sensor: Luminosidad 4
Valor: 559.29 1
════════════════════════════════════════
════════════════════════════════════════
Timestamp: 2025-03-04 19:41:30.212
Sensor: Luminosidad 4
Valor: 886.53 1
════════════════════════════════════════
════════════════════════════════════════
Timestamp: 2025-03-04 19:41:28.083
Sensor: Luminosidad 4
Valor: 258.64 1
════════════════════════════════════════
════════════════════════════════════════
Timestamp: 2025-03-04 19:41:26.070
Sensor: Luminosidad 4
Valor: 601.96 1
════════════════════════════════════════
════════════════════════════════════════
Timestamp: 2025-03-04 19:41:24.064
Sensor: Luminosidad 4
Valor: 461.18 1
════════════════════════════════════════
════════════════════════════════════════
Timestamp: 2025-03-04 19:41:22.465
Sensor: Luminosidad 4
Valor: 58.28 1
════════════════════════════════════════
════════════════════════════════════════
Timestamp: 2025-03-04 19:41:20.118
Sensor: Luminosidad 4
Valor: 954.39 1
════════════════════════════════════════
════════════════════════════════════════
Timestamp: 2025-03-04 19:41:18.015
Sensor: Luminosidad 4
Valor: 648.60 1
════════════════════════════════════════
════════════════════════════════════════
Timestamp: 2025-03-04 19:41:16.017
Sensor: Luminosidad 4
Valor: 571.40 1
════════════════════════════════════════
════════════════════════════════════════
Timestamp: 2025-03-04 19:41:13.979
Sensor: Luminosidad 4
Valor: 207.13 1
════════════════════════════════════════
════════════════════════════════════════
Timestamp: 2025-03-04 19:41:12.021
Sensor: Luminosidad 4
Valor: 486.07 1
════════════════════════════════════════
════════════════════════════════════════
Timestamp: 2025-03-04 19:41:09.929
Sensor: Luminosidad 4
Valor: 374.79 1
════════════════════════════════════════
════════════════════════════════════════
Timestamp: 2025-03-04 19:41:07.845
Sensor: Luminosidad 4
Valor: 991.55 1
════════════════════════════════════════
════════════════════════════════════════
Timestamp: 2025-03-04 19:41:05.868
Sensor: Luminosidad 4
Valor: 74.98 1
════════════════════════════════════════
════════════════════════════════════════
Timestamp: 2025-03-04 19:41:03.817
Sensor: Luminosidad 4
Valor: 149.14 1
════════════════════════════════════════
════════════════════════════════════════
Timestamp: 2025-03-04 19:41:01.940
Sensor: Luminosidad 4
Valor: 598.22 1
════════════════════════════════════════
════════════════════════════════════════
Timestamp: 2025-03-04 19:40:59.898
Sensor: Luminosidad 4
Valor: 558.96 1
════════════════════════════════════════
════════════════════════════════════════
Timestamp: 2025-03-04 19:40:57.777
Sensor: Luminosidad 4
Valor: 639.16 1
════════════════════════════════════════
════════════════════════════════════════
Timestamp: 2025-03-04 19:40:56.014
Sensor: Luminosidad 4
Valor: 800.04 1
════════════════════════════════════════
════════════════════════════════════════
Timestamp: 2025-03-04 19:40:53.736
Sensor: Luminosidad 4
Valor: 548.21 1
════════════════════════════════════════
════════════════════════════════════════
Timestamp: 2025-03-04 19:40:51.728
Sensor: Luminosidad 4
Valor: 786.08 1
════════════════════════════════════════
════════════════════════════════════════
Timestamp: 2025-03-04 19:40:49.788
Sensor: Luminosidad 4
Valor: 729.07 1
════════════════════════════════════════
════════════════════════════════════════
Timestamp: 2025-03-04 19:40:47.748
Sensor: Luminosidad 4
Valor: 488.47 1
════════════════════════════════════════
════════════════════════════════════════
Timestamp: 2025-03-04 19:40:45.798
Sensor: Luminosidad 4
Valor: 139.22 1
════════════════════════════════════════
════════════════════════════════════════
Timestamp: 2025-03-04 19:40:43.642
Sensor: Luminosidad 4
Valor: 256.35 1
════════════════════════════════════════
════════════════════════════════════════
Timestamp: 2025-03-04 19:40:41.569
Sensor: Luminosidad 4
Valor: 756.31 1
════════════════════════════════════════
════════════════════════════════════════
Timestamp: 2025-03-04 19:40:39.634
Sensor: Luminosidad 4
Valor: 203.43 1
════════════════════════════════════════
════════════════════════════════════════
Timestamp: 2025-03-04 19:40:37.769
Sensor: Luminosidad 4
Valor: 991.65 1
════════════════════════════════════════
════════════════════════════════════════
Timestamp: 2025-03-04 19:40:35.572
Sensor: Luminosidad 4
Valor: 867.76 1
════════════════════════════════════════
════════════════════════════════════════
Timestamp: 2025-03-04 19:40:33.524
Sensor: Luminosidad 4
Valor: 803.96 1
════════════════════════════════════════
════════════════════════════════════════
Timestamp: 2025-03-04 19:40:31.608
Sensor: Luminosidad 4
Valor: 696.19 1
════════════════════════════════════════
════════════════════════════════════════
Timestamp: 2025-03-04 19:40:29.488
Sensor: Luminosidad 4
Valor: 200.84 1
════════════════════════════════════════
════════════════════════════════════════
Timestamp: 2025-03-04 19:40:27.583
Sensor: Luminosidad 4
Valor: 314.07 1
════════════════════════════════════════
════════════════════════════════════════
Timestamp: 2025-03-04 19:40:25.416
Sensor: Luminosidad 4
Valor: 997.41 1
════════════════════════════════════════
════════════════════════════════════════
Timestamp: 2025-03-04 19:40:23.432
Sensor: Luminosidad 4
Valor: 382.49 1
════════════════════════════════════════
════════════════════════════════════════
Timestamp: 2025-03-04 19:40:21.378
Sensor: Luminosidad 4
Valor: 916.46 1
════════════════════════════════════════
════════════════════════════════════════
Timestamp: 2025-03-04 19:40:19.357
Sensor: Luminosidad 4
Valor: 732.78 1
════════════════════════════════════════
════════════════════════════════════════
Timestamp: 2025-03-04 19:40:17.306
Sensor: Luminosidad 4
Valor: 239.47 1
════════════════════════════════════════
════════════════════════════════════════
Timestamp: 2025-03-04 19:40:15.285
Sensor: Luminosidad 4
Valor: 48.46 1
════════════════════════════════════════
════════════════════════════════════════
Timestamp: 2025-03-04 19:40:13.319
Sensor: Luminosidad 4
Valor: 879.75 1
════════════════════════════════════════
════════════════════════════════════════
Timestamp: 2025-03-04 19:40:11.336
Sensor: Luminosidad 4
Valor: 736.16 1
════════════════════════════════════════
════════════════════════════════════════
Timestamp: 2025-03-04 19:40:09.363
Sensor: Luminosidad 4
Valor: 681.36 1
════════════════════════════════════════
════════════════════════════════════════
Timestamp: 2025-03-04 19:40:07.203
Sensor: Luminosidad 4
Valor: 251.85 1
════════════════════════════════════════
════════════════════════════════════════
Timestamp: 2025-03-04 19:40:05.384
Sensor: Luminosidad 4
Valor: 783.05 1
════════════════════════════════════════
════════════════════════════════════════
Timestamp: 2025-03-04 19:40:03.382
Sensor: Luminosidad 4
Valor: 573.05 1
════════════════════════════════════════
════════════════════════════════════════
Timestamp: 2025-03-04 19:40:01.249
Sensor: Luminosidad 4
Valor: 848.78 1
════════════════════════════════════════
════════════════════════════════════════
Timestamp: 2025-03-04 19:39:59.108
Sensor: Luminosidad 4
Valor: 755.46 1
════════════════════════════════════════
════════════════════════════════════════
Timestamp: 2025-03-04 19:39:57.088
Sensor: Luminosidad 4
Valor: 561.04 1
════════════════════════════════════════
════════════════════════════════════════
Timestamp: 2025-03-04 19:39:55.176
Sensor: Luminosidad 4
Valor: 894.75 1
════════════════════════════════════════
════════════════════════════════════════
Timestamp: 2025-03-04 19:39:53.037
Sensor: Luminosidad 4
Valor: 496.76 1
════════════════════════════════════════
════════════════════════════════════════
Timestamp: 2025-03-04 19:39:51.161
Sensor: Luminosidad 4
Valor: 281.46 1
════════════════════════════════════════
════════════════════════════════════════
Timestamp: 2025-03-04 19:39:49.067
Sensor: Luminosidad 4
Valor: 490.17 1
════════════════════════════════════════
════════════════════════════════════════
Timestamp: 2025-03-04 19:39:46.995
Sensor: Luminosidad 4
Valor: 286.79 1
════════════════════════════════════════
════════════════════════════════════════
Timestamp: 2025-03-04 19:39:45.074
Sensor: Luminosidad 4
Valor: 37.66 1
════════════════════════════════════════
════════════════════════════════════════
Timestamp: 2025-03-04 19:39:43.039
Sensor: Luminosidad 4
Valor: 260.74 1
════════════════════════════════════════
════════════════════════════════════════
Timestamp: 2025-03-04 19:39:41.085
Sensor: Luminosidad 4
Valor: 464.61 1
════════════════════════════════════════
════════════════════════════════════════
Timestamp: 2025-03-04 19:39:39.175
Sensor: Luminosidad 4
Valor: 755.76 1
════════════════════════════════════════
════════════════════════════════════════
Timestamp: 2025-03-04 19:39:36.932
Sensor: Luminosidad 4
Valor: 936.83 1
════════════════════════════════════════
════════════════════════════════════════
Timestamp: 2025-03-04 19:39:35.179
Sensor: Luminosidad 4
Valor: 143.59 1
════════════════════════════════════════
════════════════════════════════════════
Timestamp: 2025-03-04 19:39:32.898
Sensor: Luminosidad 4
Valor: 509.01 1
════════════════════════════════════════
════════════════════════════════════════
Timestamp: 2025-03-04 19:39:30.880
Sensor: Luminosidad 4
Valor: 445.88 1
════════════════════════════════════════
════════════════════════════════════════
Timestamp: 2025-03-04 19:39:28.879
Sensor: Luminosidad 4
Valor: 188.71 1
════════════════════════════════════════
════════════════════════════════════════
Timestamp: 2025-03-04 19:39:26.811
Sensor: Luminosidad 4
Valor: 944.22 1
════════════════════════════════════════
════════════════════════════════════════
Timestamp: 2025-03-04 19:39:24.744
Sensor: Luminosidad 4
Valor: 329.46 1
════════════════════════════════════════
════════════════════════════════════════
Timestamp: 2025-03-04 19:39:22.707
Sensor: Luminosidad 4
Valor: 206.43 1
════════════════════════════════════════
════════════════════════════════════════
Timestamp: 2025-03-04 19:39:20.848
Sensor: Luminosidad 4
Valor: 674.55 1
════════════════════════════════════════
════════════════════════════════════════
Timestamp: 2025-03-04 19:39:18.673
Sensor: Luminosidad 4
Valor: 905.63 1
════════════════════════════════════════
════════════════════════════════════════
Timestamp: 2025-03-04 19:39:16.679
Sensor: Luminosidad 4
Valor: 739.28 1
════════════════════════════════════════
════════════════════════════════════════
Timestamp: 2025-03-04 19:39:14.713
Sensor: Luminosidad 4
Valor: 632.75 1
════════════════════════════════════════
════════════════════════════════════════
Timestamp: 2025-03-04 19:39:12.705
Sensor: Luminosidad 4
Valor: 85.87 1
════════════════════════════════════════
════════════════════════════════════════
Timestamp: 2025-03-04 19:39:11.493
Sensor: Luminosidad 4
Valor: 370.95 1
════════════════════════════════════════
════════════════════════════════════════
Timestamp: 2025-03-04 19:39:08.662
Sensor: Luminosidad 4
Valor: 111.55 1
════════════════════════════════════════
════════════════════════════════════════
Timestamp: 2025-03-04 19:39:06.562
Sensor: Luminosidad 4
Valor: 817.29 1
════════════════════════════════════════
════════════════════════════════════════
Timestamp: 2025-03-04 19:39:04.618
Sensor: Luminosidad 4
Valor: 771.90 1
════════════════════════════════════════
════════════════════════════════════════
Timestamp: 2025-03-04 19:39:02.538
Sensor: Luminosidad 4
Valor: 559.92 1
════════════════════════════════════════
════════════════════════════════════════
Timestamp: 2025-03-04 19:39:00.586
Sensor: Luminosidad 4
Valor: 890.78 1
════════════════════════════════════════
════════════════════════════════════════
Timestamp: 2025-03-04 19:38:58.509
Sensor: Luminosidad 4
Valor: 664.76 1
════════════════════════════════════════
════════════════════════════════════════
Timestamp: 2025-03-04 19:38:56.499
Sensor: Luminosidad 4
Valor: 749.32 1
════════════════════════════════════════
════════════════════════════════════════
Timestamp: 2025-03-04 19:38:54.564
Sensor: Luminosidad 4
Valor: 224.06 1
════════════════════════════════════════
════════════════════════════════════════
Timestamp: 2025-03-04 19:38:52.483
Sensor: Luminosidad 4
Valor: 536.38 1
════════════════════════════════════════
════════════════════════════════════════
Timestamp: 2025-03-04 19:38:50.641
Sensor: Luminosidad 4
Valor: 925.72 1
════════════════════════════════════════
════════════════════════════════════════
Timestamp: 2025-03-04 19:38:48.662
Sensor: Luminosidad 4
Valor: 835.46 1
════════════════════════════════════════
════════════════════════════════════════
Timestamp: 2025-03-04 19:38:46.528
Sensor: Luminosidad 4
Valor: 240.72 1
════════════════════════════════════════
════════════════════════════════════════
Timestamp: 2025-03-04 19:38:44.496
Sensor: Luminosidad 4
Valor: 97.22 1
════════════════════════════════════════
════════════════════════════════════════
Timestamp: 2025-03-04 19:38:42.546
Sensor: Luminosidad 4
Valor: 477.80 1
════════════════════════════════════════
════════════════════════════════════════
Timestamp: 2025-03-04 19:38:40.337
Sensor: Luminosidad 4
Valor: 127.91 1
════════════════════════════════════════
════════════════════════════════════════
Timestamp: 2025-03-04 19:38:38.352
Sensor: Luminosidad 4
Valor: 77.98 1
════════════════════════════════════════
════════════════════════════════════════
Timestamp: 2025-03-04 19:38:36.329
Sensor: Luminosidad 4
Valor: 763.65 1
════════════════════════════════════════
════════════════════════════════════════
Timestamp: 2025-03-04 19:38:34.310
Sensor: Luminosidad 4
Valor: 404.13 1
════════════════════════════════════════
════════════════════════════════════════
Timestamp: 2025-03-04 19:38:32.204
Sensor: Luminosidad 4
Valor: 351.28 1
════════════════════════════════════════
════════════════════════════════════════
Timestamp: 2025-03-04 19:38:30.298
Sensor: Luminosidad 4
Valor: 158.79 1
════════════════════════════════════════
════════════════════════════════════════
Timestamp: 2025-03-04 19:38:28.362
Sensor: Luminosidad 4
Valor: 112.84 1
════════════════════════════════════════
════════════════════════════════════════
Timestamp: 2025-03-04 19:38:26.134
Sensor: Luminosidad 4
Valor: 924.98 1
════════════════════════════════════════
════════════════════════════════════════
Timestamp: 2025-03-04 19:38:24.188
Sensor: Luminosidad 4
Valor: 57.60 1
════════════════════════════════════════
════════════════════════════════════════
Timestamp: 2025-03-04 19:38:22.092
Sensor: Luminosidad 4
Valor: 807.13 1
════════════════════════════════════════
════════════════════════════════════════
Timestamp: 2025-03-04 19:38:20.135
Sensor: Luminosidad 4
Valor: 275.40 1
════════════════════════════════════════
════════════════════════════════════════
Timestamp: 2025-03-04 19:38:18.090
Sensor: Luminosidad 4
Valor: 528.54 1
════════════════════════════════════════
════════════════════════════════════════
Timestamp: 2025-03-04 19:38:16.105
Sensor: Luminosidad 4
Valor: 399.64 1
════════════════════════════════════════
════════════════════════════════════════
Timestamp: 2025-03-04 19:38:14.089
Sensor: Luminosidad 4
Valor: 974.71 1
════════════════════════════════════════
════════════════════════════════════════
Timestamp: 2025-03-04 19:38:12.157
Sensor: Luminosidad 4
Valor: 294.70 1
════════════════════════════════════════
════════════════════════════════════════
Timestamp: 2025-03-04 19:38:10.111
Sensor: Luminosidad 4
Valor: 843.50 1
════════════════════════════════════════
════════════════════════════════════════
Timestamp: 2025-03-04 19:38:07.945
Sensor: Luminosidad 4
Valor: 793.07 1
════════════════════════════════════════
════════════════════════════════════════
Timestamp: 2025-03-04 19:38:05.940
Sensor: Luminosidad 4
Valor: 48.60 1
════════════════════════════════════════
════════════════════════════════════════
Timestamp: 2025-03-04 19:38:03.877
Sensor: Luminosidad 4
Valor: 951.73 1
════════════════════════════════════════
════════════════════════════════════════
Timestamp: 2025-03-04 19:38:01.903
Sensor: Luminosidad 4
Valor: 679.09 1
════════════════════════════════════════
════════════════════════════════════════
Timestamp: 2025-03-04 19:37:59.896
Sensor: Luminosidad 4
Valor: 766.28 1
════════════════════════════════════════
════════════════════════════════════════
Timestamp: 2025-03-04 19:37:57.995
Sensor: Luminosidad 4
Valor: 66.34 1
════════════════════════════════════════
════════════════════════════════════════
Timestamp: 2025-03-04 19:37:55.854
Sensor: Luminosidad 4
Valor: 930.05 1
════════════════════════════════════════
════════════════════════════════════════
Timestamp: 2025-03-04 19:37:53.851
Sensor: Luminosidad 4
Valor: 111.62 1
════════════════════════════════════════
════════════════════════════════════════
Timestamp: 2025-03-04 19:37:51.927
Sensor: Luminosidad 4
Valor: 901.99 1
════════════════════════════════════════
════════════════════════════════════════
Timestamp: 2025-03-04 19:37:49.873
Sensor: Luminosidad 4
Valor: 836.92 1
════════════════════════════════════════
════════════════════════════════════════
Timestamp: 2025-03-04 19:37:47.910
Sensor: Luminosidad 4
Valor: 792.86 1
════════════════════════════════════════
════════════════════════════════════════
Timestamp: 2025-03-04 19:37:45.986
Sensor: Luminosidad 4
Valor: 8.50 1
════════════════════════════════════════
════════════════════════════════════════
Timestamp: 2025-03-04 19:37:43.770
Sensor: Luminosidad 4
Valor: 908.33 1
════════════════════════════════════════
════════════════════════════════════════
Timestamp: 2025-03-04 19:37:42.045
Sensor: Luminosidad 4
Valor: 469.49 1
════════════════════════════════════════
════════════════════════════════════════
Timestamp: 2025-03-04 19:37:39.681
Sensor: Luminosidad 4
Valor: 777.40 1
════════════════════════════════════════
════════════════════════════════════════
Timestamp: 2025-03-04 19:37:37.656
Sensor: Luminosidad 4
Valor: 958.07 1
════════════════════════════════════════
════════════════════════════════════════
Timestamp: 2025-03-04 19:37:35.973
Sensor: Luminosidad 4
Valor: 672.53 1
════════════════════════════════════════
════════════════════════════════════════
Timestamp: 2025-03-04 19:37:33.594
Sensor: Luminosidad 4
Valor: 91.07 1
════════════════════════════════════════
════════════════════════════════════════
Timestamp: 2025-03-04 19:37:31.523
Sensor: Luminosidad 4
Valor: 957.36 1
════════════════════════════════════════
════════════════════════════════════════
Timestamp: 2025-03-04 19:37:29.597
Sensor: Luminosidad 4
Valor: 625.10 1
════════════════════════════════════════
════════════════════════════════════════
Timestamp: 2025-03-04 19:37:27.507
Sensor: Luminosidad 4
Valor: 607.27 1
════════════════════════════════════════
════════════════════════════════════════
Timestamp: 2025-03-04 19:37:25.545
Sensor: Luminosidad 4
Valor: 577.29 1
════════════════════════════════════════
════════════════════════════════════════
Timestamp: 2025-03-04 19:37:23.531
Sensor: Luminosidad 4
Valor: 552.49 1
════════════════════════════════════════
════════════════════════════════════════
Timestamp: 2025-03-04 19:37:21.641
Sensor: Luminosidad 4
Valor: 604.04 1
════════════════════════════════════════
════════════════════════════════════════
Timestamp: 2025-03-04 19:37:19.678
Sensor: Luminosidad 4
Valor: 316.08 1
════════════════════════════════════════
════════════════════════════════════════
Timestamp: 2025-03-04 19:37:17.387
Sensor: Luminosidad 4
Valor: 475.11 1
════════════════════════════════════════
════════════════════════════════════════
Timestamp: 2025-03-04 19:37:16.074
Sensor: Luminosidad 4
Valor: 94.39 1
════════════════════════════════════════
════════════════════════════════════════
Timestamp: 2025-03-04 19:37:13.535
Sensor: Luminosidad 4
Valor: 517.59 1
════════════════════════════════════════
════════════════════════════════════════
Timestamp: 2025-03-04 19:37:11.418
Sensor: Luminosidad 4
Valor: 781.81 1
════════════════════════════════════════
════════════════════════════════════════
Timestamp: 2025-03-04 19:37:09.483
Sensor: Luminosidad 4
Valor: 399.77 1
════════════════════════════════════════
════════════════════════════════════════
Timestamp: 2025-03-04 19:37:07.370
Sensor: Luminosidad 4
Valor: 82.81 1
════════════════════════════════════════
════════════════════════════════════════
Timestamp: 2025-03-04 19:37:05.292
Sensor: Luminosidad 4
Valor: 371.71 1
════════════════════════════════════════
════════════════════════════════════════
Timestamp: 2025-03-04 19:37:03.307
Sensor: Luminosidad 4
Valor: 178.36 1
════════════════════════════════════════
════════════════════════════════════════
Timestamp: 2025-03-04 19:37:01.873
Sensor: Luminosidad 4
Valor: 710.60 1
════════════════════════════════════════
════════════════════════════════════════
Timestamp: 2025-03-04 19:36:59.422
Sensor: Luminosidad 4
Valor: 721.95 1
════════════════════════════════════════
════════════════════════════════════════
Timestamp: 2025-03-04 19:36:57.218
Sensor: Luminosidad 4
Valor: 336.41 1
════════════════════════════════════════
════════════════════════════════════════
Timestamp: 2025-03-04 19:36:55.210
Sensor: Luminosidad 4
Valor: 13.66 1
════════════════════════════════════════
════════════════════════════════════════
Timestamp: 2025-03-04 19:36:53.130
Sensor: Luminosidad 4
Valor: 79.29 1
════════════════════════════════════════
════════════════════════════════════════
Timestamp: 2025-03-04 19:36:51.281
Sensor: Luminosidad 4
Valor: 508.34 1
════════════════════════════════════════
════════════════════════════════════════
Timestamp: 2025-03-04 19:36:49.534
Sensor: Luminosidad 4
Valor: 255.62 1
════════════════════════════════════════
════════════════════════════════════════
Timestamp: 2025-03-04 19:36:47.309
Sensor: Luminosidad 4
Valor: 683.84 1
════════════════════════════════════════
════════════════════════════════════════
Timestamp: 2025-03-04 19:36:45.433
Sensor: Luminosidad 4
Valor: 450.20 1
════════════════════════════════════════
════════════════════════════════════════
Timestamp: 2025-03-04 19:36:43.614
Sensor: Luminosidad 4
Valor: 130.59 1
════════════════════════════════════════
════════════════════════════════════════
Timestamp: 2025-03-04 19:36:41.069
Sensor: Luminosidad 4
Valor: 865.58 1
════════════════════════════════════════
════════════════════════════════════════
Timestamp: 2025-03-04 19:36:39.066
Sensor: Luminosidad 4
Valor: 535.63 1
════════════════════════════════════════
════════════════════════════════════════
Timestamp: 2025-03-04 19:36:37.348
Sensor: Luminosidad 4
Valor: 317.95 1
════════════════════════════════════════
════════════════════════════════════════
Timestamp: 2025-03-04 19:36:35.031
Sensor: Luminosidad 4
Valor: 11.77 1
════════════════════════════════════════
════════════════════════════════════════
Timestamp: 2025-03-04 19:36:33.022
Sensor: Luminosidad 4
Valor: 167.97 1
════════════════════════════════════════
════════════════════════════════════════
Timestamp: 2025-03-04 19:36:31.031
Sensor: Luminosidad 4
Valor: 182.23 1
════════════════════════════════════════
════════════════════════════════════════
Timestamp: 2025-03-04 19:36:29.011
Sensor: Luminosidad 4
Valor: 72.17 1
════════════════════════════════════════
════════════════════════════════════════
Timestamp: 2025-03-04 19:36:27.195
Sensor: Luminosidad 4
Valor: 100.66 1
════════════════════════════════════════
════════════════════════════════════════
Timestamp: 2025-03-04 19:36:25.059
Sensor: Luminosidad 4
Valor: 564.27 1
════════════════════════════════════════
════════════════════════════════════════
Timestamp: 2025-03-04 19:36:22.950
Sensor: Luminosidad 4
Valor: 286.85 1
════════════════════════════════════════
════════════════════════════════════════
Timestamp: 2025-03-04 19:36:20.945
Sensor: Luminosidad 4
Valor: 141.99 1
════════════════════════════════════════
════════════════════════════════════════
Timestamp: 2025-03-04 19:36:18.891
Sensor: Luminosidad 4
Valor: 651.86 1
════════════════════════════════════════
════════════════════════════════════════
Timestamp: 2025-03-04 19:36:16.938
Sensor: Luminosidad 4
Valor: 874.12 1
════════════════════════════════════════
════════════════════════════════════════
Timestamp: 2025-03-04 19:36:15.047
Sensor: Luminosidad 4
Valor: 64.96 1
════════════════════════════════════════
════════════════════════════════════════
Timestamp: 2025-03-04 19:36:13.215
Sensor: Luminosidad 4
Valor: 307.46 1
════════════════════════════════════════
════════════════════════════════════════
Timestamp: 2025-03-04 19:36:10.959
Sensor: Luminosidad 4
Valor: 573.61 1
════════════════════════════════════════
════════════════════════════════════════
Timestamp: 2025-03-04 19:36:09.059
Sensor: Luminosidad 4
Valor: 394.17 1
════════════════════════════════════════
════════════════════════════════════════
Timestamp: 2025-03-04 19:36:06.838
Sensor: Luminosidad 4
Valor: 174.32 1
════════════════════════════════════════
════════════════════════════════════════
Timestamp: 2025-03-04 19:36:05.039
Sensor: Luminosidad 4
Valor: 140.85 1
════════════════════════════════════════
════════════════════════════════════════
Timestamp: 2025-03-04 19:36:02.968
Sensor: Luminosidad 4
Valor: 924.33 1
════════════════════════════════════════
════════════════════════════════════════
Timestamp: 2025-03-04 19:36:00.836
Sensor: Luminosidad 4
Valor: 940.26 1
════════════════════════════════════════
════════════════════════════════════════
Timestamp: 2025-03-04 19:35:58.763
Sensor: Luminosidad 4
Valor: 422.63 1
════════════════════════════════════════
════════════════════════════════════════
Timestamp: 2025-03-04 19:35:56.811
Sensor: Luminosidad 4
Valor: 134.83 1
════════════════════════════════════════
════════════════════════════════════════
Timestamp: 2025-03-04 19:35:54.703
Sensor: Luminosidad 4
Valor: 130.06 1
════════════════════════════════════════
════════════════════════════════════════
Timestamp: 2025-03-04 19:35:52.869
Sensor: Luminosidad 4
Valor: 516.55 1
════════════════════════════════════════
════════════════════════════════════════
Timestamp: 2025-03-04 19:35:50.663
Sensor: Luminosidad 4
Valor: 477.43 1
════════════════════════════════════════
════════════════════════════════════════
Timestamp: 2025-03-04 19:35:48.740
Sensor: Luminosidad 4
Valor: 173.27 1
════════════════════════════════════════
════════════════════════════════════════
Timestamp: 2025-03-04 19:35:46.886
Sensor: Luminosidad 4
Valor: 485.73 1
════════════════════════════════════════
════════════════════════════════════════
Timestamp: 2025-03-04 19:35:44.873
Sensor: Luminosidad 4
Valor: 605.86 1
════════════════════════════════════════
════════════════════════════════════════
Timestamp: 2025-03-04 19:35:42.722
Sensor: Luminosidad 4
Valor: 224.74 1
════════════════════════════════════════
════════════════════════════════════════
Timestamp: 2025-03-04 19:35:40.612
Sensor: Luminosidad 4
Valor: 607.06 1
════════════════════════════════════════
════════════════════════════════════════
Timestamp: 2025-03-04 19:35:38.540
Sensor: Luminosidad 4
Valor: 752.04 1
════════════════════════════════════════
════════════════════════════════════════
Timestamp: 2025-03-04 19:35:36.550
Sensor: Luminosidad 4
Valor: 434.42 1
════════════════════════════════════════
════════════════════════════════════════
Timestamp: 2025-03-04 19:35:34.589
Sensor: Luminosidad 4
Valor: 677.61 1
════════════════════════════════════════
════════════════════════════════════════
Timestamp: 2025-03-04 19:35:32.492
Sensor: Luminosidad 4
Valor: 438.56 1
════════════════════════════════════════
════════════════════════════════════════
Timestamp: 2025-03-04 19:35:30.480
Sensor: Luminosidad 4
Valor: 114.36 1
════════════════════════════════════════
════════════════════════════════════════
Timestamp: 2025-03-04 19:35:28.569
Sensor: Luminosidad 4
Valor: 366.68 1
════════════════════════════════════════
════════════════════════════════════════
Timestamp: 2025-03-04 19:35:26.476
Sensor: Luminosidad 4
Valor: 285.72 1
════════════════════════════════════════
════════════════════════════════════════
Timestamp: 2025-03-04 19:35:24.600
Sensor: Luminosidad 4
Valor: 277.57 1
════════════════════════════════════════
════════════════════════════════════════
Timestamp: 2025-03-04 19:35:22.451
Sensor: Luminosidad 4
Valor: 960.04 1
════════════════════════════════════════
════════════════════════════════════════
Timestamp: 2025-03-04 19:35:20.566
Sensor: Luminosidad 4
Valor: 874.83 1
════════════════════════════════════════
════════════════════════════════════════
Timestamp: 2025-03-04 19:35:18.391
Sensor: Luminosidad 4
Valor: 42.52 1
════════════════════════════════════════
════════════════════════════════════════
Timestamp: 2025-03-04 19:35:16.434
Sensor: Luminosidad 4
Valor: 927.09 1
════════════════════════════════════════
════════════════════════════════════════
Timestamp: 2025-03-04 19:35:14.446
Sensor: Luminosidad 4
Valor: 75.05 1
════════════════════════════════════════
════════════════════════════════════════
Timestamp: 2025-03-04 19:35:12.399
Sensor: Luminosidad 4
Valor: 486.88 1
════════════════════════════════════════
════════════════════════════════════════
Timestamp: 2025-03-04 19:35:10.449
Sensor: Luminosidad 4
Valor: 249.43 1
════════════════════════════════════════
════════════════════════════════════════
Timestamp: 2025-03-04 19:35:08.410
Sensor: Luminosidad 4
Valor: 457.94 1
════════════════════════════════════════
════════════════════════════════════════
Timestamp: 2025-03-04 19:35:06.302
Sensor: Luminosidad 4
Valor: 200.78 1
════════════════════════════════════════
════════════════════════════════════════
Timestamp: 2025-03-04 19:35:04.230
Sensor: Luminosidad 4
Valor: 559.75 1
════════════════════════════════════════
════════════════════════════════════════
Timestamp: 2025-03-04 19:35:02.298
Sensor: Luminosidad 4
Valor: 450.60 1
════════════════════════════════════════
════════════════════════════════════════
Timestamp: 2025-03-04 19:35:00.428
Sensor: Luminosidad 4
Valor: 873.96 1
════════════════════════════════════════
════════════════════════════════════════
Timestamp: 2025-03-04 19:34:58.411
Sensor: Luminosidad 4
Valor: 94.46 1
════════════════════════════════════════
════════════════════════════════════════
Timestamp: 2025-03-04 19:34:56.118
Sensor: Luminosidad 4
Valor: 203.81 1
════════════════════════════════════════
════════════════════════════════════════
Timestamp: 2025-03-04 19:34:54.212
Sensor: Luminosidad 4
Valor: 208.05 1
════════════════════════════════════════
════════════════════════════════════════
Timestamp: 2025-03-04 19:34:52.139
Sensor: Luminosidad 4
Valor: 856.14 1
════════════════════════════════════════
════════════════════════════════════════
Timestamp: 2025-03-04 19:34:50.208
Sensor: Luminosidad 4
Valor: 719.80 1
════════════════════════════════════════
════════════════════════════════════════
Timestamp: 2025-03-04 19:34:48.141
Sensor: Luminosidad 4
Valor: 94.31 1
════════════════════════════════════════
════════════════════════════════════════
Timestamp: 2025-03-04 19:34:46.182
Sensor: Luminosidad 4
Valor: 802.20 1
════════════════════════════════════════
════════════════════════════════════════
Timestamp: 2025-03-04 19:34:44.487
Sensor: Luminosidad 4
Valor: 937.51 1
════════════════════════════════════════
════════════════════════════════════════
Timestamp: 2025-03-04 19:34:42.076
Sensor: Luminosidad 4
Valor: 352.44 1
════════════════════════════════════════
════════════════════════════════════════
Timestamp: 2025-03-04 19:34:40.134
Sensor: Luminosidad 4
Valor: 972.89 1
════════════════════════════════════════
════════════════════════════════════════
Timestamp: 2025-03-04 19:34:38.750
Sensor: Luminosidad 4
Valor: 102.63 1
════════════════════════════════════════
════════════════════════════════════════
Timestamp: 2025-03-04 19:34:36.271
Sensor: Luminosidad 4
Valor: 886.73 1
════════════════════════════════════════
════════════════════════════════════════
Timestamp: 2025-03-04 19:34:34.418
Sensor: Luminosidad 4
Valor: 422.46 1
════════════════════════════════════════
════════════════════════════════════════
Timestamp: 2025-03-04 19:34:32.250
Sensor: Luminosidad 4
Valor: 204.41 1
════════════════════════════════════════
════════════════════════════════════════
Timestamp: 2025-03-04 19:34:30.593
Sensor: Luminosidad 4
Valor: 666.75 1
════════════════════════════════════════
════════════════════════════════════════
Timestamp: 2025-03-04 19:34:28.197
Sensor: Luminosidad 4
Valor: 232.30 1
════════════════════════════════════════
════════════════════════════════════════
Timestamp: 2025-03-04 19:34:26.115
Sensor: Luminosidad 4
Valor: 973.36 1
════════════════════════════════════════
════════════════════════════════════════
Timestamp: 2025-03-04 19:34:24.056
Sensor: Luminosidad 4
Valor: 138.62 1
════════════════════════════════════════
════════════════════════════════════════
Timestamp: 2025-03-04 19:34:22.028
Sensor: Luminosidad 4
Valor: 523.40 1
════════════════════════════════════════
════════════════════════════════════════
Timestamp: 2025-03-04 19:34:20.018
Sensor: Luminosidad 4
Valor: 814.44 1
════════════════════════════════════════
════════════════════════════════════════
Timestamp: 2025-03-04 19:34:18.170
Sensor: Luminosidad 4
Valor: 522.60 1
════════════════════════════════════════
════════════════════════════════════════
Timestamp: 2025-03-04 19:34:16.081
Sensor: Luminosidad 4
Valor: 401.33 1
════════════════════════════════════════
════════════════════════════════════════
Timestamp: 2025-03-04 19:34:14.078
Sensor: Luminosidad 4
Valor: 181.59 1
════════════════════════════════════════
════════════════════════════════════════
Timestamp: 2025-03-04 19:34:11.991
Sensor: Luminosidad 4
Valor: 394.86 1
════════════════════════════════════════
════════════════════════════════════════
Timestamp: 2025-03-04 19:34:10.544
Sensor: Luminosidad 4
Valor: 244.26 1
════════════════════════════════════════
════════════════════════════════════════
Timestamp: 2025-03-04 19:34:08.256
Sensor: Luminosidad 4
Valor: 926.39 1
════════════════════════════════════════
════════════════════════════════════════
Timestamp: 2025-03-04 19:34:05.979
Sensor: Luminosidad 4
Valor: 498.48 1
════════════════════════════════════════
════════════════════════════════════════
Timestamp: 2025-03-04 19:34:04.131
Sensor: Luminosidad 4
Valor: 677.20 1
════════════════════════════════════════
════════════════════════════════════════
Timestamp: 2025-03-04 19:34:02.031
Sensor: Luminosidad 4
Valor: 249.51 1
════════════════════════════════════════
════════════════════════════════════════
Timestamp: 2025-03-04 19:34:00.043
Sensor: Luminosidad 4
Valor: 843.20 1
════════════════════════════════════════
════════════════════════════════════════
Timestamp: 2025-03-04 19:33:58.005
Sensor: Luminosidad 4
Valor: 881.21 1
════════════════════════════════════════
════════════════════════════════════════
Timestamp: 2025-03-04 19:33:56.455
Sensor: Luminosidad 4
Valor: 408.96 1
════════════════════════════════════════
════════════════════════════════════════
Timestamp: 2025-03-04 19:33:54.185
Sensor: Luminosidad 4
Valor: 149.83 1
════════════════════════════════════════
════════════════════════════════════════
Timestamp: 2025-03-04 19:33:52.257
Sensor: Luminosidad 4
Valor: 923.93 1
════════════════════════════════════════
════════════════════════════════════════
Timestamp: 2025-03-04 19:33:49.896
Sensor: Luminosidad 4
Valor: 131.31 1
════════════════════════════════════════
════════════════════════════════════════
Timestamp: 2025-03-04 19:33:47.924
Sensor: Luminosidad 4
Valor: 933.71 1
════════════════════════════════════════
════════════════════════════════════════
Timestamp: 2025-03-04 19:33:45.861
Sensor: Luminosidad 4
Valor: 955.86 1
════════════════════════════════════════
════════════════════════════════════════
Timestamp: 2025-03-04 19:33:43.927
Sensor: Luminosidad 4
Valor: 203.14 1
════════════════════════════════════════
════════════════════════════════════════
Timestamp: 2025-03-04 19:33:41.862
Sensor: Luminosidad 4
Valor: 849.26 1
════════════════════════════════════════
════════════════════════════════════════
Timestamp: 2025-03-04 19:33:39.837
Sensor: Luminosidad 4
Valor: 465.46 1
════════════════════════════════════════
════════════════════════════════════════
Timestamp: 2025-03-04 19:33:37.862
Sensor: Luminosidad 4
Valor: 248.42 1
════════════════════════════════════════
════════════════════════════════════════
Timestamp: 2025-03-04 19:33:35.994
Sensor: Luminosidad 4
Valor: 137.15 1
════════════════════════════════════════
════════════════════════════════════════
Timestamp: 2025-03-04 19:33:33.804
Sensor: Luminosidad 4
Valor: 825.41 1
════════════════════════════════════════
════════════════════════════════════════
Timestamp: 2025-03-04 19:33:32.005
Sensor: Luminosidad 4
Valor: 605.71 1
════════════════════════════════════════
════════════════════════════════════════
Timestamp: 2025-03-04 19:33:29.764
Sensor: Luminosidad 4
Valor: 566.62 1
════════════════════════════════════════
════════════════════════════════════════
Timestamp: 2025-03-04 19:33:27.822
Sensor: Luminosidad 4
Valor: 522.66 1
════════════════════════════════════════
════════════════════════════════════════
Timestamp: 2025-03-04 19:33:26.108
Sensor: Luminosidad 4
Valor: 975.85 1
════════════════════════════════════════
════════════════════════════════════════
Timestamp: 2025-03-04 19:33:23.827
Sensor: Luminosidad 4
Valor: 524.69 1
════════════════════════════════════════
════════════════════════════════════════
Timestamp: 2025-03-04 19:33:21.736
Sensor: Luminosidad 4
Valor: 397.71 1
════════════════════════════════════════
════════════════════════════════════════
Timestamp: 2025-03-04 19:33:20.080
Sensor: Luminosidad 4
Valor: 219.73 1
════════════════════════════════════════
════════════════════════════════════════
Timestamp: 2025-03-04 19:33:17.862
Sensor: Luminosidad 4
Valor: 565.72 1
════════════════════════════════════════
════════════════════════════════════════
Timestamp: 2025-03-04 19:33:15.821
Sensor: Luminosidad 4
Valor: 893.66 1
════════════════════════════════════════
════════════════════════════════════════
Timestamp: 2025-03-04 19:33:13.700
Sensor: Luminosidad 4
Valor: 455.60 1
════════════════════════════════════════
════════════════════════════════════════
Timestamp: 2025-03-04 19:33:11.701
Sensor: Luminosidad 4
Valor: 96.30 1
════════════════════════════════════════
════════════════════════════════════════
Timestamp: 2025-03-04 19:33:09.858
Sensor: Luminosidad 4
Valor: 974.00 1
════════════════════════════════════════
════════════════════════════════════════
Timestamp: 2025-03-04 19:33:08.006
Sensor: Luminosidad 4
Valor: 419.65 1
════════════════════════════════════════
════════════════════════════════════════
Timestamp: 2025-03-04 19:33:05.834
Sensor: Luminosidad 4
Valor: 631.95 1
════════════════════════════════════════
════════════════════════════════════════
Timestamp: 2025-03-04 19:33:03.936
Sensor: Luminosidad 4
Valor: 486.18 1
════════════════════════════════════════
════════════════════════════════════════
Timestamp: 2025-03-04 19:33:01.742
Sensor: Luminosidad 4
Valor: 880.67 1
════════════════════════════════════════
════════════════════════════════════════
Timestamp: 2025-03-04 19:32:59.630
Sensor: Luminosidad 4
Valor: 20.54 1
════════════════════════════════════════
════════════════════════════════════════
Timestamp: 2025-03-04 19:32:57.716
Sensor: Luminosidad 4
Valor: 300.62 1
════════════════════════════════════════
════════════════════════════════════════
Timestamp: 2025-03-04 19:32:55.781
Sensor: Luminosidad 4
Valor: 248.68 1
════════════════════════════════════════
════════════════════════════════════════
[2025-03-04 19:32:55.781] INICIO DE RECEPCIÓN DE DATOS
════════════════════════════════════════
