════════════════════════════════════════
Timestamp: 2025-04-14 20:01:43.857
Sensor: CO2 1
Valor: 931.59 2
════════════════════════════════════════
════════════════════════════════════════
Timestamp: 2025-04-14 20:01:41.825
Sensor: CO2 1
Valor: 1876.36 2
════════════════════════════════════════
════════════════════════════════════════
Timestamp: 2025-04-14 20:01:39.763
Sensor: CO2 1
Valor: 1238.16 2
════════════════════════════════════════
════════════════════════════════════════
Timestamp: 2025-04-14 20:01:37.796
Sensor: CO2 1
Valor: 1461.81 2
════════════════════════════════════════
════════════════════════════════════════
Timestamp: 2025-04-14 20:01:35.818
Sensor: CO2 1
Valor: 1515.80 2
════════════════════════════════════════
════════════════════════════════════════
Timestamp: 2025-04-14 20:01:33.796
Sensor: CO2 1
Valor: 1362.13 2
════════════════════════════════════════
════════════════════════════════════════
Timestamp: 2025-04-14 20:01:31.742
Sensor: CO2 1
Valor: 2122.58 2
════════════════════════════════════════
════════════════════════════════════════
Timestamp: 2025-04-14 20:01:29.768
Sensor: CO2 1
Valor: 1073.33 2
════════════════════════════════════════
════════════════════════════════════════
Timestamp: 2025-04-14 20:01:27.677
Sensor: CO2 1
Valor: 1231.67 2
════════════════════════════════════════
════════════════════════════════════════
Timestamp: 2025-04-14 20:01:25.712
Sensor: CO2 1
Valor: 825.89 2
════════════════════════════════════════
════════════════════════════════════════
Timestamp: 2025-04-14 20:01:23.707
Sensor: CO2 1
Valor: 1939.29 2
════════════════════════════════════════
════════════════════════════════════════
Timestamp: 2025-04-14 20:01:21.530
Sensor: CO2 1
Valor: 1809.97 2
════════════════════════════════════════
════════════════════════════════════════
Timestamp: 2025-04-14 20:01:19.521
Sensor: CO2 1
Valor: 476.16 2
════════════════════════════════════════
════════════════════════════════════════
Timestamp: 2025-04-14 20:01:17.630
Sensor: CO2 1
Valor: 2039.99 2
════════════════════════════════════════
════════════════════════════════════════
Timestamp: 2025-04-14 20:01:15.453
Sensor: CO2 1
Valor: 1251.67 2
════════════════════════════════════════
════════════════════════════════════════
Timestamp: 2025-04-14 20:01:13.400
Sensor: CO2 1
Valor: 1485.09 2
════════════════════════════════════════
════════════════════════════════════════
Timestamp: 2025-04-14 20:01:11.496
Sensor: CO2 1
Valor: 1140.99 2
════════════════════════════════════════
════════════════════════════════════════
[2025-04-14 20:01:11.496] INICIO DE RECEPCIÓN DE DATOS
════════════════════════════════════════
