════════════════════════════════════════
Último mensaje recibido hace: 30,0 segundos
[2025-02-20 19:24:17.246] FIN DE RECEPCIÓN DE DATOS
════════════════════════════════════════
════════════════════════════════════════
Timestamp: 2025-02-20 19:23:47.219
Sensor: qwdqw
Valor: 37.23 0
════════════════════════════════════════
════════════════════════════════════════
Timestamp: 2025-02-20 19:23:45.230
Sensor: qwdqw
Valor: 27.18 0
════════════════════════════════════════
════════════════════════════════════════
Timestamp: 2025-02-20 19:23:43.335
Sensor: qwdqw
Valor: 48.53 0
════════════════════════════════════════
════════════════════════════════════════
Timestamp: 2025-02-20 19:23:41.365
Sensor: qwdqw
Valor: 33.83 0
════════════════════════════════════════
════════════════════════════════════════
Timestamp: 2025-02-20 19:23:39.161
Sensor: qwdqw
Valor: 39.26 0
════════════════════════════════════════
════════════════════════════════════════
Timestamp: 2025-02-20 19:23:37.341
Sensor: qwdqw
Valor: 21.25 0
════════════════════════════════════════
════════════════════════════════════════
Timestamp: 2025-02-20 19:23:35.281
Sensor: qwdqw
Valor: 48.90 0
════════════════════════════════════════
════════════════════════════════════════
Timestamp: 2025-02-20 19:23:33.116
Sensor: qwdqw
Valor: 33.14 0
════════════════════════════════════════
════════════════════════════════════════
Timestamp: 2025-02-20 19:23:31.129
Sensor: qwdqw
Valor: 44.09 0
════════════════════════════════════════
════════════════════════════════════════
Timestamp: 2025-02-20 19:23:29.812
Sensor: qwdqw
Valor: 21.11 0
════════════════════════════════════════
════════════════════════════════════════
Timestamp: 2025-02-20 19:23:27.018
Sensor: qwdqw
Valor: 29.93 0
════════════════════════════════════════
════════════════════════════════════════
Timestamp: 2025-02-20 19:23:25.178
Sensor: qwdqw
Valor: 34.33 0
════════════════════════════════════════
════════════════════════════════════════
Timestamp: 2025-02-20 19:23:23.191
Sensor: qwdqw
Valor: 44.02 0
════════════════════════════════════════
════════════════════════════════════════
Timestamp: 2025-02-20 19:23:21.004
Sensor: qwdqw
Valor: 35.11 0
════════════════════════════════════════
════════════════════════════════════════
Timestamp: 2025-02-20 19:23:19.009
Sensor: qwdqw
Valor: 22.58 0
════════════════════════════════════════
════════════════════════════════════════
Timestamp: 2025-02-20 19:23:16.932
Sensor: qwdqw
Valor: 27.66 0
════════════════════════════════════════
════════════════════════════════════════
Timestamp: 2025-02-20 19:23:14.996
Sensor: qwdqw
Valor: 41.51 0
════════════════════════════════════════
════════════════════════════════════════
Timestamp: 2025-02-20 19:23:13.495
Sensor: qwdqw
Valor: 31.94 0
════════════════════════════════════════
════════════════════════════════════════
Timestamp: 2025-02-20 19:23:10.993
Sensor: qwdqw
Valor: 26.61 0
════════════════════════════════════════
════════════════════════════════════════
Timestamp: 2025-02-20 19:23:08.962
Sensor: qwdqw
Valor: 23.46 0
════════════════════════════════════════
════════════════════════════════════════
Timestamp: 2025-02-20 19:23:06.951
Sensor: qwdqw
Valor: 33.28 0
════════════════════════════════════════
════════════════════════════════════════
Timestamp: 2025-02-20 19:23:04.921
Sensor: qwdqw
Valor: 27.87 0
════════════════════════════════════════
════════════════════════════════════════
Timestamp: 2025-02-20 19:23:02.909
Sensor: qwdqw
Valor: 22.76 0
════════════════════════════════════════
════════════════════════════════════════
Timestamp: 2025-02-20 19:23:00.879
Sensor: qwdqw
Valor: 42.41 0
════════════════════════════════════════
════════════════════════════════════════
Timestamp: 2025-02-20 19:22:59.026
Sensor: qwdqw
Valor: 42.10 0
════════════════════════════════════════
════════════════════════════════════════
Timestamp: 2025-02-20 19:22:56.847
Sensor: qwdqw
Valor: 23.27 0
════════════════════════════════════════
════════════════════════════════════════
Timestamp: 2025-02-20 19:22:54.851
Sensor: qwdqw
Valor: 21.77 0
════════════════════════════════════════
════════════════════════════════════════
Timestamp: 2025-02-20 19:22:52.803
Sensor: qwdqw
Valor: 28.74 0
════════════════════════════════════════
════════════════════════════════════════
Timestamp: 2025-02-20 19:22:50.806
Sensor: qwdqw
Valor: 45.88 0
════════════════════════════════════════
════════════════════════════════════════
Timestamp: 2025-02-20 19:22:48.799
Sensor: qwdqw
Valor: 21.09 0
════════════════════════════════════════
════════════════════════════════════════
Timestamp: 2025-02-20 19:22:46.921
Sensor: qwdqw
Valor: 27.88 0
════════════════════════════════════════
════════════════════════════════════════
Timestamp: 2025-02-20 19:22:44.933
Sensor: qwdqw
Valor: 49.07 0
════════════════════════════════════════
════════════════════════════════════════
Timestamp: 2025-02-20 19:22:42.911
Sensor: qwdqw
Valor: 35.13 0
════════════════════════════════════════
════════════════════════════════════════
Timestamp: 2025-02-20 19:22:40.781
Sensor: qwdqw
Valor: 44.46 0
════════════════════════════════════════
════════════════════════════════════════
Timestamp: 2025-02-20 19:22:38.710
Sensor: qwdqw
Valor: 24.08 0
════════════════════════════════════════
════════════════════════════════════════
Timestamp: 2025-02-20 19:22:36.737
Sensor: qwdqw
Valor: 23.80 0
════════════════════════════════════════
════════════════════════════════════════
Timestamp: 2025-02-20 19:22:34.625
Sensor: qwdqw
Valor: 47.40 0
════════════════════════════════════════
════════════════════════════════════════
Timestamp: 2025-02-20 19:22:32.617
Sensor: qwdqw
Valor: 35.21 0
════════════════════════════════════════
════════════════════════════════════════
Timestamp: 2025-02-20 19:22:30.679
Sensor: qwdqw
Valor: 24.15 0
════════════════════════════════════════
════════════════════════════════════════
Timestamp: 2025-02-20 19:22:28.949
Sensor: qwdqw
Valor: 36.28 0
════════════════════════════════════════
════════════════════════════════════════
Timestamp: 2025-02-20 19:22:26.637
Sensor: qwdqw
Valor: 49.60 0
════════════════════════════════════════
════════════════════════════════════════
Timestamp: 2025-02-20 19:22:24.620
Sensor: qwdqw
Valor: 34.66 0
════════════════════════════════════════
════════════════════════════════════════
Timestamp: 2025-02-20 19:22:23.379
Sensor: qwdqw
Valor: 36.34 0
════════════════════════════════════════
════════════════════════════════════════
Timestamp: 2025-02-20 19:22:20.586
Sensor: qwdqw
Valor: 39.02 0
════════════════════════════════════════
════════════════════════════════════════
Timestamp: 2025-02-20 19:22:18.585
Sensor: qwdqw
Valor: 24.16 0
════════════════════════════════════════
════════════════════════════════════════
Timestamp: 2025-02-20 19:22:16.611
Sensor: qwdqw
Valor: 29.84 0
════════════════════════════════════════
════════════════════════════════════════
Timestamp: 2025-02-20 19:22:14.525
Sensor: qwdqw
Valor: 24.08 0
════════════════════════════════════════
════════════════════════════════════════
Timestamp: 2025-02-20 19:22:12.576
Sensor: qwdqw
Valor: 30.59 0
════════════════════════════════════════
════════════════════════════════════════
Timestamp: 2025-02-20 19:22:10.503
Sensor: qwdqw
Valor: 47.16 0
════════════════════════════════════════
════════════════════════════════════════
Timestamp: 2025-02-20 19:22:08.459
Sensor: qwdqw
Valor: 42.78 0
════════════════════════════════════════
════════════════════════════════════════
Timestamp: 2025-02-20 19:22:06.476
Sensor: qwdqw
Valor: 20.42 0
════════════════════════════════════════
════════════════════════════════════════
Timestamp: 2025-02-20 19:22:04.541
Sensor: qwdqw
Valor: 44.24 0
════════════════════════════════════════
════════════════════════════════════════
Timestamp: 2025-02-20 19:22:02.516
Sensor: qwdqw
Valor: 31.45 0
════════════════════════════════════════
════════════════════════════════════════
Timestamp: 2025-02-20 19:22:00.464
Sensor: qwdqw
Valor: 42.43 0
════════════════════════════════════════
════════════════════════════════════════
Timestamp: 2025-02-20 19:21:58.415
Sensor: qwdqw
Valor: 31.30 0
════════════════════════════════════════
════════════════════════════════════════
Timestamp: 2025-02-20 19:21:56.364
Sensor: qwdqw
Valor: 43.17 0
════════════════════════════════════════
════════════════════════════════════════
Timestamp: 2025-02-20 19:21:54.584
Sensor: qwdqw
Valor: 20.47 0
════════════════════════════════════════
════════════════════════════════════════
Timestamp: 2025-02-20 19:21:52.360
Sensor: qwdqw
Valor: 32.83 0
════════════════════════════════════════
════════════════════════════════════════
Timestamp: 2025-02-20 19:21:50.539
Sensor: qwdqw
Valor: 25.34 0
════════════════════════════════════════
════════════════════════════════════════
Timestamp: 2025-02-20 19:21:48.289
Sensor: qwdqw
Valor: 46.19 0
════════════════════════════════════════
════════════════════════════════════════
Timestamp: 2025-02-20 19:21:46.295
Sensor: qwdqw
Valor: 34.17 0
════════════════════════════════════════
════════════════════════════════════════
Timestamp: 2025-02-20 19:21:44.300
Sensor: qwdqw
Valor: 39.52 0
════════════════════════════════════════
════════════════════════════════════════
Timestamp: 2025-02-20 19:21:42.293
Sensor: qwdqw
Valor: 39.04 0
════════════════════════════════════════
════════════════════════════════════════
Timestamp: 2025-02-20 19:21:40.421
Sensor: qwdqw
Valor: 37.56 0
════════════════════════════════════════
════════════════════════════════════════
Timestamp: 2025-02-20 19:21:38.252
Sensor: qwdqw
Valor: 35.86 0
════════════════════════════════════════
════════════════════════════════════════
Timestamp: 2025-02-20 19:21:36.188
Sensor: qwdqw
Valor: 49.06 0
════════════════════════════════════════
════════════════════════════════════════
Timestamp: 2025-02-20 19:21:34.267
Sensor: qwdqw
Valor: 39.84 0
════════════════════════════════════════
════════════════════════════════════════
Timestamp: 2025-02-20 19:21:32.203
Sensor: qwdqw
Valor: 20.19 0
════════════════════════════════════════
════════════════════════════════════════
Timestamp: 2025-02-20 19:21:30.235
Sensor: qwdqw
Valor: 19.98 0
════════════════════════════════════════
════════════════════════════════════════
Timestamp: 2025-02-20 19:21:28.164
Sensor: qwdqw
Valor: 36.69 0
════════════════════════════════════════
════════════════════════════════════════
Timestamp: 2025-02-20 19:21:26.144
Sensor: qwdqw
Valor: 45.30 0
════════════════════════════════════════
════════════════════════════════════════
Timestamp: 2025-02-20 19:21:24.409
Sensor: qwdqw
Valor: 47.79 0
════════════════════════════════════════
════════════════════════════════════════
Timestamp: 2025-02-20 19:21:22.059
Sensor: qwdqw
Valor: 20.63 0
════════════════════════════════════════
════════════════════════════════════════
Timestamp: 2025-02-20 19:21:20.076
Sensor: qwdqw
Valor: 35.21 0
════════════════════════════════════════
════════════════════════════════════════
Timestamp: 2025-02-20 19:21:18.091
Sensor: qwdqw
Valor: 30.53 0
════════════════════════════════════════
════════════════════════════════════════
Timestamp: 2025-02-20 19:21:16.159
Sensor: qwdqw
Valor: 25.17 0
════════════════════════════════════════
════════════════════════════════════════
Timestamp: 2025-02-20 19:21:14.066
Sensor: qwdqw
Valor: 27.52 0
════════════════════════════════════════
════════════════════════════════════════
Timestamp: 2025-02-20 19:21:12.064
Sensor: qwdqw
Valor: 48.59 0
════════════════════════════════════════
════════════════════════════════════════
Timestamp: 2025-02-20 19:21:10.113
Sensor: qwdqw
Valor: 49.39 0
════════════════════════════════════════
════════════════════════════════════════
Timestamp: 2025-02-20 19:21:07.996
Sensor: qwdqw
Valor: 39.72 0
════════════════════════════════════════
════════════════════════════════════════
Timestamp: 2025-02-20 19:21:06.015
Sensor: qwdqw
Valor: 34.24 0
════════════════════════════════════════
════════════════════════════════════════
Timestamp: 2025-02-20 19:21:04.077
Sensor: qwdqw
Valor: 29.19 0
════════════════════════════════════════
════════════════════════════════════════
Timestamp: 2025-02-20 19:21:02.010
Sensor: qwdqw
Valor: 37.78 0
════════════════════════════════════════
════════════════════════════════════════
Timestamp: 2025-02-20 19:21:00.032
Sensor: qwdqw
Valor: 35.14 0
════════════════════════════════════════
════════════════════════════════════════
Timestamp: 2025-02-20 19:20:57.959
Sensor: qwdqw
Valor: 45.78 0
════════════════════════════════════════
════════════════════════════════════════
Timestamp: 2025-02-20 19:20:55.945
Sensor: qwdqw
Valor: 23.44 0
════════════════════════════════════════
════════════════════════════════════════
Timestamp: 2025-02-20 19:20:53.953
Sensor: qwdqw
Valor: 24.54 0
════════════════════════════════════════
════════════════════════════════════════
Timestamp: 2025-02-20 19:20:52.060
Sensor: qwdqw
Valor: 43.60 0
════════════════════════════════════════
════════════════════════════════════════
Timestamp: 2025-02-20 19:20:50.019
Sensor: qwdqw
Valor: 28.96 0
════════════════════════════════════════
════════════════════════════════════════
Timestamp: 2025-02-20 19:20:47.771
Sensor: qwdqw
Valor: 31.79 0
════════════════════════════════════════
════════════════════════════════════════
Timestamp: 2025-02-20 19:20:45.906
Sensor: qwdqw
Valor: 37.86 0
════════════════════════════════════════
════════════════════════════════════════
Timestamp: 2025-02-20 19:20:43.838
Sensor: qwdqw
Valor: 47.90 0
════════════════════════════════════════
════════════════════════════════════════
Timestamp: 2025-02-20 19:20:41.805
Sensor: qwdqw
Valor: 31.15 0
════════════════════════════════════════
════════════════════════════════════════
Timestamp: 2025-02-20 19:20:39.741
Sensor: qwdqw
Valor: 34.45 0
════════════════════════════════════════
════════════════════════════════════════
Timestamp: 2025-02-20 19:20:38.315
Sensor: qwdqw
Valor: 31.79 0
════════════════════════════════════════
════════════════════════════════════════
Timestamp: 2025-02-20 19:20:35.923
Sensor: qwdqw
Valor: 25.75 0
════════════════════════════════════════
════════════════════════════════════════
Timestamp: 2025-02-20 19:20:33.683
Sensor: qwdqw
Valor: 46.01 0
════════════════════════════════════════
════════════════════════════════════════
Timestamp: 2025-02-20 19:20:31.202
Sensor: qwdqw
Valor: 21.74 0
════════════════════════════════════════
════════════════════════════════════════
Timestamp: 2025-02-20 19:20:29.315
Sensor: qwdqw
Valor: 35.62 0
════════════════════════════════════════
════════════════════════════════════════
Timestamp: 2025-02-20 19:20:27.166
Sensor: qwdqw
Valor: 47.48 0
════════════════════════════════════════
════════════════════════════════════════
Timestamp: 2025-02-20 19:20:25.225
Sensor: qwdqw
Valor: 29.99 0
════════════════════════════════════════
════════════════════════════════════════
Timestamp: 2025-02-20 19:20:23.162
Sensor: qwdqw
Valor: 39.22 0
════════════════════════════════════════
════════════════════════════════════════
Timestamp: 2025-02-20 19:20:21.111
Sensor: qwdqw
Valor: 36.41 0
════════════════════════════════════════
════════════════════════════════════════
Timestamp: 2025-02-20 19:20:19.094
Sensor: qwdqw
Valor: 40.17 0
════════════════════════════════════════
════════════════════════════════════════
Timestamp: 2025-02-20 19:20:17.016
Sensor: qwdqw
Valor: 31.38 0
════════════════════════════════════════
════════════════════════════════════════
Timestamp: 2025-02-20 19:20:15.036
Sensor: qwdqw
Valor: 35.49 0
════════════════════════════════════════
════════════════════════════════════════
Timestamp: 2025-02-20 19:20:13.007
Sensor: qwdqw
Valor: 38.25 0
════════════════════════════════════════
════════════════════════════════════════
Timestamp: 2025-02-20 19:20:11.221
Sensor: qwdqw
Valor: 47.52 0
════════════════════════════════════════
════════════════════════════════════════
Timestamp: 2025-02-20 19:20:08.957
Sensor: qwdqw
Valor: 45.26 0
════════════════════════════════════════
════════════════════════════════════════
Timestamp: 2025-02-20 19:20:07.003
Sensor: qwdqw
Valor: 29.15 0
════════════════════════════════════════
════════════════════════════════════════
Timestamp: 2025-02-20 19:20:04.998
Sensor: qwdqw
Valor: 45.87 0
════════════════════════════════════════
════════════════════════════════════════
Timestamp: 2025-02-20 19:20:02.900
Sensor: qwdqw
Valor: 35.34 0
════════════════════════════════════════
════════════════════════════════════════
Timestamp: 2025-02-20 19:20:00.932
Sensor: qwdqw
Valor: 38.60 0
════════════════════════════════════════
════════════════════════════════════════
Timestamp: 2025-02-20 19:19:58.837
Sensor: qwdqw
Valor: 47.38 0
════════════════════════════════════════
════════════════════════════════════════
Timestamp: 2025-02-20 19:19:56.852
Sensor: qwdqw
Valor: 25.39 0
════════════════════════════════════════
════════════════════════════════════════
Timestamp: 2025-02-20 19:19:54.827
Sensor: qwdqw
Valor: 22.16 0
════════════════════════════════════════
════════════════════════════════════════
Timestamp: 2025-02-20 19:19:52.837
Sensor: qwdqw
Valor: 38.93 0
════════════════════════════════════════
════════════════════════════════════════
Timestamp: 2025-02-20 19:19:50.860
Sensor: qwdqw
Valor: 28.82 0
════════════════════════════════════════
════════════════════════════════════════
Timestamp: 2025-02-20 19:19:48.809
Sensor: qwdqw
Valor: 40.14 0
════════════════════════════════════════
════════════════════════════════════════
[2025-02-20 19:19:48.809] INICIO DE RECEPCIÓN DE DATOS
════════════════════════════════════════
════════════════════════════════════════
Timestamp: 2025-02-20 19:19:36.929
Sensor: qwdqw
Valor: 43.85 0
════════════════════════════════════════
════════════════════════════════════════
Timestamp: 2025-02-20 19:19:34.670
Sensor: qwdqw
Valor: 19.60 0
════════════════════════════════════════
════════════════════════════════════════
Timestamp: 2025-02-20 19:19:33.522
Sensor: qwdqw
Valor: 34.68 0
════════════════════════════════════════
════════════════════════════════════════
Timestamp: 2025-02-20 19:19:30.609
Sensor: qwdqw
Valor: 24.94 0
════════════════════════════════════════
════════════════════════════════════════
Timestamp: 2025-02-20 19:19:28.722
Sensor: qwdqw
Valor: 27.35 0
════════════════════════════════════════
════════════════════════════════════════
Timestamp: 2025-02-20 19:19:26.552
Sensor: qwdqw
Valor: 27.90 0
════════════════════════════════════════
════════════════════════════════════════
Timestamp: 2025-02-20 19:19:24.793
Sensor: qwdqw
Valor: 21.20 0
════════════════════════════════════════
════════════════════════════════════════
Timestamp: 2025-02-20 19:19:22.501
Sensor: qwdqw
Valor: 19.14 0
════════════════════════════════════════
════════════════════════════════════════
Timestamp: 2025-02-20 19:19:20.672
Sensor: qwdqw
Valor: 20.30 0
════════════════════════════════════════
════════════════════════════════════════
Timestamp: 2025-02-20 19:19:18.520
Sensor: qwdqw
Valor: 32.36 0
════════════════════════════════════════
════════════════════════════════════════
Timestamp: 2025-02-20 19:19:16.437
Sensor: qwdqw
Valor: 35.54 0
════════════════════════════════════════
════════════════════════════════════════
Timestamp: 2025-02-20 19:19:14.452
Sensor: qwdqw
Valor: 45.91 0
════════════════════════════════════════
════════════════════════════════════════
Timestamp: 2025-02-20 19:19:12.538
Sensor: qwdqw
Valor: 24.99 0
════════════════════════════════════════
════════════════════════════════════════
Timestamp: 2025-02-20 19:19:10.753
Sensor: qwdqw
Valor: 46.74 0
════════════════════════════════════════
════════════════════════════════════════
Timestamp: 2025-02-20 19:19:08.353
Sensor: qwdqw
Valor: 40.13 0
════════════════════════════════════════
════════════════════════════════════════
Timestamp: 2025-02-20 19:19:06.408
Sensor: qwdqw
Valor: 23.02 0
════════════════════════════════════════
════════════════════════════════════════
Timestamp: 2025-02-20 19:19:04.313
Sensor: qwdqw
Valor: 40.53 0
════════════════════════════════════════
════════════════════════════════════════
Timestamp: 2025-02-20 19:19:02.296
Sensor: qwdqw
Valor: 49.84 0
════════════════════════════════════════
════════════════════════════════════════
Timestamp: 2025-02-20 19:19:00.397
Sensor: qwdqw
Valor: 31.58 0
════════════════════════════════════════
════════════════════════════════════════
Timestamp: 2025-02-20 19:18:58.251
Sensor: qwdqw
Valor: 24.96 0
════════════════════════════════════════
════════════════════════════════════════
Timestamp: 2025-02-20 19:18:56.344
Sensor: qwdqw
Valor: 20.70 0
════════════════════════════════════════
════════════════════════════════════════
Timestamp: 2025-02-20 19:18:54.716
Sensor: qwdqw
Valor: 47.53 0
════════════════════════════════════════
════════════════════════════════════════
Timestamp: 2025-02-20 19:18:52.289
Sensor: qwdqw
Valor: 29.38 0
════════════════════════════════════════
════════════════════════════════════════
Timestamp: 2025-02-20 19:18:50.320
Sensor: qwdqw
Valor: 38.08 0
════════════════════════════════════════
════════════════════════════════════════
Timestamp: 2025-02-20 19:18:48.235
Sensor: qwdqw
Valor: 41.16 0
════════════════════════════════════════
════════════════════════════════════════
Timestamp: 2025-02-20 19:18:46.264
Sensor: qwdqw
Valor: 20.95 0
════════════════════════════════════════
════════════════════════════════════════
Timestamp: 2025-02-20 19:18:44.168
Sensor: qwdqw
Valor: 20.52 0
════════════════════════════════════════
════════════════════════════════════════
Timestamp: 2025-02-20 19:18:42.188
Sensor: qwdqw
Valor: 23.67 0
════════════════════════════════════════
════════════════════════════════════════
Timestamp: 2025-02-20 19:18:40.271
Sensor: qwdqw
Valor: 39.07 0
════════════════════════════════════════
════════════════════════════════════════
Timestamp: 2025-02-20 19:18:38.055
Sensor: qwdqw
Valor: 22.81 0
════════════════════════════════════════
════════════════════════════════════════
Timestamp: 2025-02-20 19:18:35.960
Sensor: qwdqw
Valor: 41.19 0
════════════════════════════════════════
════════════════════════════════════════
Timestamp: 2025-02-20 19:18:33.939
Sensor: qwdqw
Valor: 19.91 0
════════════════════════════════════════
════════════════════════════════════════
Timestamp: 2025-02-20 19:18:31.958
Sensor: qwdqw
Valor: 22.73 0
════════════════════════════════════════
════════════════════════════════════════
Timestamp: 2025-02-20 19:18:29.989
Sensor: qwdqw
Valor: 31.05 0
════════════════════════════════════════
════════════════════════════════════════
Timestamp: 2025-02-20 19:18:27.874
Sensor: qwdqw
Valor: 36.78 0
════════════════════════════════════════
════════════════════════════════════════
Timestamp: 2025-02-20 19:18:25.874
Sensor: qwdqw
Valor: 31.26 0
════════════════════════════════════════
════════════════════════════════════════
Timestamp: 2025-02-20 19:18:23.807
Sensor: qwdqw
Valor: 36.38 0
════════════════════════════════════════
════════════════════════════════════════
Timestamp: 2025-02-20 19:18:21.883
Sensor: qwdqw
Valor: 35.49 0
════════════════════════════════════════
════════════════════════════════════════
Timestamp: 2025-02-20 19:18:19.931
Sensor: qwdqw
Valor: 19.69 0
════════════════════════════════════════
════════════════════════════════════════
Timestamp: 2025-02-20 19:18:17.689
Sensor: qwdqw
Valor: 33.05 0
════════════════════════════════════════
════════════════════════════════════════
Timestamp: 2025-02-20 19:18:15.905
Sensor: qwdqw
Valor: 41.41 0
════════════════════════════════════════
════════════════════════════════════════
Timestamp: 2025-02-20 19:18:13.848
Sensor: qwdqw
Valor: 40.07 0
════════════════════════════════════════
════════════════════════════════════════
Timestamp: 2025-02-20 19:18:11.726
Sensor: qwdqw
Valor: 43.28 0
════════════════════════════════════════
════════════════════════════════════════
Timestamp: 2025-02-20 19:18:09.722
Sensor: qwdqw
Valor: 43.76 0
════════════════════════════════════════
════════════════════════════════════════
Timestamp: 2025-02-20 19:18:07.698
Sensor: qwdqw
Valor: 28.59 0
════════════════════════════════════════
════════════════════════════════════════
Timestamp: 2025-02-20 19:18:05.642
Sensor: qwdqw
Valor: 40.23 0
════════════════════════════════════════
════════════════════════════════════════
Timestamp: 2025-02-20 19:18:03.763
Sensor: qwdqw
Valor: 40.90 0
════════════════════════════════════════
════════════════════════════════════════
Timestamp: 2025-02-20 19:18:01.768
Sensor: qwdqw
Valor: 39.31 0
════════════════════════════════════════
════════════════════════════════════════
Timestamp: 2025-02-20 19:17:59.529
Sensor: qwdqw
Valor: 33.93 0
════════════════════════════════════════
════════════════════════════════════════
Timestamp: 2025-02-20 19:17:58.155
Sensor: qwdqw
Valor: 30.68 0
════════════════════════════════════════
════════════════════════════════════════
Timestamp: 2025-02-20 19:17:55.628
Sensor: qwdqw
Valor: 42.46 0
════════════════════════════════════════
════════════════════════════════════════
Timestamp: 2025-02-20 19:17:53.474
Sensor: qwdqw
Valor: 22.09 0
════════════════════════════════════════
════════════════════════════════════════
Timestamp: 2025-02-20 19:17:51.711
Sensor: qwdqw
Valor: 28.58 0
════════════════════════════════════════
════════════════════════════════════════
Timestamp: 2025-02-20 19:17:49.439
Sensor: qwdqw
Valor: 34.78 0
════════════════════════════════════════
════════════════════════════════════════
Timestamp: 2025-02-20 19:17:47.619
Sensor: qwdqw
Valor: 43.77 0
════════════════════════════════════════
════════════════════════════════════════
Timestamp: 2025-02-20 19:17:45.392
Sensor: qwdqw
Valor: 36.66 0
════════════════════════════════════════
════════════════════════════════════════
Timestamp: 2025-02-20 19:17:43.595
Sensor: qwdqw
Valor: 41.73 0
════════════════════════════════════════
════════════════════════════════════════
Timestamp: 2025-02-20 19:17:41.403
Sensor: qwdqw
Valor: 21.23 0
════════════════════════════════════════
════════════════════════════════════════
Timestamp: 2025-02-20 19:17:39.440
Sensor: qwdqw
Valor: 44.45 0
════════════════════════════════════════
════════════════════════════════════════
Timestamp: 2025-02-20 19:17:37.373
Sensor: qwdqw
Valor: 28.70 0
════════════════════════════════════════
════════════════════════════════════════
Timestamp: 2025-02-20 19:17:35.314
Sensor: qwdqw
Valor: 43.92 0
════════════════════════════════════════
════════════════════════════════════════
Timestamp: 2025-02-20 19:17:33.620
Sensor: qwdqw
Valor: 43.75 0
════════════════════════════════════════
════════════════════════════════════════
Timestamp: 2025-02-20 19:17:31.258
Sensor: qwdqw
Valor: 34.13 0
════════════════════════════════════════
════════════════════════════════════════
Timestamp: 2025-02-20 19:17:29.291
Sensor: qwdqw
Valor: 43.38 0
════════════════════════════════════════
════════════════════════════════════════
Timestamp: 2025-02-20 19:17:27.235
Sensor: qwdqw
Valor: 49.53 0
════════════════════════════════════════
════════════════════════════════════════
Timestamp: 2025-02-20 19:17:25.191
Sensor: qwdqw
Valor: 26.18 0
════════════════════════════════════════
════════════════════════════════════════
Timestamp: 2025-02-20 19:17:23.249
Sensor: qwdqw
Valor: 31.16 0
════════════════════════════════════════
════════════════════════════════════════
Timestamp: 2025-02-20 19:17:21.166
Sensor: qwdqw
Valor: 27.79 0
════════════════════════════════════════
════════════════════════════════════════
Timestamp: 2025-02-20 19:17:19.225
Sensor: qwdqw
Valor: 25.11 0
════════════════════════════════════════
════════════════════════════════════════
Timestamp: 2025-02-20 19:17:17.091
Sensor: qwdqw
Valor: 45.84 0
════════════════════════════════════════
════════════════════════════════════════
Timestamp: 2025-02-20 19:17:15.257
Sensor: qwdqw
Valor: 20.31 0
════════════════════════════════════════
════════════════════════════════════════
Timestamp: 2025-02-20 19:17:13.073
Sensor: qwdqw
Valor: 44.05 0
════════════════════════════════════════
════════════════════════════════════════
Timestamp: 2025-02-20 19:17:11.029
Sensor: qwdqw
Valor: 34.30 0
════════════════════════════════════════
════════════════════════════════════════
Timestamp: 2025-02-20 19:17:09.028
Sensor: qwdqw
Valor: 48.28 0
════════════════════════════════════════
════════════════════════════════════════
Timestamp: 2025-02-20 19:17:07.046
Sensor: qwdqw
Valor: 24.99 0
════════════════════════════════════════
════════════════════════════════════════
Timestamp: 2025-02-20 19:17:05.226
Sensor: qwdqw
Valor: 40.82 0
════════════════════════════════════════
════════════════════════════════════════
Timestamp: 2025-02-20 19:17:02.926
Sensor: qwdqw
Valor: 29.42 0
════════════════════════════════════════
════════════════════════════════════════
Timestamp: 2025-02-20 19:17:01.015
Sensor: qwdqw
Valor: 29.21 0
════════════════════════════════════════
════════════════════════════════════════
Timestamp: 2025-02-20 19:16:58.921
Sensor: qwdqw
Valor: 19.53 0
════════════════════════════════════════
════════════════════════════════════════
Timestamp: 2025-02-20 19:16:56.874
Sensor: qwdqw
Valor: 34.29 0
════════════════════════════════════════
════════════════════════════════════════
Timestamp: 2025-02-20 19:16:54.836
Sensor: qwdqw
Valor: 40.26 0
════════════════════════════════════════
════════════════════════════════════════
Timestamp: 2025-02-20 19:16:53.918
Sensor: qwdqw
Valor: 28.41 0
════════════════════════════════════════
════════════════════════════════════════
Timestamp: 2025-02-20 19:16:50.835
Sensor: qwdqw
Valor: 46.19 0
════════════════════════════════════════
════════════════════════════════════════
Timestamp: 2025-02-20 19:16:48.716
Sensor: qwdqw
Valor: 30.78 0
════════════════════════════════════════
════════════════════════════════════════
Timestamp: 2025-02-20 19:16:46.972
Sensor: qwdqw
Valor: 38.34 0
════════════════════════════════════════
════════════════════════════════════════
Timestamp: 2025-02-20 19:16:44.746
Sensor: qwdqw
Valor: 46.80 0
════════════════════════════════════════
════════════════════════════════════════
Timestamp: 2025-02-20 19:16:42.713
Sensor: qwdqw
Valor: 44.72 0
════════════════════════════════════════
════════════════════════════════════════
Timestamp: 2025-02-20 19:16:40.760
Sensor: qwdqw
Valor: 44.03 0
════════════════════════════════════════
════════════════════════════════════════
Timestamp: 2025-02-20 19:16:38.649
Sensor: qwdqw
Valor: 34.68 0
════════════════════════════════════════
════════════════════════════════════════
Timestamp: 2025-02-20 19:16:36.620
Sensor: qwdqw
Valor: 29.36 0
════════════════════════════════════════
════════════════════════════════════════
Timestamp: 2025-02-20 19:16:34.673
Sensor: qwdqw
Valor: 34.75 0
════════════════════════════════════════
════════════════════════════════════════
Timestamp: 2025-02-20 19:16:32.554
Sensor: qwdqw
Valor: 28.86 0
════════════════════════════════════════
════════════════════════════════════════
Timestamp: 2025-02-20 19:16:30.642
Sensor: qwdqw
Valor: 41.22 0
════════════════════════════════════════
════════════════════════════════════════
Timestamp: 2025-02-20 19:16:28.523
Sensor: qwdqw
Valor: 22.49 0
════════════════════════════════════════
════════════════════════════════════════
Timestamp: 2025-02-20 19:16:26.488
Sensor: qwdqw
Valor: 21.15 0
════════════════════════════════════════
════════════════════════════════════════
Timestamp: 2025-02-20 19:16:24.467
Sensor: qwdqw
Valor: 49.69 0
════════════════════════════════════════
════════════════════════════════════════
Timestamp: 2025-02-20 19:16:22.561
Sensor: qwdqw
Valor: 32.59 0
════════════════════════════════════════
════════════════════════════════════════
Timestamp: 2025-02-20 19:16:20.474
Sensor: qwdqw
Valor: 38.14 0
════════════════════════════════════════
════════════════════════════════════════
Timestamp: 2025-02-20 19:16:18.326
Sensor: qwdqw
Valor: 33.44 0
════════════════════════════════════════
════════════════════════════════════════
Timestamp: 2025-02-20 19:16:16.524
Sensor: qwdqw
Valor: 40.14 0
════════════════════════════════════════
════════════════════════════════════════
Timestamp: 2025-02-20 19:16:14.406
Sensor: qwdqw
Valor: 28.45 0
════════════════════════════════════════
════════════════════════════════════════
Timestamp: 2025-02-20 19:16:12.326
Sensor: qwdqw
Valor: 35.80 0
════════════════════════════════════════
════════════════════════════════════════
Timestamp: 2025-02-20 19:16:10.349
Sensor: qwdqw
Valor: 34.50 0
════════════════════════════════════════
════════════════════════════════════════
Timestamp: 2025-02-20 19:16:08.286
Sensor: qwdqw
Valor: 40.62 0
════════════════════════════════════════
════════════════════════════════════════
Timestamp: 2025-02-20 19:16:06.222
Sensor: qwdqw
Valor: 35.91 0
════════════════════════════════════════
════════════════════════════════════════
Timestamp: 2025-02-20 19:16:04.205
Sensor: qwdqw
Valor: 41.15 0
════════════════════════════════════════
════════════════════════════════════════
Timestamp: 2025-02-20 19:16:02.301
Sensor: qwdqw
Valor: 25.03 0
════════════════════════════════════════
════════════════════════════════════════
Timestamp: 2025-02-20 19:16:00.207
Sensor: qwdqw
Valor: 19.67 0
════════════════════════════════════════
════════════════════════════════════════
Timestamp: 2025-02-20 19:15:58.147
Sensor: qwdqw
Valor: 42.73 0
════════════════════════════════════════
════════════════════════════════════════
Timestamp: 2025-02-20 19:15:56.152
Sensor: qwdqw
Valor: 48.07 0
════════════════════════════════════════
════════════════════════════════════════
Timestamp: 2025-02-20 19:15:54.138
Sensor: qwdqw
Valor: 37.53 0
════════════════════════════════════════
════════════════════════════════════════
Timestamp: 2025-02-20 19:15:52.131
Sensor: qwdqw
Valor: 43.47 0
════════════════════════════════════════
════════════════════════════════════════
Timestamp: 2025-02-20 19:15:50.053
Sensor: qwdqw
Valor: 46.48 0
════════════════════════════════════════
════════════════════════════════════════
Timestamp: 2025-02-20 19:15:48.065
Sensor: qwdqw
Valor: 19.46 0
════════════════════════════════════════
════════════════════════════════════════
Timestamp: 2025-02-20 19:15:46.024
Sensor: qwdqw
Valor: 39.80 0
════════════════════════════════════════
════════════════════════════════════════
Timestamp: 2025-02-20 19:15:44.007
Sensor: qwdqw
Valor: 29.35 0
════════════════════════════════════════
════════════════════════════════════════
Timestamp: 2025-02-20 19:15:42.134
Sensor: qwdqw
Valor: 47.38 0
════════════════════════════════════════
════════════════════════════════════════
Timestamp: 2025-02-20 19:15:39.968
Sensor: qwdqw
Valor: 46.72 0
════════════════════════════════════════
════════════════════════════════════════
Timestamp: 2025-02-20 19:15:38.001
Sensor: qwdqw
Valor: 45.33 0
════════════════════════════════════════
════════════════════════════════════════
Timestamp: 2025-02-20 19:15:35.937
Sensor: qwdqw
Valor: 27.32 0
════════════════════════════════════════
════════════════════════════════════════
Timestamp: 2025-02-20 19:15:33.916
Sensor: qwdqw
Valor: 43.77 0
════════════════════════════════════════
════════════════════════════════════════
Timestamp: 2025-02-20 19:15:31.999
Sensor: qwdqw
Valor: 19.30 0
════════════════════════════════════════
════════════════════════════════════════
Timestamp: 2025-02-20 19:15:29.993
Sensor: qwdqw
Valor: 42.40 0
════════════════════════════════════════
════════════════════════════════════════
Timestamp: 2025-02-20 19:15:27.869
Sensor: qwdqw
Valor: 33.92 0
════════════════════════════════════════
════════════════════════════════════════
Timestamp: 2025-02-20 19:15:25.874
Sensor: qwdqw
Valor: 27.17 0
════════════════════════════════════════
════════════════════════════════════════
Timestamp: 2025-02-20 19:15:24.457
Sensor: qwdqw
Valor: 36.03 0
════════════════════════════════════════
════════════════════════════════════════
Timestamp: 2025-02-20 19:15:21.884
Sensor: qwdqw
Valor: 42.56 0
════════════════════════════════════════
════════════════════════════════════════
Timestamp: 2025-02-20 19:15:19.999
Sensor: qwdqw
Valor: 21.06 0
════════════════════════════════════════
════════════════════════════════════════
Timestamp: 2025-02-20 19:15:17.941
Sensor: qwdqw
Valor: 19.80 0
════════════════════════════════════════
════════════════════════════════════════
Timestamp: 2025-02-20 19:15:15.810
Sensor: qwdqw
Valor: 39.96 0
════════════════════════════════════════
════════════════════════════════════════
Timestamp: 2025-02-20 19:15:13.718
Sensor: qwdqw
Valor: 25.43 0
════════════════════════════════════════
════════════════════════════════════════
Timestamp: 2025-02-20 19:15:11.753
Sensor: qwdqw
Valor: 33.70 0
════════════════════════════════════════
════════════════════════════════════════
Timestamp: 2025-02-20 19:15:09.776
Sensor: qwdqw
Valor: 22.01 0
════════════════════════════════════════
════════════════════════════════════════
Timestamp: 2025-02-20 19:15:07.726
Sensor: qwdqw
Valor: 20.61 0
════════════════════════════════════════
════════════════════════════════════════
Timestamp: 2025-02-20 19:15:05.694
Sensor: qwdqw
Valor: 22.69 0
════════════════════════════════════════
════════════════════════════════════════
Timestamp: 2025-02-20 19:15:03.665
Sensor: qwdqw
Valor: 49.40 0
════════════════════════════════════════
════════════════════════════════════════
Timestamp: 2025-02-20 19:15:01.639
Sensor: qwdqw
Valor: 36.00 0
════════════════════════════════════════
════════════════════════════════════════
Timestamp: 2025-02-20 19:14:59.608
Sensor: qwdqw
Valor: 38.22 0
════════════════════════════════════════
════════════════════════════════════════
Timestamp: 2025-02-20 19:14:57.596
Sensor: qwdqw
Valor: 45.97 0
════════════════════════════════════════
════════════════════════════════════════
Timestamp: 2025-02-20 19:14:55.607
Sensor: qwdqw
Valor: 44.14 0
════════════════════════════════════════
════════════════════════════════════════
Timestamp: 2025-02-20 19:14:53.572
Sensor: qwdqw
Valor: 48.12 0
════════════════════════════════════════
════════════════════════════════════════
Timestamp: 2025-02-20 19:14:51.654
Sensor: qwdqw
Valor: 35.62 0
════════════════════════════════════════
════════════════════════════════════════
Timestamp: 2025-02-20 19:14:49.486
Sensor: qwdqw
Valor: 49.04 0
════════════════════════════════════════
════════════════════════════════════════
Timestamp: 2025-02-20 19:14:47.546
Sensor: qwdqw
Valor: 43.83 0
════════════════════════════════════════
════════════════════════════════════════
Timestamp: 2025-02-20 19:14:45.463
Sensor: qwdqw
Valor: 42.44 0
════════════════════════════════════════
════════════════════════════════════════
Timestamp: 2025-02-20 19:14:43.609
Sensor: qwdqw
Valor: 28.61 0
════════════════════════════════════════
════════════════════════════════════════
Timestamp: 2025-02-20 19:14:41.403
Sensor: qwdqw
Valor: 47.51 0
════════════════════════════════════════
════════════════════════════════════════
Timestamp: 2025-02-20 19:14:39.401
Sensor: qwdqw
Valor: 19.83 0
════════════════════════════════════════
════════════════════════════════════════
Timestamp: 2025-02-20 19:14:37.398
Sensor: qwdqw
Valor: 25.76 0
════════════════════════════════════════
════════════════════════════════════════
Timestamp: 2025-02-20 19:14:35.307
Sensor: qwdqw
Valor: 20.72 0
════════════════════════════════════════
════════════════════════════════════════
Timestamp: 2025-02-20 19:14:33.330
Sensor: qwdqw
Valor: 26.06 0
════════════════════════════════════════
════════════════════════════════════════
Timestamp: 2025-02-20 19:14:31.273
Sensor: qwdqw
Valor: 29.32 0
════════════════════════════════════════
════════════════════════════════════════
Timestamp: 2025-02-20 19:14:29.312
Sensor: qwdqw
Valor: 25.54 0
════════════════════════════════════════
════════════════════════════════════════
Timestamp: 2025-02-20 19:14:27.255
Sensor: qwdqw
Valor: 33.03 0
════════════════════════════════════════
════════════════════════════════════════
Timestamp: 2025-02-20 19:14:25.187
Sensor: qwdqw
Valor: 40.04 0
════════════════════════════════════════
════════════════════════════════════════
Timestamp: 2025-02-20 19:14:23.184
Sensor: qwdqw
Valor: 34.05 0
════════════════════════════════════════
════════════════════════════════════════
Timestamp: 2025-02-20 19:14:21.238
Sensor: qwdqw
Valor: 23.17 0
════════════════════════════════════════
════════════════════════════════════════
Timestamp: 2025-02-20 19:14:19.099
Sensor: qwdqw
Valor: 31.52 0
════════════════════════════════════════
════════════════════════════════════════
Timestamp: 2025-02-20 19:14:17.095
Sensor: qwdqw
Valor: 48.93 0
════════════════════════════════════════
════════════════════════════════════════
Timestamp: 2025-02-20 19:14:15.078
Sensor: qwdqw
Valor: 23.95 0
════════════════════════════════════════
════════════════════════════════════════
Timestamp: 2025-02-20 19:14:13.063
Sensor: qwdqw
Valor: 40.36 0
════════════════════════════════════════
════════════════════════════════════════
Timestamp: 2025-02-20 19:14:11.008
Sensor: qwdqw
Valor: 19.81 0
════════════════════════════════════════
════════════════════════════════════════
Timestamp: 2025-02-20 19:14:09.008
Sensor: qwdqw
Valor: 33.30 0
════════════════════════════════════════
════════════════════════════════════════
Timestamp: 2025-02-20 19:14:07.013
Sensor: qwdqw
Valor: 25.32 0
════════════════════════════════════════
════════════════════════════════════════
Timestamp: 2025-02-20 19:14:04.962
Sensor: qwdqw
Valor: 42.76 0
════════════════════════════════════════
════════════════════════════════════════
Timestamp: 2025-02-20 19:14:03.264
Sensor: qwdqw
Valor: 23.45 0
════════════════════════════════════════
════════════════════════════════════════
Timestamp: 2025-02-20 19:14:00.996
Sensor: qwdqw
Valor: 21.02 0
════════════════════════════════════════
════════════════════════════════════════
Timestamp: 2025-02-20 19:13:59.256
Sensor: qwdqw
Valor: 35.61 0
════════════════════════════════════════
════════════════════════════════════════
Timestamp: 2025-02-20 19:13:57.053
Sensor: qwdqw
Valor: 46.10 0
════════════════════════════════════════
════════════════════════════════════════
Timestamp: 2025-02-20 19:13:54.843
Sensor: qwdqw
Valor: 45.77 0
════════════════════════════════════════
════════════════════════════════════════
Timestamp: 2025-02-20 19:13:52.814
Sensor: qwdqw
Valor: 41.18 0
════════════════════════════════════════
════════════════════════════════════════
Timestamp: 2025-02-20 19:13:51.005
Sensor: qwdqw
Valor: 29.64 0
════════════════════════════════════════
════════════════════════════════════════
Timestamp: 2025-02-20 19:13:48.806
Sensor: qwdqw
Valor: 34.68 0
════════════════════════════════════════
════════════════════════════════════════
Timestamp: 2025-02-20 19:13:46.783
Sensor: qwdqw
Valor: 25.89 0
════════════════════════════════════════
════════════════════════════════════════
Timestamp: 2025-02-20 19:13:44.922
Sensor: qwdqw
Valor: 19.49 0
════════════════════════════════════════
════════════════════════════════════════
Timestamp: 2025-02-20 19:13:42.959
Sensor: qwdqw
Valor: 32.79 0
════════════════════════════════════════
════════════════════════════════════════
Timestamp: 2025-02-20 19:13:40.768
Sensor: qwdqw
Valor: 49.43 0
════════════════════════════════════════
════════════════════════════════════════
Timestamp: 2025-02-20 19:13:38.912
Sensor: qwdqw
Valor: 39.36 0
════════════════════════════════════════
════════════════════════════════════════
Timestamp: 2025-02-20 19:13:36.651
Sensor: qwdqw
Valor: 20.98 0
════════════════════════════════════════
════════════════════════════════════════
Timestamp: 2025-02-20 19:13:34.787
Sensor: qwdqw
Valor: 44.83 0
════════════════════════════════════════
════════════════════════════════════════
Timestamp: 2025-02-20 19:13:32.776
Sensor: qwdqw
Valor: 20.21 0
════════════════════════════════════════
════════════════════════════════════════
Timestamp: 2025-02-20 19:13:30.626
Sensor: qwdqw
Valor: 42.30 0
════════════════════════════════════════
════════════════════════════════════════
Timestamp: 2025-02-20 19:13:28.815
Sensor: qwdqw
Valor: 38.41 0
════════════════════════════════════════
════════════════════════════════════════
Timestamp: 2025-02-20 19:13:26.556
Sensor: qwdqw
Valor: 21.32 0
════════════════════════════════════════
════════════════════════════════════════
Timestamp: 2025-02-20 19:13:24.493
Sensor: qwdqw
Valor: 49.46 0
════════════════════════════════════════
════════════════════════════════════════
Timestamp: 2025-02-20 19:13:22.685
Sensor: qwdqw
Valor: 30.14 0
════════════════════════════════════════
════════════════════════════════════════
Timestamp: 2025-02-20 19:13:20.536
Sensor: qwdqw
Valor: 32.73 0
════════════════════════════════════════
════════════════════════════════════════
Timestamp: 2025-02-20 19:13:18.519
Sensor: qwdqw
Valor: 49.91 0
════════════════════════════════════════
════════════════════════════════════════
Timestamp: 2025-02-20 19:13:16.523
Sensor: qwdqw
Valor: 35.40 0
════════════════════════════════════════
════════════════════════════════════════
Timestamp: 2025-02-20 19:13:14.444
Sensor: qwdqw
Valor: 31.19 0
════════════════════════════════════════
════════════════════════════════════════
Timestamp: 2025-02-20 19:13:12.435
Sensor: qwdqw
Valor: 26.23 0
════════════════════════════════════════
════════════════════════════════════════
Timestamp: 2025-02-20 19:13:10.319
Sensor: qwdqw
Valor: 35.09 0
════════════════════════════════════════
════════════════════════════════════════
Timestamp: 2025-02-20 19:13:08.368
Sensor: qwdqw
Valor: 47.26 0
════════════════════════════════════════
════════════════════════════════════════
Timestamp: 2025-02-20 19:13:06.288
Sensor: qwdqw
Valor: 32.97 0
════════════════════════════════════════
════════════════════════════════════════
Timestamp: 2025-02-20 19:13:04.239
Sensor: qwdqw
Valor: 28.78 0
════════════════════════════════════════
════════════════════════════════════════
Timestamp: 2025-02-20 19:13:02.225
Sensor: qwdqw
Valor: 21.43 0
════════════════════════════════════════
════════════════════════════════════════
Timestamp: 2025-02-20 19:13:00.219
Sensor: qwdqw
Valor: 28.29 0
════════════════════════════════════════
════════════════════════════════════════
Timestamp: 2025-02-20 19:12:58.229
Sensor: qwdqw
Valor: 37.55 0
════════════════════════════════════════
════════════════════════════════════════
Timestamp: 2025-02-20 19:12:56.138
Sensor: qwdqw
Valor: 41.57 0
════════════════════════════════════════
════════════════════════════════════════
Timestamp: 2025-02-20 19:12:54.106
Sensor: qwdqw
Valor: 27.88 0
════════════════════════════════════════
════════════════════════════════════════
Timestamp: 2025-02-20 19:12:52.148
Sensor: qwdqw
Valor: 34.39 0
════════════════════════════════════════
════════════════════════════════════════
Timestamp: 2025-02-20 19:12:50.129
Sensor: qwdqw
Valor: 47.51 0
════════════════════════════════════════
════════════════════════════════════════
Timestamp: 2025-02-20 19:12:48.096
Sensor: qwdqw
Valor: 21.38 0
════════════════════════════════════════
════════════════════════════════════════
Timestamp: 2025-02-20 19:12:46.045
Sensor: qwdqw
Valor: 36.99 0
════════════════════════════════════════
════════════════════════════════════════
Timestamp: 2025-02-20 19:12:44.021
Sensor: qwdqw
Valor: 30.28 0
════════════════════════════════════════
════════════════════════════════════════
Timestamp: 2025-02-20 19:12:42.013
Sensor: qwdqw
Valor: 28.06 0
════════════════════════════════════════
════════════════════════════════════════
Timestamp: 2025-02-20 19:12:40.059
Sensor: qwdqw
Valor: 24.55 0
════════════════════════════════════════
════════════════════════════════════════
Timestamp: 2025-02-20 19:12:37.984
Sensor: qwdqw
Valor: 27.38 0
════════════════════════════════════════
════════════════════════════════════════
Timestamp: 2025-02-20 19:12:36.095
Sensor: qwdqw
Valor: 37.33 0
════════════════════════════════════════
════════════════════════════════════════
Timestamp: 2025-02-20 19:12:33.915
Sensor: qwdqw
Valor: 26.67 0
════════════════════════════════════════
════════════════════════════════════════
Timestamp: 2025-02-20 19:12:31.945
Sensor: qwdqw
Valor: 40.57 0
════════════════════════════════════════
════════════════════════════════════════
Timestamp: 2025-02-20 19:12:29.994
Sensor: qwdqw
Valor: 37.46 0
════════════════════════════════════════
════════════════════════════════════════
Timestamp: 2025-02-20 19:12:27.863
Sensor: qwdqw
Valor: 35.34 0
════════════════════════════════════════
════════════════════════════════════════
Timestamp: 2025-02-20 19:12:25.841
Sensor: qwdqw
Valor: 41.67 0
════════════════════════════════════════
════════════════════════════════════════
Timestamp: 2025-02-20 19:12:23.865
Sensor: qwdqw
Valor: 28.33 0
════════════════════════════════════════
════════════════════════════════════════
Timestamp: 2025-02-20 19:12:21.932
Sensor: qwdqw
Valor: 29.93 0
════════════════════════════════════════
════════════════════════════════════════
Timestamp: 2025-02-20 19:12:19.798
Sensor: qwdqw
Valor: 32.52 0
════════════════════════════════════════
════════════════════════════════════════
Timestamp: 2025-02-20 19:12:17.772
Sensor: qwdqw
Valor: 49.18 0
════════════════════════════════════════
════════════════════════════════════════
Timestamp: 2025-02-20 19:12:15.763
Sensor: qwdqw
Valor: 25.98 0
════════════════════════════════════════
════════════════════════════════════════
Timestamp: 2025-02-20 19:12:13.832
Sensor: qwdqw
Valor: 29.48 0
════════════════════════════════════════
════════════════════════════════════════
Timestamp: 2025-02-20 19:12:11.733
Sensor: qwdqw
Valor: 26.96 0
════════════════════════════════════════
════════════════════════════════════════
Timestamp: 2025-02-20 19:12:09.741
Sensor: qwdqw
Valor: 36.82 0
════════════════════════════════════════
════════════════════════════════════════
Timestamp: 2025-02-20 19:12:07.762
Sensor: qwdqw
Valor: 33.31 0
════════════════════════════════════════
════════════════════════════════════════
Timestamp: 2025-02-20 19:12:05.682
Sensor: qwdqw
Valor: 37.70 0
════════════════════════════════════════
════════════════════════════════════════
Timestamp: 2025-02-20 19:12:03.725
Sensor: qwdqw
Valor: 22.54 0
════════════════════════════════════════
════════════════════════════════════════
Timestamp: 2025-02-20 19:12:01.792
Sensor: qwdqw
Valor: 20.55 0
════════════════════════════════════════
════════════════════════════════════════
Timestamp: 2025-02-20 19:11:59.558
Sensor: qwdqw
Valor: 23.68 0
════════════════════════════════════════
════════════════════════════════════════
Timestamp: 2025-02-20 19:11:57.602
Sensor: qwdqw
Valor: 41.44 0
════════════════════════════════════════
════════════════════════════════════════
Timestamp: 2025-02-20 19:11:55.648
Sensor: qwdqw
Valor: 27.52 0
════════════════════════════════════════
════════════════════════════════════════
Timestamp: 2025-02-20 19:11:53.612
Sensor: qwdqw
Valor: 31.76 0
════════════════════════════════════════
════════════════════════════════════════
Timestamp: 2025-02-20 19:11:51.513
Sensor: qwdqw
Valor: 40.33 0
════════════════════════════════════════
════════════════════════════════════════
Timestamp: 2025-02-20 19:11:49.505
Sensor: qwdqw
Valor: 34.34 0
════════════════════════════════════════
════════════════════════════════════════
Timestamp: 2025-02-20 19:11:47.571
Sensor: qwdqw
Valor: 49.30 0
════════════════════════════════════════
════════════════════════════════════════
Timestamp: 2025-02-20 19:11:45.449
Sensor: qwdqw
Valor: 40.40 0
════════════════════════════════════════
════════════════════════════════════════
Timestamp: 2025-02-20 19:11:43.451
Sensor: qwdqw
Valor: 23.63 0
════════════════════════════════════════
════════════════════════════════════════
Timestamp: 2025-02-20 19:11:41.483
Sensor: qwdqw
Valor: 43.73 0
════════════════════════════════════════
════════════════════════════════════════
Timestamp: 2025-02-20 19:11:39.410
Sensor: qwdqw
Valor: 19.82 0
════════════════════════════════════════
════════════════════════════════════════
Timestamp: 2025-02-20 19:11:37.375
Sensor: qwdqw
Valor: 43.21 0
════════════════════════════════════════
════════════════════════════════════════
Timestamp: 2025-02-20 19:11:35.369
Sensor: qwdqw
Valor: 26.65 0
════════════════════════════════════════
════════════════════════════════════════
Timestamp: 2025-02-20 19:11:33.294
Sensor: qwdqw
Valor: 41.48 0
════════════════════════════════════════
════════════════════════════════════════
Timestamp: 2025-02-20 19:11:31.461
Sensor: qwdqw
Valor: 43.77 0
════════════════════════════════════════
════════════════════════════════════════
Timestamp: 2025-02-20 19:11:29.233
Sensor: qwdqw
Valor: 46.31 0
════════════════════════════════════════
════════════════════════════════════════
Timestamp: 2025-02-20 19:11:27.383
Sensor: qwdqw
Valor: 25.49 0
════════════════════════════════════════
════════════════════════════════════════
Timestamp: 2025-02-20 19:11:25.315
Sensor: qwdqw
Valor: 29.41 0
════════════════════════════════════════
════════════════════════════════════════
Timestamp: 2025-02-20 19:11:23.498
Sensor: qwdqw
Valor: 38.81 0
════════════════════════════════════════
════════════════════════════════════════
Timestamp: 2025-02-20 19:11:21.171
Sensor: qwdqw
Valor: 40.95 0
════════════════════════════════════════
════════════════════════════════════════
Timestamp: 2025-02-20 19:11:19.157
Sensor: qwdqw
Valor: 27.33 0
════════════════════════════════════════
════════════════════════════════════════
Timestamp: 2025-02-20 19:11:17.120
Sensor: qwdqw
Valor: 32.54 0
════════════════════════════════════════
════════════════════════════════════════
Timestamp: 2025-02-20 19:11:15.194
Sensor: qwdqw
Valor: 22.78 0
════════════════════════════════════════
════════════════════════════════════════
Timestamp: 2025-02-20 19:11:13.128
Sensor: qwdqw
Valor: 47.23 0
════════════════════════════════════════
════════════════════════════════════════
Timestamp: 2025-02-20 19:11:11.079
Sensor: qwdqw
Valor: 39.79 0
════════════════════════════════════════
════════════════════════════════════════
Timestamp: 2025-02-20 19:11:09.100
Sensor: qwdqw
Valor: 33.53 0
════════════════════════════════════════
════════════════════════════════════════
Timestamp: 2025-02-20 19:11:07.131
Sensor: qwdqw
Valor: 24.00 0
════════════════════════════════════════
════════════════════════════════════════
Timestamp: 2025-02-20 19:11:05.073
Sensor: qwdqw
Valor: 36.60 0
════════════════════════════════════════
════════════════════════════════════════
Timestamp: 2025-02-20 19:11:03.192
Sensor: qwdqw
Valor: 20.31 0
════════════════════════════════════════
════════════════════════════════════════
Timestamp: 2025-02-20 19:11:01.029
Sensor: qwdqw
Valor: 29.06 0
════════════════════════════════════════
════════════════════════════════════════
Timestamp: 2025-02-20 19:10:58.968
Sensor: qwdqw
Valor: 47.39 0
════════════════════════════════════════
════════════════════════════════════════
Timestamp: 2025-02-20 19:10:57.006
Sensor: qwdqw
Valor: 36.85 0
════════════════════════════════════════
════════════════════════════════════════
Timestamp: 2025-02-20 19:10:54.989
Sensor: qwdqw
Valor: 36.01 0
════════════════════════════════════════
════════════════════════════════════════
Timestamp: 2025-02-20 19:10:52.780
Sensor: qwdqw
Valor: 42.03 0
════════════════════════════════════════
