════════════════════════════════════════
Último mensaje recibido hace: 30,1 segundos
[2025-05-12 20:03:30.352] FIN DE RECEPCIÓN DE DATOS
════════════════════════════════════════
════════════════════════════════════════
Timestamp: 2025-05-12 20:03:00.204
Sensor: Sensor2
Factor de conversión: 100
Valor convertido: 1 2
Valor original: 142,98
════════════════════════════════════════
════════════════════════════════════════
Timestamp: 2025-05-12 20:02:58.195
Sensor: Sensor2
Factor de conversión: 100
Valor convertido: 8 2
Valor original: 833,73
════════════════════════════════════════
════════════════════════════════════════
Timestamp: 2025-05-12 20:02:56.213
Sensor: Sensor2
Factor de conversión: 100
Valor convertido: 10 2
Valor original: 953,66
════════════════════════════════════════
════════════════════════════════════════
Timestamp: 2025-05-12 20:02:54.177
Sensor: Sensor2
Factor de conversión: 100
Valor convertido: 10 2
Valor original: 977,1
════════════════════════════════════════
════════════════════════════════════════
Timestamp: 2025-05-12 20:02:52.155
Sensor: Sensor2
Factor de conversión: 100
Valor convertido: 6 2
Valor original: 624,93
════════════════════════════════════════
════════════════════════════════════════
Timestamp: 2025-05-12 20:02:50.147
Sensor: Sensor2
Factor de conversión: 100
Valor convertido: 9 2
Valor original: 930,45
════════════════════════════════════════
════════════════════════════════════════
Timestamp: 2025-05-12 20:02:48.170
Sensor: Sensor2
Factor de conversión: 100
Valor convertido: 2 2
Valor original: 166,61
════════════════════════════════════════
════════════════════════════════════════
Timestamp: 2025-05-12 20:02:46.150
Sensor: Sensor2
Factor de conversión: 100
Valor convertido: 6 2
Valor original: 577,92
════════════════════════════════════════
════════════════════════════════════════
Timestamp: 2025-05-12 20:02:44.113
Sensor: Sensor2
Factor de conversión: 100
Valor convertido: 7 2
Valor original: 689,47
════════════════════════════════════════
════════════════════════════════════════
Timestamp: 2025-05-12 20:02:42.103
Sensor: Sensor2
Factor de conversión: 100
Valor convertido: 6 2
Valor original: 612,17
════════════════════════════════════════
════════════════════════════════════════
Timestamp: 2025-05-12 20:02:40.090
Sensor: Sensor2
Factor de conversión: 100
Valor convertido: 1 2
Valor original: 125,48
════════════════════════════════════════
════════════════════════════════════════
Timestamp: 2025-05-12 20:02:38.099
Sensor: Sensor2
Factor de conversión: 100
Valor convertido: 4 2
Valor original: 414,24
════════════════════════════════════════
════════════════════════════════════════
Timestamp: 2025-05-12 20:02:36.133
Sensor: Sensor2
Factor de conversión: 100
Valor convertido: 6 2
Valor original: 563,33
════════════════════════════════════════
════════════════════════════════════════
Timestamp: 2025-05-12 20:02:34.091
Sensor: Sensor2
Factor de conversión: 100
Valor convertido: 5 2
Valor original: 502,32
════════════════════════════════════════
════════════════════════════════════════
Timestamp: 2025-05-12 20:02:32.048
Sensor: Sensor2
Factor de conversión: 100
Valor convertido: 6 2
Valor original: 586,64
════════════════════════════════════════
════════════════════════════════════════
Timestamp: 2025-05-12 20:02:30.048
Sensor: Sensor2
Factor de conversión: 100
Valor convertido: 9 2
Valor original: 898,72
════════════════════════════════════════
════════════════════════════════════════
Timestamp: 2025-05-12 20:02:28.024
Sensor: Sensor2
Factor de conversión: 100
Valor convertido: 5 2
Valor original: 507,83
════════════════════════════════════════
════════════════════════════════════════
Timestamp: 2025-05-12 20:02:26.016
Sensor: Sensor2
Factor de conversión: 100
Valor convertido: 7 2
Valor original: 654,86
════════════════════════════════════════
════════════════════════════════════════
Timestamp: 2025-05-12 20:02:24.001
Sensor: Sensor2
Factor de conversión: 100
Valor convertido: 5 2
Valor original: 486,07
════════════════════════════════════════
════════════════════════════════════════
Timestamp: 2025-05-12 20:02:21.989
Sensor: Sensor2
Factor de conversión: 100
Valor convertido: 7 2
Valor original: 687,9
════════════════════════════════════════
════════════════════════════════════════
Timestamp: 2025-05-12 20:02:19.984
Sensor: Sensor2
Factor de conversión: 100
Valor convertido: 9 2
Valor original: 920,92
════════════════════════════════════════
════════════════════════════════════════
Timestamp: 2025-05-12 20:02:17.979
Sensor: Sensor2
Factor de conversión: 100
Valor convertido: 3 2
Valor original: 307,88
════════════════════════════════════════
════════════════════════════════════════
Timestamp: 2025-05-12 20:02:15.964
Sensor: Sensor2
Factor de conversión: 100
Valor convertido: 1 2
Valor original: 133,62
════════════════════════════════════════
════════════════════════════════════════
Timestamp: 2025-05-12 20:02:13.965
Sensor: Sensor2
Factor de conversión: 100
Valor convertido: 5 2
Valor original: 535,31
════════════════════════════════════════
════════════════════════════════════════
Timestamp: 2025-05-12 20:02:11.951
Sensor: Sensor2
Factor de conversión: 100
Valor convertido: 8 2
Valor original: 802,47
════════════════════════════════════════
════════════════════════════════════════
Timestamp: 2025-05-12 20:02:09.912
Sensor: Sensor2
Factor de conversión: 100
Valor convertido: 1 2
Valor original: 56,03
════════════════════════════════════════
════════════════════════════════════════
Timestamp: 2025-05-12 20:02:07.902
Sensor: Sensor2
Factor de conversión: 100
Valor convertido: 1 2
Valor original: 102,06
════════════════════════════════════════
════════════════════════════════════════
Timestamp: 2025-05-12 20:02:05.889
Sensor: Sensor2
Factor de conversión: 100
Valor convertido: 6 2
Valor original: 591,52
════════════════════════════════════════
════════════════════════════════════════
Timestamp: 2025-05-12 20:02:03.882
Sensor: Sensor2
Factor de conversión: 100
Valor convertido: 6 2
Valor original: 627,43
════════════════════════════════════════
════════════════════════════════════════
Timestamp: 2025-05-12 20:02:01.867
Sensor: Sensor2
Factor de conversión: 100
Valor convertido: 9 2
Valor original: 911,67
════════════════════════════════════════
════════════════════════════════════════
Timestamp: 2025-05-12 20:01:59.854
Sensor: Sensor2
Factor de conversión: 100
Valor convertido: 5 2
Valor original: 529,97
════════════════════════════════════════
════════════════════════════════════════
Timestamp: 2025-05-12 20:01:57.839
Sensor: Sensor2
Factor de conversión: 100
Valor convertido: 4 2
Valor original: 390,77
════════════════════════════════════════
════════════════════════════════════════
Timestamp: 2025-05-12 20:01:55.832
Sensor: Sensor2
Factor de conversión: 100
Valor convertido: 8 2
Valor original: 791,24
════════════════════════════════════════
════════════════════════════════════════
Timestamp: 2025-05-12 20:01:53.824
Sensor: Sensor2
Factor de conversión: 100
Valor convertido: 8 2
Valor original: 833,93
════════════════════════════════════════
════════════════════════════════════════
Timestamp: 2025-05-12 20:01:51.815
Sensor: Sensor2
Factor de conversión: 100
Valor convertido: 1 2
Valor original: 57,92
════════════════════════════════════════
════════════════════════════════════════
Timestamp: 2025-05-12 20:01:49.812
Sensor: Sensor2
Factor de conversión: 100
Valor convertido: 3 2
Valor original: 342,49
════════════════════════════════════════
════════════════════════════════════════
Timestamp: 2025-05-12 20:01:47.788
Sensor: Sensor2
Factor de conversión: 100
Valor convertido: 7 2
Valor original: 699,34
════════════════════════════════════════
════════════════════════════════════════
Timestamp: 2025-05-12 20:01:45.776
Sensor: Sensor2
Factor de conversión: 100
Valor convertido: 6 2
Valor original: 570,13
════════════════════════════════════════
════════════════════════════════════════
Timestamp: 2025-05-12 20:01:43.764
Sensor: Sensor2
Factor de conversión: 100
Valor convertido: 4 2
Valor original: 357,05
════════════════════════════════════════
════════════════════════════════════════
Timestamp: 2025-05-12 20:01:41.774
Sensor: Sensor2
Factor de conversión: 100
Valor convertido: 9 2
Valor original: 871,84
════════════════════════════════════════
════════════════════════════════════════
Timestamp: 2025-05-12 20:01:39.756
Sensor: Sensor2
Factor de conversión: 100
Valor convertido: 0 2
Valor original: 33,85
════════════════════════════════════════
════════════════════════════════════════
Timestamp: 2025-05-12 20:01:37.774
Sensor: Sensor2
Factor de conversión: 1
Valor convertido: 45 2
Valor original: 450,37
════════════════════════════════════════
════════════════════════════════════════
Timestamp: 2025-05-12 20:01:35.731
Sensor: Sensor2
Factor de conversión: 1
Valor convertido: 19,1 2
Valor original: 190,85
════════════════════════════════════════
════════════════════════════════════════
Timestamp: 2025-05-12 20:01:33.724
Sensor: Sensor2
Factor de conversión: 1
Valor convertido: 57,4 2
Valor original: 573,72
════════════════════════════════════════
════════════════════════════════════════
Timestamp: 2025-05-12 20:01:31.729
Sensor: Sensor2
Factor de conversión: 1
Valor convertido: 41,9 2
Valor original: 418,92
════════════════════════════════════════
════════════════════════════════════════
Timestamp: 2025-05-12 20:01:29.720
Sensor: Sensor2
Factor de conversión: 1
Valor convertido: 80,11 2
Valor original: 80,11
════════════════════════════════════════
════════════════════════════════════════
[2025-05-12 20:01:29.720] INICIO DE RECEPCIÓN DE DATOS
════════════════════════════════════════
